2018-12-22 12:14:28,564 - root - DEBUG - num_epoch=20
2018-12-22 12:14:37,448 - root - INFO - Epoch[0] Train-accuracy=0.099000
2018-12-22 12:14:37,448 - root - INFO - Epoch[0] Train-cross-entropy=2.302725
2018-12-22 12:14:37,448 - root - INFO - Epoch[0] Train-mse=27.594841
2018-12-22 12:14:37,448 - root - INFO - Epoch[0] Time cost=1.240
2018-12-22 12:14:37,917 - root - INFO - Epoch[0] Validation-accuracy=0.100000
2018-12-22 12:14:37,917 - root - INFO - Epoch[0] Validation-cross-entropy=2.302788
2018-12-22 12:14:37,917 - root - INFO - Epoch[0] Validation-mse=27.610004
2018-12-22 12:14:38,699 - root - INFO - Epoch[1] Train-accuracy=0.100200
2018-12-22 12:14:38,699 - root - INFO - Epoch[1] Train-cross-entropy=2.302557
2018-12-22 12:14:38,699 - root - INFO - Epoch[1] Train-mse=27.594845
2018-12-22 12:14:38,699 - root - INFO - Epoch[1] Time cost=0.782
2018-12-22 12:14:39,068 - root - INFO - Epoch[1] Validation-accuracy=0.100000
2018-12-22 12:14:39,068 - root - INFO - Epoch[1] Validation-cross-entropy=2.302953
2018-12-22 12:14:39,068 - root - INFO - Epoch[1] Validation-mse=27.610008
2018-12-22 12:14:39,854 - root - INFO - Epoch[2] Train-accuracy=0.101100
2018-12-22 12:14:39,854 - root - INFO - Epoch[2] Train-cross-entropy=2.302527
2018-12-22 12:14:39,854 - root - INFO - Epoch[2] Train-mse=27.594847
2018-12-22 12:14:39,854 - root - INFO - Epoch[2] Time cost=0.786
2018-12-22 12:14:40,217 - root - INFO - Epoch[2] Validation-accuracy=0.100000
2018-12-22 12:14:40,217 - root - INFO - Epoch[2] Validation-cross-entropy=2.302984
2018-12-22 12:14:40,217 - root - INFO - Epoch[2] Validation-mse=27.610009
2018-12-22 12:14:40,997 - root - INFO - Epoch[3] Train-accuracy=0.101200
2018-12-22 12:14:40,998 - root - INFO - Epoch[3] Train-cross-entropy=2.302454
2018-12-22 12:14:40,998 - root - INFO - Epoch[3] Train-mse=27.594848
2018-12-22 12:14:40,998 - root - INFO - Epoch[3] Time cost=0.781
2018-12-22 12:14:41,375 - root - INFO - Epoch[3] Validation-accuracy=0.100000
2018-12-22 12:14:41,376 - root - INFO - Epoch[3] Validation-cross-entropy=2.302874
2018-12-22 12:14:41,376 - root - INFO - Epoch[3] Validation-mse=27.610010
2018-12-22 12:14:42,163 - root - INFO - Epoch[4] Train-accuracy=0.106700
2018-12-22 12:14:42,163 - root - INFO - Epoch[4] Train-cross-entropy=2.302117
2018-12-22 12:14:42,163 - root - INFO - Epoch[4] Train-mse=27.594848
2018-12-22 12:14:42,163 - root - INFO - Epoch[4] Time cost=0.787
2018-12-22 12:14:42,540 - root - INFO - Epoch[4] Validation-accuracy=0.142500
2018-12-22 12:14:42,540 - root - INFO - Epoch[4] Validation-cross-entropy=2.302112
2018-12-22 12:14:42,540 - root - INFO - Epoch[4] Validation-mse=27.610010
2018-12-22 12:14:42,541 - root - INFO - Update[501]: Change learning rate to 9.00000e-03
2018-12-22 12:14:43,328 - root - INFO - Epoch[5] Train-accuracy=0.112600
2018-12-22 12:14:43,329 - root - INFO - Epoch[5] Train-cross-entropy=2.299074
2018-12-22 12:14:43,329 - root - INFO - Epoch[5] Train-mse=27.594855
2018-12-22 12:14:43,329 - root - INFO - Epoch[5] Time cost=0.788
2018-12-22 12:14:43,714 - root - INFO - Epoch[5] Validation-accuracy=0.123200
2018-12-22 12:14:43,714 - root - INFO - Epoch[5] Validation-cross-entropy=2.293896
2018-12-22 12:14:43,714 - root - INFO - Epoch[5] Validation-mse=27.610058
2018-12-22 12:14:44,495 - root - INFO - Epoch[6] Train-accuracy=0.137200
2018-12-22 12:14:44,495 - root - INFO - Epoch[6] Train-cross-entropy=2.242108
2018-12-22 12:14:44,495 - root - INFO - Epoch[6] Train-mse=27.595484
2018-12-22 12:14:44,495 - root - INFO - Epoch[6] Time cost=0.781
2018-12-22 12:14:44,878 - root - INFO - Epoch[6] Validation-accuracy=0.187000
2018-12-22 12:14:44,878 - root - INFO - Epoch[6] Validation-cross-entropy=2.125976
2018-12-22 12:14:44,879 - root - INFO - Epoch[6] Validation-mse=27.615826
2018-12-22 12:14:45,658 - root - INFO - Epoch[7] Train-accuracy=0.215400
2018-12-22 12:14:45,658 - root - INFO - Epoch[7] Train-cross-entropy=2.071842
2018-12-22 12:14:45,658 - root - INFO - Epoch[7] Train-mse=27.599564
2018-12-22 12:14:45,658 - root - INFO - Epoch[7] Time cost=0.780
2018-12-22 12:14:46,034 - root - INFO - Epoch[7] Validation-accuracy=0.236100
2018-12-22 12:14:46,034 - root - INFO - Epoch[7] Validation-cross-entropy=2.046706
2018-12-22 12:14:46,034 - root - INFO - Epoch[7] Validation-mse=27.614582
2018-12-22 12:14:46,815 - root - INFO - Epoch[8] Train-accuracy=0.244700
2018-12-22 12:14:46,815 - root - INFO - Epoch[8] Train-cross-entropy=2.024217
2018-12-22 12:14:46,815 - root - INFO - Epoch[8] Train-mse=27.600307
2018-12-22 12:14:46,815 - root - INFO - Epoch[8] Time cost=0.781
2018-12-22 12:14:47,188 - root - INFO - Epoch[8] Validation-accuracy=0.270100
2018-12-22 12:14:47,188 - root - INFO - Epoch[8] Validation-cross-entropy=2.004762
2018-12-22 12:14:47,188 - root - INFO - Epoch[8] Validation-mse=27.615471
2018-12-22 12:14:47,970 - root - INFO - Epoch[9] Train-accuracy=0.272900
2018-12-22 12:14:47,970 - root - INFO - Epoch[9] Train-cross-entropy=1.972962
2018-12-22 12:14:47,971 - root - INFO - Epoch[9] Train-mse=27.601337
2018-12-22 12:14:47,971 - root - INFO - Epoch[9] Time cost=0.782
2018-12-22 12:14:48,346 - root - INFO - Epoch[9] Validation-accuracy=0.298400
2018-12-22 12:14:48,346 - root - INFO - Epoch[9] Validation-cross-entropy=1.932988
2018-12-22 12:14:48,346 - root - INFO - Epoch[9] Validation-mse=27.616955
2018-12-22 12:14:48,347 - root - INFO - Update[1001]: Change learning rate to 8.10000e-03
2018-12-22 12:14:49,138 - root - INFO - Epoch[10] Train-accuracy=0.303700
2018-12-22 12:14:49,138 - root - INFO - Epoch[10] Train-cross-entropy=1.896255
2018-12-22 12:14:49,138 - root - INFO - Epoch[10] Train-mse=27.603149
2018-12-22 12:14:49,138 - root - INFO - Epoch[10] Time cost=0.792
2018-12-22 12:14:49,511 - root - INFO - Epoch[10] Validation-accuracy=0.338300
2018-12-22 12:14:49,511 - root - INFO - Epoch[10] Validation-cross-entropy=1.840369
2018-12-22 12:14:49,511 - root - INFO - Epoch[10] Validation-mse=27.619085
2018-12-22 12:14:50,297 - root - INFO - Epoch[11] Train-accuracy=0.350900
2018-12-22 12:14:50,297 - root - INFO - Epoch[11] Train-cross-entropy=1.791544
2018-12-22 12:14:50,298 - root - INFO - Epoch[11] Train-mse=27.605567
2018-12-22 12:14:50,298 - root - INFO - Epoch[11] Time cost=0.786
2018-12-22 12:14:50,669 - root - INFO - Epoch[11] Validation-accuracy=0.373200
2018-12-22 12:14:50,669 - root - INFO - Epoch[11] Validation-cross-entropy=1.731009
2018-12-22 12:14:50,669 - root - INFO - Epoch[11] Validation-mse=27.621955
2018-12-22 12:14:51,455 - root - INFO - Epoch[12] Train-accuracy=0.377400
2018-12-22 12:14:51,455 - root - INFO - Epoch[12] Train-cross-entropy=1.711432
2018-12-22 12:14:51,455 - root - INFO - Epoch[12] Train-mse=27.608042
2018-12-22 12:14:51,455 - root - INFO - Epoch[12] Time cost=0.786
2018-12-22 12:14:51,828 - root - INFO - Epoch[12] Validation-accuracy=0.391000
2018-12-22 12:14:51,828 - root - INFO - Epoch[12] Validation-cross-entropy=1.672035
2018-12-22 12:14:51,829 - root - INFO - Epoch[12] Validation-mse=27.624814
2018-12-22 12:14:52,612 - root - INFO - Epoch[13] Train-accuracy=0.400500
2018-12-22 12:14:52,612 - root - INFO - Epoch[13] Train-cross-entropy=1.657996
2018-12-22 12:14:52,612 - root - INFO - Epoch[13] Train-mse=27.609887
2018-12-22 12:14:52,612 - root - INFO - Epoch[13] Time cost=0.783
2018-12-22 12:14:52,983 - root - INFO - Epoch[13] Validation-accuracy=0.404500
2018-12-22 12:14:52,983 - root - INFO - Epoch[13] Validation-cross-entropy=1.636720
2018-12-22 12:14:52,983 - root - INFO - Epoch[13] Validation-mse=27.626653
2018-12-22 12:14:53,768 - root - INFO - Epoch[14] Train-accuracy=0.418700
2018-12-22 12:14:53,768 - root - INFO - Epoch[14] Train-cross-entropy=1.609503
2018-12-22 12:14:53,768 - root - INFO - Epoch[14] Train-mse=27.611440
2018-12-22 12:14:53,768 - root - INFO - Epoch[14] Time cost=0.785
2018-12-22 12:14:54,144 - root - INFO - Epoch[14] Validation-accuracy=0.415300
2018-12-22 12:14:54,144 - root - INFO - Epoch[14] Validation-cross-entropy=1.603246
2018-12-22 12:14:54,144 - root - INFO - Epoch[14] Validation-mse=27.627930
2018-12-22 12:14:54,144 - root - INFO - Update[1501]: Change learning rate to 7.29000e-03
2018-12-22 12:14:54,934 - root - INFO - Epoch[15] Train-accuracy=0.436900
2018-12-22 12:14:54,934 - root - INFO - Epoch[15] Train-cross-entropy=1.566888
2018-12-22 12:14:54,934 - root - INFO - Epoch[15] Train-mse=27.612804
2018-12-22 12:14:54,934 - root - INFO - Epoch[15] Time cost=0.791
2018-12-22 12:14:55,310 - root - INFO - Epoch[15] Validation-accuracy=0.428800
2018-12-22 12:14:55,311 - root - INFO - Epoch[15] Validation-cross-entropy=1.576152
2018-12-22 12:14:55,311 - root - INFO - Epoch[15] Validation-mse=27.628801
2018-12-22 12:14:56,093 - root - INFO - Epoch[16] Train-accuracy=0.448500
2018-12-22 12:14:56,094 - root - INFO - Epoch[16] Train-cross-entropy=1.528575
2018-12-22 12:14:56,094 - root - INFO - Epoch[16] Train-mse=27.614097
2018-12-22 12:14:56,094 - root - INFO - Epoch[16] Time cost=0.783
2018-12-22 12:14:56,471 - root - INFO - Epoch[16] Validation-accuracy=0.438400
2018-12-22 12:14:56,471 - root - INFO - Epoch[16] Validation-cross-entropy=1.549539
2018-12-22 12:14:56,471 - root - INFO - Epoch[16] Validation-mse=27.630283
2018-12-22 12:14:57,256 - root - INFO - Epoch[17] Train-accuracy=0.463400
2018-12-22 12:14:57,256 - root - INFO - Epoch[17] Train-cross-entropy=1.490608
2018-12-22 12:14:57,256 - root - INFO - Epoch[17] Train-mse=27.615383
2018-12-22 12:14:57,256 - root - INFO - Epoch[17] Time cost=0.785
2018-12-22 12:14:57,624 - root - INFO - Epoch[17] Validation-accuracy=0.451000
2018-12-22 12:14:57,624 - root - INFO - Epoch[17] Validation-cross-entropy=1.508697
2018-12-22 12:14:57,625 - root - INFO - Epoch[17] Validation-mse=27.631529
2018-12-22 12:14:58,411 - root - INFO - Epoch[18] Train-accuracy=0.477400
2018-12-22 12:14:58,411 - root - INFO - Epoch[18] Train-cross-entropy=1.448851
2018-12-22 12:14:58,411 - root - INFO - Epoch[18] Train-mse=27.616738
2018-12-22 12:14:58,411 - root - INFO - Epoch[18] Time cost=0.787
2018-12-22 12:14:58,786 - root - INFO - Epoch[18] Validation-accuracy=0.461500
2018-12-22 12:14:58,786 - root - INFO - Epoch[18] Validation-cross-entropy=1.485293
2018-12-22 12:14:58,786 - root - INFO - Epoch[18] Validation-mse=27.632623
2018-12-22 12:14:59,570 - root - INFO - Epoch[19] Train-accuracy=0.490600
2018-12-22 12:14:59,571 - root - INFO - Epoch[19] Train-cross-entropy=1.416396
2018-12-22 12:14:59,571 - root - INFO - Epoch[19] Train-mse=27.618106
2018-12-22 12:14:59,571 - root - INFO - Epoch[19] Time cost=0.784
2018-12-22 12:14:59,946 - root - INFO - Epoch[19] Validation-accuracy=0.475600
2018-12-22 12:14:59,947 - root - INFO - Epoch[19] Validation-cross-entropy=1.458512
2018-12-22 12:14:59,947 - root - INFO - Epoch[19] Validation-mse=27.633827
2018-12-22 12:14:59,947 - root - DEBUG - num_epoch=20
2018-12-22 12:15:00,807 - root - WARNING - Already bound, ignoring bind()
2018-12-22 12:15:00,979 - root - WARNING - optimizer already initialized, ignoring...
2018-12-22 12:15:00,980 - root - INFO - Update[2001]: Change learning rate to 6.56100e-03
2018-12-22 12:15:01,775 - root - INFO - Epoch[0] Train-accuracy=0.471600
2018-12-22 12:15:01,775 - root - INFO - Epoch[0] Train-cross-entropy=1.469031
2018-12-22 12:15:01,775 - root - INFO - Epoch[0] Train-mse=27.570728
2018-12-22 12:15:01,775 - root - INFO - Epoch[0] Time cost=0.796
2018-12-22 12:15:02,146 - root - INFO - Epoch[0] Validation-accuracy=0.483200
2018-12-22 12:15:02,146 - root - INFO - Epoch[0] Validation-cross-entropy=1.416163
2018-12-22 12:15:02,146 - root - INFO - Epoch[0] Validation-mse=27.634430
2018-12-22 12:15:02,928 - root - INFO - Epoch[1] Train-accuracy=0.492500
2018-12-22 12:15:02,928 - root - INFO - Epoch[1] Train-cross-entropy=1.414657
2018-12-22 12:15:02,928 - root - INFO - Epoch[1] Train-mse=27.571404
2018-12-22 12:15:02,928 - root - INFO - Epoch[1] Time cost=0.782
2018-12-22 12:15:03,312 - root - INFO - Epoch[1] Validation-accuracy=0.489500
2018-12-22 12:15:03,312 - root - INFO - Epoch[1] Validation-cross-entropy=1.403019
2018-12-22 12:15:03,312 - root - INFO - Epoch[1] Validation-mse=27.636004
2018-12-22 12:15:04,107 - root - INFO - Epoch[2] Train-accuracy=0.510300
2018-12-22 12:15:04,107 - root - INFO - Epoch[2] Train-cross-entropy=1.375364
2018-12-22 12:15:04,107 - root - INFO - Epoch[2] Train-mse=27.572655
2018-12-22 12:15:04,107 - root - INFO - Epoch[2] Time cost=0.795
2018-12-22 12:15:04,484 - root - INFO - Epoch[2] Validation-accuracy=0.497900
2018-12-22 12:15:04,484 - root - INFO - Epoch[2] Validation-cross-entropy=1.384987
2018-12-22 12:15:04,484 - root - INFO - Epoch[2] Validation-mse=27.637386
2018-12-22 12:15:05,269 - root - INFO - Epoch[3] Train-accuracy=0.523700
2018-12-22 12:15:05,269 - root - INFO - Epoch[3] Train-cross-entropy=1.339861
2018-12-22 12:15:05,269 - root - INFO - Epoch[3] Train-mse=27.573919
2018-12-22 12:15:05,269 - root - INFO - Epoch[3] Time cost=0.786
2018-12-22 12:15:05,636 - root - INFO - Epoch[3] Validation-accuracy=0.505900
2018-12-22 12:15:05,637 - root - INFO - Epoch[3] Validation-cross-entropy=1.369547
2018-12-22 12:15:05,637 - root - INFO - Epoch[3] Validation-mse=27.638779
2018-12-22 12:15:06,422 - root - INFO - Epoch[4] Train-accuracy=0.535200
2018-12-22 12:15:06,422 - root - INFO - Epoch[4] Train-cross-entropy=1.305145
2018-12-22 12:15:06,422 - root - INFO - Epoch[4] Train-mse=27.575169
2018-12-22 12:15:06,422 - root - INFO - Epoch[4] Time cost=0.785
2018-12-22 12:15:06,807 - root - INFO - Epoch[4] Validation-accuracy=0.504900
2018-12-22 12:15:06,807 - root - INFO - Epoch[4] Validation-cross-entropy=1.367806
2018-12-22 12:15:06,807 - root - INFO - Epoch[4] Validation-mse=27.640369
2018-12-22 12:15:06,807 - root - INFO - Update[2501]: Change learning rate to 5.90490e-03
2018-12-22 12:15:07,594 - root - INFO - Epoch[5] Train-accuracy=0.551300
2018-12-22 12:15:07,594 - root - INFO - Epoch[5] Train-cross-entropy=1.266808
2018-12-22 12:15:07,594 - root - INFO - Epoch[5] Train-mse=27.576422
2018-12-22 12:15:07,594 - root - INFO - Epoch[5] Time cost=0.787
2018-12-22 12:15:07,966 - root - INFO - Epoch[5] Validation-accuracy=0.517200
2018-12-22 12:15:07,966 - root - INFO - Epoch[5] Validation-cross-entropy=1.347773
2018-12-22 12:15:07,966 - root - INFO - Epoch[5] Validation-mse=27.641283
2018-12-22 12:15:08,748 - root - INFO - Epoch[6] Train-accuracy=0.560000
2018-12-22 12:15:08,748 - root - INFO - Epoch[6] Train-cross-entropy=1.237824
2018-12-22 12:15:08,748 - root - INFO - Epoch[6] Train-mse=27.577650
2018-12-22 12:15:08,749 - root - INFO - Epoch[6] Time cost=0.782
2018-12-22 12:15:09,121 - root - INFO - Epoch[6] Validation-accuracy=0.535600
2018-12-22 12:15:09,122 - root - INFO - Epoch[6] Validation-cross-entropy=1.305123
2018-12-22 12:15:09,122 - root - INFO - Epoch[6] Validation-mse=27.641826
2018-12-22 12:15:09,912 - root - INFO - Epoch[7] Train-accuracy=0.569500
2018-12-22 12:15:09,912 - root - INFO - Epoch[7] Train-cross-entropy=1.204530
2018-12-22 12:15:09,913 - root - INFO - Epoch[7] Train-mse=27.578815
2018-12-22 12:15:09,913 - root - INFO - Epoch[7] Time cost=0.791
2018-12-22 12:15:10,288 - root - INFO - Epoch[7] Validation-accuracy=0.537000
2018-12-22 12:15:10,288 - root - INFO - Epoch[7] Validation-cross-entropy=1.293244
2018-12-22 12:15:10,289 - root - INFO - Epoch[7] Validation-mse=27.642990
2018-12-22 12:15:11,086 - root - INFO - Epoch[8] Train-accuracy=0.582400
2018-12-22 12:15:11,087 - root - INFO - Epoch[8] Train-cross-entropy=1.171512
2018-12-22 12:15:11,087 - root - INFO - Epoch[8] Train-mse=27.579986
2018-12-22 12:15:11,087 - root - INFO - Epoch[8] Time cost=0.798
2018-12-22 12:15:11,468 - root - INFO - Epoch[8] Validation-accuracy=0.542100
2018-12-22 12:15:11,469 - root - INFO - Epoch[8] Validation-cross-entropy=1.281074
2018-12-22 12:15:11,469 - root - INFO - Epoch[8] Validation-mse=27.643973
2018-12-22 12:15:12,268 - root - INFO - Epoch[9] Train-accuracy=0.594800
2018-12-22 12:15:12,268 - root - INFO - Epoch[9] Train-cross-entropy=1.142008
2018-12-22 12:15:12,268 - root - INFO - Epoch[9] Train-mse=27.581172
2018-12-22 12:15:12,268 - root - INFO - Epoch[9] Time cost=0.800
2018-12-22 12:15:12,652 - root - INFO - Epoch[9] Validation-accuracy=0.548200
2018-12-22 12:15:12,652 - root - INFO - Epoch[9] Validation-cross-entropy=1.265796
2018-12-22 12:15:12,652 - root - INFO - Epoch[9] Validation-mse=27.644859
2018-12-22 12:15:12,652 - root - INFO - Update[3001]: Change learning rate to 5.31441e-03
2018-12-22 12:15:13,460 - root - INFO - Epoch[10] Train-accuracy=0.609000
2018-12-22 12:15:13,460 - root - INFO - Epoch[10] Train-cross-entropy=1.104480
2018-12-22 12:15:13,460 - root - INFO - Epoch[10] Train-mse=27.582256
2018-12-22 12:15:13,460 - root - INFO - Epoch[10] Time cost=0.808
2018-12-22 12:15:13,838 - root - INFO - Epoch[10] Validation-accuracy=0.555000
2018-12-22 12:15:13,838 - root - INFO - Epoch[10] Validation-cross-entropy=1.249225
2018-12-22 12:15:13,838 - root - INFO - Epoch[10] Validation-mse=27.645144
2018-12-22 12:15:14,646 - root - INFO - Epoch[11] Train-accuracy=0.620600
2018-12-22 12:15:14,646 - root - INFO - Epoch[11] Train-cross-entropy=1.074347
2018-12-22 12:15:14,646 - root - INFO - Epoch[11] Train-mse=27.583377
2018-12-22 12:15:14,646 - root - INFO - Epoch[11] Time cost=0.808
2018-12-22 12:15:15,027 - root - INFO - Epoch[11] Validation-accuracy=0.559600
2018-12-22 12:15:15,027 - root - INFO - Epoch[11] Validation-cross-entropy=1.242560
2018-12-22 12:15:15,027 - root - INFO - Epoch[11] Validation-mse=27.646221
2018-12-22 12:15:15,826 - root - INFO - Epoch[12] Train-accuracy=0.628400
2018-12-22 12:15:15,826 - root - INFO - Epoch[12] Train-cross-entropy=1.047842
2018-12-22 12:15:15,826 - root - INFO - Epoch[12] Train-mse=27.584435
2018-12-22 12:15:15,826 - root - INFO - Epoch[12] Time cost=0.799
2018-12-22 12:15:16,206 - root - INFO - Epoch[12] Validation-accuracy=0.562200
2018-12-22 12:15:16,206 - root - INFO - Epoch[12] Validation-cross-entropy=1.238407
2018-12-22 12:15:16,206 - root - INFO - Epoch[12] Validation-mse=27.647110
2018-12-22 12:15:17,015 - root - INFO - Epoch[13] Train-accuracy=0.638300
2018-12-22 12:15:17,015 - root - INFO - Epoch[13] Train-cross-entropy=1.021407
2018-12-22 12:15:17,015 - root - INFO - Epoch[13] Train-mse=27.585449
2018-12-22 12:15:17,015 - root - INFO - Epoch[13] Time cost=0.809
2018-12-22 12:15:17,413 - root - INFO - Epoch[13] Validation-accuracy=0.564600
2018-12-22 12:15:17,413 - root - INFO - Epoch[13] Validation-cross-entropy=1.236736
2018-12-22 12:15:17,413 - root - INFO - Epoch[13] Validation-mse=27.647960
2018-12-22 12:15:18,209 - root - INFO - Epoch[14] Train-accuracy=0.648400
2018-12-22 12:15:18,209 - root - INFO - Epoch[14] Train-cross-entropy=0.995318
2018-12-22 12:15:18,210 - root - INFO - Epoch[14] Train-mse=27.586445
2018-12-22 12:15:18,210 - root - INFO - Epoch[14] Time cost=0.796
2018-12-22 12:15:18,589 - root - INFO - Epoch[14] Validation-accuracy=0.567000
2018-12-22 12:15:18,589 - root - INFO - Epoch[14] Validation-cross-entropy=1.235884
2018-12-22 12:15:18,589 - root - INFO - Epoch[14] Validation-mse=27.648783
2018-12-22 12:15:18,589 - root - INFO - Update[3501]: Change learning rate to 4.78297e-03
2018-12-22 12:15:19,400 - root - INFO - Epoch[15] Train-accuracy=0.661500
2018-12-22 12:15:19,400 - root - INFO - Epoch[15] Train-cross-entropy=0.963305
2018-12-22 12:15:19,400 - root - INFO - Epoch[15] Train-mse=27.587435
2018-12-22 12:15:19,400 - root - INFO - Epoch[15] Time cost=0.811
2018-12-22 12:15:19,781 - root - INFO - Epoch[15] Validation-accuracy=0.570600
2018-12-22 12:15:19,781 - root - INFO - Epoch[15] Validation-cross-entropy=1.233924
2018-12-22 12:15:19,781 - root - INFO - Epoch[15] Validation-mse=27.649229
2018-12-22 12:15:20,585 - root - INFO - Epoch[16] Train-accuracy=0.673600
2018-12-22 12:15:20,585 - root - INFO - Epoch[16] Train-cross-entropy=0.937049
2018-12-22 12:15:20,585 - root - INFO - Epoch[16] Train-mse=27.588356
2018-12-22 12:15:20,585 - root - INFO - Epoch[16] Time cost=0.804
2018-12-22 12:15:20,967 - root - INFO - Epoch[16] Validation-accuracy=0.571900
2018-12-22 12:15:20,967 - root - INFO - Epoch[16] Validation-cross-entropy=1.231834
2018-12-22 12:15:20,967 - root - INFO - Epoch[16] Validation-mse=27.650083
2018-12-22 12:15:21,774 - root - INFO - Epoch[17] Train-accuracy=0.682500
2018-12-22 12:15:21,774 - root - INFO - Epoch[17] Train-cross-entropy=0.912903
2018-12-22 12:15:21,775 - root - INFO - Epoch[17] Train-mse=27.589257
2018-12-22 12:15:21,775 - root - INFO - Epoch[17] Time cost=0.808
2018-12-22 12:15:22,155 - root - INFO - Epoch[17] Validation-accuracy=0.571300
2018-12-22 12:15:22,155 - root - INFO - Epoch[17] Validation-cross-entropy=1.232770
2018-12-22 12:15:22,155 - root - INFO - Epoch[17] Validation-mse=27.650866
2018-12-22 12:15:22,963 - root - INFO - Epoch[18] Train-accuracy=0.694400
2018-12-22 12:15:22,963 - root - INFO - Epoch[18] Train-cross-entropy=0.888687
2018-12-22 12:15:22,963 - root - INFO - Epoch[18] Train-mse=27.590140
2018-12-22 12:15:22,963 - root - INFO - Epoch[18] Time cost=0.808
2018-12-22 12:15:23,343 - root - INFO - Epoch[18] Validation-accuracy=0.571300
2018-12-22 12:15:23,343 - root - INFO - Epoch[18] Validation-cross-entropy=1.235508
2018-12-22 12:15:23,344 - root - INFO - Epoch[18] Validation-mse=27.651627
2018-12-22 12:15:24,145 - root - INFO - Epoch[19] Train-accuracy=0.702300
2018-12-22 12:15:24,145 - root - INFO - Epoch[19] Train-cross-entropy=0.864447
2018-12-22 12:15:24,145 - root - INFO - Epoch[19] Train-mse=27.591015
2018-12-22 12:15:24,145 - root - INFO - Epoch[19] Time cost=0.801
2018-12-22 12:15:24,535 - root - INFO - Epoch[19] Validation-accuracy=0.573200
2018-12-22 12:15:24,535 - root - INFO - Epoch[19] Validation-cross-entropy=1.239864
2018-12-22 12:15:24,535 - root - INFO - Epoch[19] Validation-mse=27.652353
2018-12-22 12:15:24,535 - root - DEBUG - num_epoch=20
2018-12-22 12:15:25,403 - root - WARNING - Already bound, ignoring bind()
2018-12-22 12:15:25,404 - root - WARNING - optimizer already initialized, ignoring...
2018-12-22 12:15:25,404 - root - INFO - Update[4001]: Change learning rate to 4.30467e-03
2018-12-22 12:15:26,192 - root - INFO - Epoch[0] Train-accuracy=0.579800
2018-12-22 12:15:26,192 - root - INFO - Epoch[0] Train-cross-entropy=1.218103
2018-12-22 12:15:26,192 - root - INFO - Epoch[0] Train-mse=27.676062
2018-12-22 12:15:26,193 - root - INFO - Epoch[0] Time cost=0.789
2018-12-22 12:15:26,570 - root - INFO - Epoch[0] Validation-accuracy=0.576600
2018-12-22 12:15:26,570 - root - INFO - Epoch[0] Validation-cross-entropy=1.217588
2018-12-22 12:15:26,570 - root - INFO - Epoch[0] Validation-mse=27.651058
2018-12-22 12:15:27,351 - root - INFO - Epoch[1] Train-accuracy=0.607900
2018-12-22 12:15:27,351 - root - INFO - Epoch[1] Train-cross-entropy=1.116093
2018-12-22 12:15:27,351 - root - INFO - Epoch[1] Train-mse=27.674269
2018-12-22 12:15:27,351 - root - INFO - Epoch[1] Time cost=0.781
2018-12-22 12:15:27,733 - root - INFO - Epoch[1] Validation-accuracy=0.583000
2018-12-22 12:15:27,733 - root - INFO - Epoch[1] Validation-cross-entropy=1.188422
2018-12-22 12:15:27,733 - root - INFO - Epoch[1] Validation-mse=27.650341
2018-12-22 12:15:28,521 - root - INFO - Epoch[2] Train-accuracy=0.623600
2018-12-22 12:15:28,521 - root - INFO - Epoch[2] Train-cross-entropy=1.065121
2018-12-22 12:15:28,522 - root - INFO - Epoch[2] Train-mse=27.673952
2018-12-22 12:15:28,522 - root - INFO - Epoch[2] Time cost=0.788
2018-12-22 12:15:28,897 - root - INFO - Epoch[2] Validation-accuracy=0.589700
2018-12-22 12:15:28,898 - root - INFO - Epoch[2] Validation-cross-entropy=1.169642
2018-12-22 12:15:28,898 - root - INFO - Epoch[2] Validation-mse=27.650266
2018-12-22 12:15:29,695 - root - INFO - Epoch[3] Train-accuracy=0.636200
2018-12-22 12:15:29,695 - root - INFO - Epoch[3] Train-cross-entropy=1.029314
2018-12-22 12:15:29,695 - root - INFO - Epoch[3] Train-mse=27.674117
2018-12-22 12:15:29,695 - root - INFO - Epoch[3] Time cost=0.797
2018-12-22 12:15:30,097 - root - INFO - Epoch[3] Validation-accuracy=0.591200
2018-12-22 12:15:30,097 - root - INFO - Epoch[3] Validation-cross-entropy=1.165633
2018-12-22 12:15:30,097 - root - INFO - Epoch[3] Validation-mse=27.650582
2018-12-22 12:15:30,908 - root - INFO - Epoch[4] Train-accuracy=0.647900
2018-12-22 12:15:30,908 - root - INFO - Epoch[4] Train-cross-entropy=0.996697
2018-12-22 12:15:30,908 - root - INFO - Epoch[4] Train-mse=27.674516
2018-12-22 12:15:30,908 - root - INFO - Epoch[4] Time cost=0.810
2018-12-22 12:15:31,289 - root - INFO - Epoch[4] Validation-accuracy=0.590600
2018-12-22 12:15:31,289 - root - INFO - Epoch[4] Validation-cross-entropy=1.167391
2018-12-22 12:15:31,289 - root - INFO - Epoch[4] Validation-mse=27.651091
2018-12-22 12:15:31,290 - root - INFO - Update[4501]: Change learning rate to 3.87420e-03
2018-12-22 12:15:32,105 - root - INFO - Epoch[5] Train-accuracy=0.662800
2018-12-22 12:15:32,105 - root - INFO - Epoch[5] Train-cross-entropy=0.958829
2018-12-22 12:15:32,105 - root - INFO - Epoch[5] Train-mse=27.675019
2018-12-22 12:15:32,105 - root - INFO - Epoch[5] Time cost=0.816
2018-12-22 12:15:32,495 - root - INFO - Epoch[5] Validation-accuracy=0.598400
2018-12-22 12:15:32,495 - root - INFO - Epoch[5] Validation-cross-entropy=1.159698
2018-12-22 12:15:32,495 - root - INFO - Epoch[5] Validation-mse=27.651467
2018-12-22 12:15:33,308 - root - INFO - Epoch[6] Train-accuracy=0.677600
2018-12-22 12:15:33,308 - root - INFO - Epoch[6] Train-cross-entropy=0.929519
2018-12-22 12:15:33,308 - root - INFO - Epoch[6] Train-mse=27.675657
2018-12-22 12:15:33,308 - root - INFO - Epoch[6] Time cost=0.813
2018-12-22 12:15:33,687 - root - INFO - Epoch[6] Validation-accuracy=0.598100
2018-12-22 12:15:33,687 - root - INFO - Epoch[6] Validation-cross-entropy=1.159768
2018-12-22 12:15:33,687 - root - INFO - Epoch[6] Validation-mse=27.651726
2018-12-22 12:15:34,508 - root - INFO - Epoch[7] Train-accuracy=0.686600
2018-12-22 12:15:34,508 - root - INFO - Epoch[7] Train-cross-entropy=0.903387
2018-12-22 12:15:34,508 - root - INFO - Epoch[7] Train-mse=27.676340
2018-12-22 12:15:34,508 - root - INFO - Epoch[7] Time cost=0.821
2018-12-22 12:15:34,898 - root - INFO - Epoch[7] Validation-accuracy=0.599800
2018-12-22 12:15:34,898 - root - INFO - Epoch[7] Validation-cross-entropy=1.166047
2018-12-22 12:15:34,898 - root - INFO - Epoch[7] Validation-mse=27.652002
2018-12-22 12:15:35,711 - root - INFO - Epoch[8] Train-accuracy=0.694900
2018-12-22 12:15:35,711 - root - INFO - Epoch[8] Train-cross-entropy=0.879185
2018-12-22 12:15:35,711 - root - INFO - Epoch[8] Train-mse=27.677005
2018-12-22 12:15:35,712 - root - INFO - Epoch[8] Time cost=0.813
2018-12-22 12:15:36,099 - root - INFO - Epoch[8] Validation-accuracy=0.600200
2018-12-22 12:15:36,099 - root - INFO - Epoch[8] Validation-cross-entropy=1.171639
2018-12-22 12:15:36,100 - root - INFO - Epoch[8] Validation-mse=27.652406
2018-12-22 12:15:36,910 - root - INFO - Epoch[9] Train-accuracy=0.704500
2018-12-22 12:15:36,910 - root - INFO - Epoch[9] Train-cross-entropy=0.855692
2018-12-22 12:15:36,911 - root - INFO - Epoch[9] Train-mse=27.677664
2018-12-22 12:15:36,911 - root - INFO - Epoch[9] Time cost=0.811
2018-12-22 12:15:37,303 - root - INFO - Epoch[9] Validation-accuracy=0.598300
2018-12-22 12:15:37,303 - root - INFO - Epoch[9] Validation-cross-entropy=1.177382
2018-12-22 12:15:37,303 - root - INFO - Epoch[9] Validation-mse=27.652894
2018-12-22 12:15:37,303 - root - INFO - Update[5001]: Change learning rate to 3.48678e-03
2018-12-22 12:15:38,120 - root - INFO - Epoch[10] Train-accuracy=0.716100
2018-12-22 12:15:38,120 - root - INFO - Epoch[10] Train-cross-entropy=0.825090
2018-12-22 12:15:38,120 - root - INFO - Epoch[10] Train-mse=27.678364
2018-12-22 12:15:38,120 - root - INFO - Epoch[10] Time cost=0.817
2018-12-22 12:15:38,500 - root - INFO - Epoch[10] Validation-accuracy=0.597900
2018-12-22 12:15:38,501 - root - INFO - Epoch[10] Validation-cross-entropy=1.179352
2018-12-22 12:15:38,501 - root - INFO - Epoch[10] Validation-mse=27.653477
2018-12-22 12:15:39,316 - root - INFO - Epoch[11] Train-accuracy=0.725500
2018-12-22 12:15:39,316 - root - INFO - Epoch[11] Train-cross-entropy=0.802504
2018-12-22 12:15:39,316 - root - INFO - Epoch[11] Train-mse=27.679084
2018-12-22 12:15:39,316 - root - INFO - Epoch[11] Time cost=0.815
2018-12-22 12:15:39,706 - root - INFO - Epoch[11] Validation-accuracy=0.598300
2018-12-22 12:15:39,706 - root - INFO - Epoch[11] Validation-cross-entropy=1.181669
2018-12-22 12:15:39,706 - root - INFO - Epoch[11] Validation-mse=27.654015
2018-12-22 12:15:40,522 - root - INFO - Epoch[12] Train-accuracy=0.733800
2018-12-22 12:15:40,522 - root - INFO - Epoch[12] Train-cross-entropy=0.780214
2018-12-22 12:15:40,522 - root - INFO - Epoch[12] Train-mse=27.679768
2018-12-22 12:15:40,522 - root - INFO - Epoch[12] Time cost=0.816
2018-12-22 12:15:40,918 - root - INFO - Epoch[12] Validation-accuracy=0.599100
2018-12-22 12:15:40,918 - root - INFO - Epoch[12] Validation-cross-entropy=1.182521
2018-12-22 12:15:40,918 - root - INFO - Epoch[12] Validation-mse=27.654598
2018-12-22 12:15:41,734 - root - INFO - Epoch[13] Train-accuracy=0.741100
2018-12-22 12:15:41,734 - root - INFO - Epoch[13] Train-cross-entropy=0.758354
2018-12-22 12:15:41,734 - root - INFO - Epoch[13] Train-mse=27.680444
2018-12-22 12:15:41,734 - root - INFO - Epoch[13] Time cost=0.816
2018-12-22 12:15:42,116 - root - INFO - Epoch[13] Validation-accuracy=0.601800
2018-12-22 12:15:42,116 - root - INFO - Epoch[13] Validation-cross-entropy=1.181336
2018-12-22 12:15:42,116 - root - INFO - Epoch[13] Validation-mse=27.655219
2018-12-22 12:15:42,928 - root - INFO - Epoch[14] Train-accuracy=0.751600
2018-12-22 12:15:42,928 - root - INFO - Epoch[14] Train-cross-entropy=0.736883
2018-12-22 12:15:42,928 - root - INFO - Epoch[14] Train-mse=27.681112
2018-12-22 12:15:42,928 - root - INFO - Epoch[14] Time cost=0.812
2018-12-22 12:15:43,332 - root - INFO - Epoch[14] Validation-accuracy=0.602600
2018-12-22 12:15:43,332 - root - INFO - Epoch[14] Validation-cross-entropy=1.179211
2018-12-22 12:15:43,332 - root - INFO - Epoch[14] Validation-mse=27.655851
2018-12-22 12:15:43,333 - root - INFO - Update[5501]: Change learning rate to 3.13811e-03
2018-12-22 12:15:44,137 - root - INFO - Epoch[15] Train-accuracy=0.759600
2018-12-22 12:15:44,137 - root - INFO - Epoch[15] Train-cross-entropy=0.714039
2018-12-22 12:15:44,137 - root - INFO - Epoch[15] Train-mse=27.681701
2018-12-22 12:15:44,137 - root - INFO - Epoch[15] Time cost=0.805
2018-12-22 12:15:44,515 - root - INFO - Epoch[15] Validation-accuracy=0.608100
2018-12-22 12:15:44,515 - root - INFO - Epoch[15] Validation-cross-entropy=1.161062
2018-12-22 12:15:44,515 - root - INFO - Epoch[15] Validation-mse=27.656756
2018-12-22 12:15:45,319 - root - INFO - Epoch[16] Train-accuracy=0.769400
2018-12-22 12:15:45,320 - root - INFO - Epoch[16] Train-cross-entropy=0.694696
2018-12-22 12:15:45,320 - root - INFO - Epoch[16] Train-mse=27.682283
2018-12-22 12:15:45,320 - root - INFO - Epoch[16] Time cost=0.805
2018-12-22 12:15:45,703 - root - INFO - Epoch[16] Validation-accuracy=0.608600
2018-12-22 12:15:45,703 - root - INFO - Epoch[16] Validation-cross-entropy=1.166746
2018-12-22 12:15:45,703 - root - INFO - Epoch[16] Validation-mse=27.657305
2018-12-22 12:15:46,506 - root - INFO - Epoch[17] Train-accuracy=0.777600
2018-12-22 12:15:46,506 - root - INFO - Epoch[17] Train-cross-entropy=0.674790
2018-12-22 12:15:46,506 - root - INFO - Epoch[17] Train-mse=27.682887
2018-12-22 12:15:46,506 - root - INFO - Epoch[17] Time cost=0.803
2018-12-22 12:15:46,891 - root - INFO - Epoch[17] Validation-accuracy=0.608600
2018-12-22 12:15:46,892 - root - INFO - Epoch[17] Validation-cross-entropy=1.171944
2018-12-22 12:15:46,892 - root - INFO - Epoch[17] Validation-mse=27.657826
2018-12-22 12:15:47,696 - root - INFO - Epoch[18] Train-accuracy=0.787700
2018-12-22 12:15:47,696 - root - INFO - Epoch[18] Train-cross-entropy=0.654662
2018-12-22 12:15:47,696 - root - INFO - Epoch[18] Train-mse=27.683522
2018-12-22 12:15:47,696 - root - INFO - Epoch[18] Time cost=0.805
2018-12-22 12:15:48,083 - root - INFO - Epoch[18] Validation-accuracy=0.607800
2018-12-22 12:15:48,083 - root - INFO - Epoch[18] Validation-cross-entropy=1.176557
2018-12-22 12:15:48,083 - root - INFO - Epoch[18] Validation-mse=27.658360
2018-12-22 12:15:48,892 - root - INFO - Epoch[19] Train-accuracy=0.794300
2018-12-22 12:15:48,892 - root - INFO - Epoch[19] Train-cross-entropy=0.634777
2018-12-22 12:15:48,892 - root - INFO - Epoch[19] Train-mse=27.684165
2018-12-22 12:15:48,892 - root - INFO - Epoch[19] Time cost=0.809
2018-12-22 12:15:49,274 - root - INFO - Epoch[19] Validation-accuracy=0.606700
2018-12-22 12:15:49,274 - root - INFO - Epoch[19] Validation-cross-entropy=1.181848
2018-12-22 12:15:49,275 - root - INFO - Epoch[19] Validation-mse=27.658911
2018-12-22 12:15:49,275 - root - DEBUG - num_epoch=20
2018-12-22 12:15:50,122 - root - WARNING - Already bound, ignoring bind()
2018-12-22 12:15:50,122 - root - WARNING - optimizer already initialized, ignoring...
2018-12-22 12:15:50,123 - root - INFO - Update[6001]: Change learning rate to 2.82430e-03
2018-12-22 12:15:50,910 - root - INFO - Epoch[0] Train-accuracy=0.598600
2018-12-22 12:15:50,910 - root - INFO - Epoch[0] Train-cross-entropy=1.185794
2018-12-22 12:15:50,910 - root - INFO - Epoch[0] Train-mse=27.643443
2018-12-22 12:15:50,911 - root - INFO - Epoch[0] Time cost=0.788
2018-12-22 12:15:51,289 - root - INFO - Epoch[0] Validation-accuracy=0.613700
2018-12-22 12:15:51,289 - root - INFO - Epoch[0] Validation-cross-entropy=1.134163
2018-12-22 12:15:51,289 - root - INFO - Epoch[0] Validation-mse=27.656067
2018-12-22 12:15:52,070 - root - INFO - Epoch[1] Train-accuracy=0.626100
2018-12-22 12:15:52,070 - root - INFO - Epoch[1] Train-cross-entropy=1.069930
2018-12-22 12:15:52,070 - root - INFO - Epoch[1] Train-mse=27.641694
2018-12-22 12:15:52,070 - root - INFO - Epoch[1] Time cost=0.781
2018-12-22 12:15:52,451 - root - INFO - Epoch[1] Validation-accuracy=0.620600
2018-12-22 12:15:52,451 - root - INFO - Epoch[1] Validation-cross-entropy=1.107343
2018-12-22 12:15:52,451 - root - INFO - Epoch[1] Validation-mse=27.655139
2018-12-22 12:15:53,239 - root - INFO - Epoch[2] Train-accuracy=0.648200
2018-12-22 12:15:53,239 - root - INFO - Epoch[2] Train-cross-entropy=1.001599
2018-12-22 12:15:53,239 - root - INFO - Epoch[2] Train-mse=27.641095
2018-12-22 12:15:53,239 - root - INFO - Epoch[2] Time cost=0.788
2018-12-22 12:15:53,618 - root - INFO - Epoch[2] Validation-accuracy=0.620400
2018-12-22 12:15:53,618 - root - INFO - Epoch[2] Validation-cross-entropy=1.098006
2018-12-22 12:15:53,618 - root - INFO - Epoch[2] Validation-mse=27.654808
2018-12-22 12:15:54,430 - root - INFO - Epoch[3] Train-accuracy=0.665900
2018-12-22 12:15:54,431 - root - INFO - Epoch[3] Train-cross-entropy=0.952640
2018-12-22 12:15:54,431 - root - INFO - Epoch[3] Train-mse=27.640966
2018-12-22 12:15:54,431 - root - INFO - Epoch[3] Time cost=0.813
2018-12-22 12:15:54,820 - root - INFO - Epoch[3] Validation-accuracy=0.620600
2018-12-22 12:15:54,820 - root - INFO - Epoch[3] Validation-cross-entropy=1.094087
2018-12-22 12:15:54,820 - root - INFO - Epoch[3] Validation-mse=27.654757
2018-12-22 12:15:55,631 - root - INFO - Epoch[4] Train-accuracy=0.680900
2018-12-22 12:15:55,631 - root - INFO - Epoch[4] Train-cross-entropy=0.913531
2018-12-22 12:15:55,631 - root - INFO - Epoch[4] Train-mse=27.641078
2018-12-22 12:15:55,631 - root - INFO - Epoch[4] Time cost=0.811
2018-12-22 12:15:56,021 - root - INFO - Epoch[4] Validation-accuracy=0.620600
2018-12-22 12:15:56,021 - root - INFO - Epoch[4] Validation-cross-entropy=1.092049
2018-12-22 12:15:56,021 - root - INFO - Epoch[4] Validation-mse=27.654874
2018-12-22 12:15:56,021 - root - INFO - Update[6501]: Change learning rate to 2.54187e-03
2018-12-22 12:15:56,838 - root - INFO - Epoch[5] Train-accuracy=0.695700
2018-12-22 12:15:56,838 - root - INFO - Epoch[5] Train-cross-entropy=0.876745
2018-12-22 12:15:56,838 - root - INFO - Epoch[5] Train-mse=27.641334
2018-12-22 12:15:56,838 - root - INFO - Epoch[5] Time cost=0.817
2018-12-22 12:15:57,225 - root - INFO - Epoch[5] Validation-accuracy=0.624900
2018-12-22 12:15:57,225 - root - INFO - Epoch[5] Validation-cross-entropy=1.084814
2018-12-22 12:15:57,226 - root - INFO - Epoch[5] Validation-mse=27.655103
2018-12-22 12:15:58,040 - root - INFO - Epoch[6] Train-accuracy=0.706400
2018-12-22 12:15:58,040 - root - INFO - Epoch[6] Train-cross-entropy=0.849375
2018-12-22 12:15:58,041 - root - INFO - Epoch[6] Train-mse=27.641670
2018-12-22 12:15:58,041 - root - INFO - Epoch[6] Time cost=0.815
2018-12-22 12:15:58,427 - root - INFO - Epoch[6] Validation-accuracy=0.626500
2018-12-22 12:15:58,427 - root - INFO - Epoch[6] Validation-cross-entropy=1.083340
2018-12-22 12:15:58,427 - root - INFO - Epoch[6] Validation-mse=27.655357
2018-12-22 12:15:59,241 - root - INFO - Epoch[7] Train-accuracy=0.717400
2018-12-22 12:15:59,241 - root - INFO - Epoch[7] Train-cross-entropy=0.824528
2018-12-22 12:15:59,241 - root - INFO - Epoch[7] Train-mse=27.642055
2018-12-22 12:15:59,241 - root - INFO - Epoch[7] Time cost=0.814
2018-12-22 12:15:59,627 - root - INFO - Epoch[7] Validation-accuracy=0.625800
2018-12-22 12:15:59,627 - root - INFO - Epoch[7] Validation-cross-entropy=1.082951
2018-12-22 12:15:59,627 - root - INFO - Epoch[7] Validation-mse=27.655663
2018-12-22 12:16:00,440 - root - INFO - Epoch[8] Train-accuracy=0.727500
2018-12-22 12:16:00,441 - root - INFO - Epoch[8] Train-cross-entropy=0.801198
2018-12-22 12:16:00,441 - root - INFO - Epoch[8] Train-mse=27.642482
2018-12-22 12:16:00,441 - root - INFO - Epoch[8] Time cost=0.813
2018-12-22 12:16:00,824 - root - INFO - Epoch[8] Validation-accuracy=0.627400
2018-12-22 12:16:00,824 - root - INFO - Epoch[8] Validation-cross-entropy=1.083209
2018-12-22 12:16:00,824 - root - INFO - Epoch[8] Validation-mse=27.655991
2018-12-22 12:16:01,634 - root - INFO - Epoch[9] Train-accuracy=0.736800
2018-12-22 12:16:01,634 - root - INFO - Epoch[9] Train-cross-entropy=0.778972
2018-12-22 12:16:01,634 - root - INFO - Epoch[9] Train-mse=27.642933
2018-12-22 12:16:01,634 - root - INFO - Epoch[9] Time cost=0.810
2018-12-22 12:16:02,021 - root - INFO - Epoch[9] Validation-accuracy=0.628300
2018-12-22 12:16:02,021 - root - INFO - Epoch[9] Validation-cross-entropy=1.083676
2018-12-22 12:16:02,021 - root - INFO - Epoch[9] Validation-mse=27.656337
2018-12-22 12:16:02,022 - root - INFO - Update[7001]: Change learning rate to 2.28768e-03
2018-12-22 12:16:02,846 - root - INFO - Epoch[10] Train-accuracy=0.744500
2018-12-22 12:16:02,847 - root - INFO - Epoch[10] Train-cross-entropy=0.755326
2018-12-22 12:16:02,847 - root - INFO - Epoch[10] Train-mse=27.643421
2018-12-22 12:16:02,847 - root - INFO - Epoch[10] Time cost=0.825
2018-12-22 12:16:03,230 - root - INFO - Epoch[10] Validation-accuracy=0.631800
2018-12-22 12:16:03,230 - root - INFO - Epoch[10] Validation-cross-entropy=1.079235
2018-12-22 12:16:03,230 - root - INFO - Epoch[10] Validation-mse=27.656677
2018-12-22 12:16:04,052 - root - INFO - Epoch[11] Train-accuracy=0.752200
2018-12-22 12:16:04,052 - root - INFO - Epoch[11] Train-cross-entropy=0.736066
2018-12-22 12:16:04,053 - root - INFO - Epoch[11] Train-mse=27.643882
2018-12-22 12:16:04,053 - root - INFO - Epoch[11] Time cost=0.823
2018-12-22 12:16:04,436 - root - INFO - Epoch[11] Validation-accuracy=0.632500
2018-12-22 12:16:04,436 - root - INFO - Epoch[11] Validation-cross-entropy=1.080290
2018-12-22 12:16:04,436 - root - INFO - Epoch[11] Validation-mse=27.656998
2018-12-22 12:16:05,247 - root - INFO - Epoch[12] Train-accuracy=0.760600
2018-12-22 12:16:05,247 - root - INFO - Epoch[12] Train-cross-entropy=0.717434
2018-12-22 12:16:05,247 - root - INFO - Epoch[12] Train-mse=27.644345
2018-12-22 12:16:05,247 - root - INFO - Epoch[12] Time cost=0.811
2018-12-22 12:16:05,631 - root - INFO - Epoch[12] Validation-accuracy=0.633600
2018-12-22 12:16:05,631 - root - INFO - Epoch[12] Validation-cross-entropy=1.081919
2018-12-22 12:16:05,631 - root - INFO - Epoch[12] Validation-mse=27.657339
2018-12-22 12:16:06,441 - root - INFO - Epoch[13] Train-accuracy=0.770100
2018-12-22 12:16:06,441 - root - INFO - Epoch[13] Train-cross-entropy=0.699250
2018-12-22 12:16:06,441 - root - INFO - Epoch[13] Train-mse=27.644822
2018-12-22 12:16:06,441 - root - INFO - Epoch[13] Time cost=0.810
2018-12-22 12:16:06,828 - root - INFO - Epoch[13] Validation-accuracy=0.632700
2018-12-22 12:16:06,828 - root - INFO - Epoch[13] Validation-cross-entropy=1.084227
2018-12-22 12:16:06,828 - root - INFO - Epoch[13] Validation-mse=27.657692
2018-12-22 12:16:07,637 - root - INFO - Epoch[14] Train-accuracy=0.778100
2018-12-22 12:16:07,637 - root - INFO - Epoch[14] Train-cross-entropy=0.681511
2018-12-22 12:16:07,637 - root - INFO - Epoch[14] Train-mse=27.645307
2018-12-22 12:16:07,637 - root - INFO - Epoch[14] Time cost=0.809
2018-12-22 12:16:08,020 - root - INFO - Epoch[14] Validation-accuracy=0.632000
2018-12-22 12:16:08,020 - root - INFO - Epoch[14] Validation-cross-entropy=1.087002
2018-12-22 12:16:08,020 - root - INFO - Epoch[14] Validation-mse=27.658050
2018-12-22 12:16:08,021 - root - INFO - Update[7501]: Change learning rate to 2.05891e-03
2018-12-22 12:16:08,834 - root - INFO - Epoch[15] Train-accuracy=0.785600
2018-12-22 12:16:08,834 - root - INFO - Epoch[15] Train-cross-entropy=0.662152
2018-12-22 12:16:08,834 - root - INFO - Epoch[15] Train-mse=27.645813
2018-12-22 12:16:08,834 - root - INFO - Epoch[15] Time cost=0.814
2018-12-22 12:16:09,221 - root - INFO - Epoch[15] Validation-accuracy=0.629000
2018-12-22 12:16:09,221 - root - INFO - Epoch[15] Validation-cross-entropy=1.092049
2018-12-22 12:16:09,221 - root - INFO - Epoch[15] Validation-mse=27.658423
2018-12-22 12:16:10,023 - root - INFO - Epoch[16] Train-accuracy=0.792100
2018-12-22 12:16:10,023 - root - INFO - Epoch[16] Train-cross-entropy=0.646249
2018-12-22 12:16:10,023 - root - INFO - Epoch[16] Train-mse=27.646270
2018-12-22 12:16:10,023 - root - INFO - Epoch[16] Time cost=0.802
2018-12-22 12:16:10,400 - root - INFO - Epoch[16] Validation-accuracy=0.628800
2018-12-22 12:16:10,400 - root - INFO - Epoch[16] Validation-cross-entropy=1.094617
2018-12-22 12:16:10,400 - root - INFO - Epoch[16] Validation-mse=27.658742
2018-12-22 12:16:11,202 - root - INFO - Epoch[17] Train-accuracy=0.798200
2018-12-22 12:16:11,202 - root - INFO - Epoch[17] Train-cross-entropy=0.630746
2018-12-22 12:16:11,203 - root - INFO - Epoch[17] Train-mse=27.646724
2018-12-22 12:16:11,203 - root - INFO - Epoch[17] Time cost=0.803
2018-12-22 12:16:11,582 - root - INFO - Epoch[17] Validation-accuracy=0.629100
2018-12-22 12:16:11,582 - root - INFO - Epoch[17] Validation-cross-entropy=1.097510
2018-12-22 12:16:11,582 - root - INFO - Epoch[17] Validation-mse=27.659063
2018-12-22 12:16:12,387 - root - INFO - Epoch[18] Train-accuracy=0.805500
2018-12-22 12:16:12,388 - root - INFO - Epoch[18] Train-cross-entropy=0.615558
2018-12-22 12:16:12,388 - root - INFO - Epoch[18] Train-mse=27.647180
2018-12-22 12:16:12,388 - root - INFO - Epoch[18] Time cost=0.806
2018-12-22 12:16:12,759 - root - INFO - Epoch[18] Validation-accuracy=0.628800
2018-12-22 12:16:12,760 - root - INFO - Epoch[18] Validation-cross-entropy=1.100731
2018-12-22 12:16:12,760 - root - INFO - Epoch[18] Validation-mse=27.659380
2018-12-22 12:16:13,573 - root - INFO - Epoch[19] Train-accuracy=0.812100
2018-12-22 12:16:13,573 - root - INFO - Epoch[19] Train-cross-entropy=0.600573
2018-12-22 12:16:13,573 - root - INFO - Epoch[19] Train-mse=27.647638
2018-12-22 12:16:13,573 - root - INFO - Epoch[19] Time cost=0.813
2018-12-22 12:16:13,955 - root - INFO - Epoch[19] Validation-accuracy=0.628400
2018-12-22 12:16:13,955 - root - INFO - Epoch[19] Validation-cross-entropy=1.104293
2018-12-22 12:16:13,956 - root - INFO - Epoch[19] Validation-mse=27.659696
2018-12-22 12:16:13,956 - root - DEBUG - num_epoch=20
2018-12-22 12:16:14,811 - root - WARNING - Already bound, ignoring bind()
2018-12-22 12:16:14,811 - root - WARNING - optimizer already initialized, ignoring...
2018-12-22 12:16:14,811 - root - INFO - Update[8001]: Change learning rate to 1.85302e-03
2018-12-22 12:16:15,606 - root - INFO - Epoch[0] Train-accuracy=0.627600
2018-12-22 12:16:15,606 - root - INFO - Epoch[0] Train-cross-entropy=1.082475
2018-12-22 12:16:15,606 - root - INFO - Epoch[0] Train-mse=27.725819
2018-12-22 12:16:15,606 - root - INFO - Epoch[0] Time cost=0.795
2018-12-22 12:16:15,986 - root - INFO - Epoch[0] Validation-accuracy=0.635600
2018-12-22 12:16:15,986 - root - INFO - Epoch[0] Validation-cross-entropy=1.060372
2018-12-22 12:16:15,986 - root - INFO - Epoch[0] Validation-mse=27.658171
2018-12-22 12:16:16,769 - root - INFO - Epoch[1] Train-accuracy=0.655000
2018-12-22 12:16:16,769 - root - INFO - Epoch[1] Train-cross-entropy=0.984898
2018-12-22 12:16:16,769 - root - INFO - Epoch[1] Train-mse=27.724891
2018-12-22 12:16:16,769 - root - INFO - Epoch[1] Time cost=0.783
2018-12-22 12:16:17,145 - root - INFO - Epoch[1] Validation-accuracy=0.640500
2018-12-22 12:16:17,145 - root - INFO - Epoch[1] Validation-cross-entropy=1.043120
2018-12-22 12:16:17,145 - root - INFO - Epoch[1] Validation-mse=27.657863
2018-12-22 12:16:18,218 - root - INFO - Epoch[2] Train-accuracy=0.673300
2018-12-22 12:16:18,219 - root - INFO - Epoch[2] Train-cross-entropy=0.927450
2018-12-22 12:16:18,219 - root - INFO - Epoch[2] Train-mse=27.724587
2018-12-22 12:16:18,219 - root - INFO - Epoch[2] Time cost=1.073
2018-12-22 12:16:18,938 - root - INFO - Epoch[2] Validation-accuracy=0.643800
2018-12-22 12:16:18,938 - root - INFO - Epoch[2] Validation-cross-entropy=1.034426
2018-12-22 12:16:18,938 - root - INFO - Epoch[2] Validation-mse=27.657759
2018-12-22 12:16:20,159 - root - INFO - Epoch[3] Train-accuracy=0.688100
2018-12-22 12:16:20,159 - root - INFO - Epoch[3] Train-cross-entropy=0.884698
2018-12-22 12:16:20,159 - root - INFO - Epoch[3] Train-mse=27.724512
2018-12-22 12:16:20,159 - root - INFO - Epoch[3] Time cost=1.221
2018-12-22 12:16:20,611 - root - INFO - Epoch[3] Validation-accuracy=0.646100
2018-12-22 12:16:20,611 - root - INFO - Epoch[3] Validation-cross-entropy=1.029695
2018-12-22 12:16:20,611 - root - INFO - Epoch[3] Validation-mse=27.657769
2018-12-22 12:16:21,583 - root - INFO - Epoch[4] Train-accuracy=0.701100
2018-12-22 12:16:21,583 - root - INFO - Epoch[4] Train-cross-entropy=0.849893
2018-12-22 12:16:21,583 - root - INFO - Epoch[4] Train-mse=27.724561
2018-12-22 12:16:21,583 - root - INFO - Epoch[4] Time cost=0.972
2018-12-22 12:16:21,997 - root - INFO - Epoch[4] Validation-accuracy=0.646500
2018-12-22 12:16:21,997 - root - INFO - Epoch[4] Validation-cross-entropy=1.027219
2018-12-22 12:16:21,997 - root - INFO - Epoch[4] Validation-mse=27.657863
2018-12-22 12:16:21,998 - root - INFO - Update[8501]: Change learning rate to 1.66772e-03
2018-12-22 12:16:22,867 - root - INFO - Epoch[5] Train-accuracy=0.714900
2018-12-22 12:16:22,867 - root - INFO - Epoch[5] Train-cross-entropy=0.818109
2018-12-22 12:16:22,867 - root - INFO - Epoch[5] Train-mse=27.724699
2018-12-22 12:16:22,867 - root - INFO - Epoch[5] Time cost=0.870
2018-12-22 12:16:23,258 - root - INFO - Epoch[5] Validation-accuracy=0.647700
2018-12-22 12:16:23,258 - root - INFO - Epoch[5] Validation-cross-entropy=1.025287
2018-12-22 12:16:23,258 - root - INFO - Epoch[5] Validation-mse=27.658117
2018-12-22 12:16:24,066 - root - INFO - Epoch[6] Train-accuracy=0.724300
2018-12-22 12:16:24,066 - root - INFO - Epoch[6] Train-cross-entropy=0.793785
2018-12-22 12:16:24,066 - root - INFO - Epoch[6] Train-mse=27.724876
2018-12-22 12:16:24,066 - root - INFO - Epoch[6] Time cost=0.808
2018-12-22 12:16:24,447 - root - INFO - Epoch[6] Validation-accuracy=0.647200
2018-12-22 12:16:24,447 - root - INFO - Epoch[6] Validation-cross-entropy=1.025603
2018-12-22 12:16:24,447 - root - INFO - Epoch[6] Validation-mse=27.658277
2018-12-22 12:16:25,231 - root - INFO - Epoch[7] Train-accuracy=0.733400
2018-12-22 12:16:25,231 - root - INFO - Epoch[7] Train-cross-entropy=0.771479
2018-12-22 12:16:25,231 - root - INFO - Epoch[7] Train-mse=27.725089
2018-12-22 12:16:25,231 - root - INFO - Epoch[7] Time cost=0.785
2018-12-22 12:16:25,604 - root - INFO - Epoch[7] Validation-accuracy=0.646500
2018-12-22 12:16:25,604 - root - INFO - Epoch[7] Validation-cross-entropy=1.026375
2018-12-22 12:16:25,604 - root - INFO - Epoch[7] Validation-mse=27.658457
2018-12-22 12:16:26,390 - root - INFO - Epoch[8] Train-accuracy=0.741700
2018-12-22 12:16:26,391 - root - INFO - Epoch[8] Train-cross-entropy=0.750807
2018-12-22 12:16:26,391 - root - INFO - Epoch[8] Train-mse=27.725327
2018-12-22 12:16:26,391 - root - INFO - Epoch[8] Time cost=0.787
2018-12-22 12:16:26,763 - root - INFO - Epoch[8] Validation-accuracy=0.647300
2018-12-22 12:16:26,763 - root - INFO - Epoch[8] Validation-cross-entropy=1.027314
2018-12-22 12:16:26,763 - root - INFO - Epoch[8] Validation-mse=27.658655
2018-12-22 12:16:27,551 - root - INFO - Epoch[9] Train-accuracy=0.748600
2018-12-22 12:16:27,551 - root - INFO - Epoch[9] Train-cross-entropy=0.731485
2018-12-22 12:16:27,551 - root - INFO - Epoch[9] Train-mse=27.725585
2018-12-22 12:16:27,551 - root - INFO - Epoch[9] Time cost=0.788
2018-12-22 12:16:27,946 - root - INFO - Epoch[9] Validation-accuracy=0.647000
2018-12-22 12:16:27,946 - root - INFO - Epoch[9] Validation-cross-entropy=1.028584
2018-12-22 12:16:27,946 - root - INFO - Epoch[9] Validation-mse=27.658865
2018-12-22 12:16:27,947 - root - INFO - Update[9001]: Change learning rate to 1.50095e-03
2018-12-22 12:16:28,735 - root - INFO - Epoch[10] Train-accuracy=0.756700
2018-12-22 12:16:28,735 - root - INFO - Epoch[10] Train-cross-entropy=0.710976
2018-12-22 12:16:28,735 - root - INFO - Epoch[10] Train-mse=27.725865
2018-12-22 12:16:28,735 - root - INFO - Epoch[10] Time cost=0.789
2018-12-22 12:16:29,117 - root - INFO - Epoch[10] Validation-accuracy=0.646200
2018-12-22 12:16:29,117 - root - INFO - Epoch[10] Validation-cross-entropy=1.030386
2018-12-22 12:16:29,117 - root - INFO - Epoch[10] Validation-mse=27.659090
2018-12-22 12:16:29,926 - root - INFO - Epoch[11] Train-accuracy=0.761900
2018-12-22 12:16:29,927 - root - INFO - Epoch[11] Train-cross-entropy=0.694757
2018-12-22 12:16:29,927 - root - INFO - Epoch[11] Train-mse=27.726139
2018-12-22 12:16:29,927 - root - INFO - Epoch[11] Time cost=0.810
2018-12-22 12:16:30,314 - root - INFO - Epoch[11] Validation-accuracy=0.646200
2018-12-22 12:16:30,314 - root - INFO - Epoch[11] Validation-cross-entropy=1.031941
2018-12-22 12:16:30,314 - root - INFO - Epoch[11] Validation-mse=27.659289
2018-12-22 12:16:31,124 - root - INFO - Epoch[12] Train-accuracy=0.768300
2018-12-22 12:16:31,124 - root - INFO - Epoch[12] Train-cross-entropy=0.679526
2018-12-22 12:16:31,124 - root - INFO - Epoch[12] Train-mse=27.726418
2018-12-22 12:16:31,124 - root - INFO - Epoch[12] Time cost=0.810
2018-12-22 12:16:31,513 - root - INFO - Epoch[12] Validation-accuracy=0.646600
2018-12-22 12:16:31,513 - root - INFO - Epoch[12] Validation-cross-entropy=1.033834
2018-12-22 12:16:31,513 - root - INFO - Epoch[12] Validation-mse=27.659497
2018-12-22 12:16:32,329 - root - INFO - Epoch[13] Train-accuracy=0.775800
2018-12-22 12:16:32,329 - root - INFO - Epoch[13] Train-cross-entropy=0.664931
2018-12-22 12:16:32,329 - root - INFO - Epoch[13] Train-mse=27.726705
2018-12-22 12:16:32,329 - root - INFO - Epoch[13] Time cost=0.816
2018-12-22 12:16:32,721 - root - INFO - Epoch[13] Validation-accuracy=0.646800
2018-12-22 12:16:32,736 - root - INFO - Epoch[13] Validation-cross-entropy=1.036032
2018-12-22 12:16:32,736 - root - INFO - Epoch[13] Validation-mse=27.659710
2018-12-22 12:16:33,555 - root - INFO - Epoch[14] Train-accuracy=0.782300
2018-12-22 12:16:33,556 - root - INFO - Epoch[14] Train-cross-entropy=0.650800
2018-12-22 12:16:33,556 - root - INFO - Epoch[14] Train-mse=27.726998
2018-12-22 12:16:33,556 - root - INFO - Epoch[14] Time cost=0.819
2018-12-22 12:16:33,939 - root - INFO - Epoch[14] Validation-accuracy=0.645900
2018-12-22 12:16:33,940 - root - INFO - Epoch[14] Validation-cross-entropy=1.038471
2018-12-22 12:16:33,940 - root - INFO - Epoch[14] Validation-mse=27.659923
2018-12-22 12:16:33,940 - root - INFO - Update[9501]: Change learning rate to 1.35085e-03
2018-12-22 12:16:34,759 - root - INFO - Epoch[15] Train-accuracy=0.788300
2018-12-22 12:16:34,759 - root - INFO - Epoch[15] Train-cross-entropy=0.635402
2018-12-22 12:16:34,759 - root - INFO - Epoch[15] Train-mse=27.727310
2018-12-22 12:16:34,759 - root - INFO - Epoch[15] Time cost=0.819
2018-12-22 12:16:35,146 - root - INFO - Epoch[15] Validation-accuracy=0.645600
2018-12-22 12:16:35,146 - root - INFO - Epoch[15] Validation-cross-entropy=1.042568
2018-12-22 12:16:35,146 - root - INFO - Epoch[15] Validation-mse=27.660066
2018-12-22 12:16:35,960 - root - INFO - Epoch[16] Train-accuracy=0.793100
2018-12-22 12:16:35,960 - root - INFO - Epoch[16] Train-cross-entropy=0.623027
2018-12-22 12:16:35,960 - root - INFO - Epoch[16] Train-mse=27.727592
2018-12-22 12:16:35,960 - root - INFO - Epoch[16] Time cost=0.814
2018-12-22 12:16:36,341 - root - INFO - Epoch[16] Validation-accuracy=0.645500
2018-12-22 12:16:36,341 - root - INFO - Epoch[16] Validation-cross-entropy=1.045347
2018-12-22 12:16:36,341 - root - INFO - Epoch[16] Validation-mse=27.660256
2018-12-22 12:16:37,155 - root - INFO - Epoch[17] Train-accuracy=0.798900
2018-12-22 12:16:37,155 - root - INFO - Epoch[17] Train-cross-entropy=0.611194
2018-12-22 12:16:37,155 - root - INFO - Epoch[17] Train-mse=27.727874
2018-12-22 12:16:37,155 - root - INFO - Epoch[17] Time cost=0.814
2018-12-22 12:16:37,539 - root - INFO - Epoch[17] Validation-accuracy=0.645200
2018-12-22 12:16:37,539 - root - INFO - Epoch[17] Validation-cross-entropy=1.048209
2018-12-22 12:16:37,539 - root - INFO - Epoch[17] Validation-mse=27.660451
2018-12-22 12:16:38,354 - root - INFO - Epoch[18] Train-accuracy=0.805600
2018-12-22 12:16:38,354 - root - INFO - Epoch[18] Train-cross-entropy=0.599636
2018-12-22 12:16:38,354 - root - INFO - Epoch[18] Train-mse=27.728159
2018-12-22 12:16:38,354 - root - INFO - Epoch[18] Time cost=0.815
2018-12-22 12:16:38,740 - root - INFO - Epoch[18] Validation-accuracy=0.645300
2018-12-22 12:16:38,740 - root - INFO - Epoch[18] Validation-cross-entropy=1.051276
2018-12-22 12:16:38,740 - root - INFO - Epoch[18] Validation-mse=27.660646
2018-12-22 12:16:39,555 - root - INFO - Epoch[19] Train-accuracy=0.809600
2018-12-22 12:16:39,555 - root - INFO - Epoch[19] Train-cross-entropy=0.588349
2018-12-22 12:16:39,556 - root - INFO - Epoch[19] Train-mse=27.728448
2018-12-22 12:16:39,556 - root - INFO - Epoch[19] Time cost=0.815
2018-12-22 12:16:39,949 - root - INFO - Epoch[19] Validation-accuracy=0.645200
2018-12-22 12:16:39,949 - root - INFO - Epoch[19] Validation-cross-entropy=1.054547
2018-12-22 12:16:39,949 - root - INFO - Epoch[19] Validation-mse=27.660846
