2018-12-13 17:15:32,496 - root - INFO - Epoch[0] Train-accuracy=0.200000
2018-12-13 17:15:32,496 - root - INFO - Epoch[0] Train-cross-entropy=2.994125
2018-12-13 17:15:32,496 - root - INFO - Epoch[0] Train-mse=104.339167
2018-12-13 17:15:32,496 - root - INFO - Epoch[0] Time cost=2.240
2018-12-13 17:15:33,146 - root - INFO - Epoch[0] Validation-accuracy=0.400000
2018-12-13 17:15:33,146 - root - INFO - Epoch[0] Validation-cross-entropy=2.988714
2018-12-13 17:15:33,146 - root - INFO - Epoch[0] Validation-mse=45.717499
2018-12-13 17:15:33,362 - root - INFO - Epoch[1] Train-accuracy=0.366667
2018-12-13 17:15:33,362 - root - INFO - Epoch[1] Train-cross-entropy=2.983691
2018-12-13 17:15:33,362 - root - INFO - Epoch[1] Train-mse=104.339167
2018-12-13 17:15:33,362 - root - INFO - Epoch[1] Time cost=0.215
2018-12-13 17:15:33,997 - root - INFO - Epoch[1] Validation-accuracy=0.400000
2018-12-13 17:15:33,997 - root - INFO - Epoch[1] Validation-cross-entropy=2.973684
2018-12-13 17:15:33,997 - root - INFO - Epoch[1] Validation-mse=45.717499
2018-12-13 17:15:34,211 - root - INFO - Epoch[2] Train-accuracy=0.366667
2018-12-13 17:15:34,211 - root - INFO - Epoch[2] Train-cross-entropy=2.965419
2018-12-13 17:15:34,211 - root - INFO - Epoch[2] Train-mse=104.339167
2018-12-13 17:15:34,211 - root - INFO - Epoch[2] Time cost=0.214
2018-12-13 17:15:34,852 - root - INFO - Epoch[2] Validation-accuracy=0.400000
2018-12-13 17:15:34,852 - root - INFO - Epoch[2] Validation-cross-entropy=2.953006
2018-12-13 17:15:34,852 - root - INFO - Epoch[2] Validation-mse=45.717501
2018-12-13 17:15:35,062 - root - INFO - Epoch[3] Train-accuracy=0.366667
2018-12-13 17:15:35,062 - root - INFO - Epoch[3] Train-cross-entropy=2.941794
2018-12-13 17:15:35,062 - root - INFO - Epoch[3] Train-mse=104.339172
2018-12-13 17:15:35,062 - root - INFO - Epoch[3] Time cost=0.210
2018-12-13 17:15:35,702 - root - INFO - Epoch[3] Validation-accuracy=0.400000
2018-12-13 17:15:35,702 - root - INFO - Epoch[3] Validation-cross-entropy=2.928486
2018-12-13 17:15:35,702 - root - INFO - Epoch[3] Validation-mse=45.717506
2018-12-13 17:15:35,916 - root - INFO - Epoch[4] Train-accuracy=0.366667
2018-12-13 17:15:35,916 - root - INFO - Epoch[4] Train-cross-entropy=2.914352
2018-12-13 17:15:35,916 - root - INFO - Epoch[4] Train-mse=104.339175
2018-12-13 17:15:35,916 - root - INFO - Epoch[4] Time cost=0.214
2018-12-13 17:15:36,656 - root - INFO - Saved checkpoint to "params/miniPascalVOC_AlexNet-0005.params"
2018-12-13 17:15:36,719 - root - INFO - Epoch[4] Validation-accuracy=0.400000
2018-12-13 17:15:36,719 - root - INFO - Epoch[4] Validation-cross-entropy=2.901477
2018-12-13 17:15:36,719 - root - INFO - Epoch[4] Validation-mse=45.717512
2018-12-13 17:15:36,934 - root - INFO - Epoch[5] Train-accuracy=0.366667
2018-12-13 17:15:36,934 - root - INFO - Epoch[5] Train-cross-entropy=2.884518
2018-12-13 17:15:36,934 - root - INFO - Epoch[5] Train-mse=104.339183
2018-12-13 17:15:36,934 - root - INFO - Epoch[5] Time cost=0.215
2018-12-13 17:15:37,560 - root - INFO - Epoch[5] Validation-accuracy=0.400000
2018-12-13 17:15:37,560 - root - INFO - Epoch[5] Validation-cross-entropy=2.872977
2018-12-13 17:15:37,561 - root - INFO - Epoch[5] Validation-mse=45.717525
2018-12-13 17:15:37,775 - root - INFO - Epoch[6] Train-accuracy=0.366667
2018-12-13 17:15:37,775 - root - INFO - Epoch[6] Train-cross-entropy=2.853472
2018-12-13 17:15:37,775 - root - INFO - Epoch[6] Train-mse=104.339198
2018-12-13 17:15:37,775 - root - INFO - Epoch[6] Time cost=0.214
2018-12-13 17:15:38,401 - root - INFO - Epoch[6] Validation-accuracy=0.400000
2018-12-13 17:15:38,401 - root - INFO - Epoch[6] Validation-cross-entropy=2.843749
2018-12-13 17:15:38,401 - root - INFO - Epoch[6] Validation-mse=45.717543
2018-12-13 17:15:38,618 - root - INFO - Epoch[7] Train-accuracy=0.366667
2018-12-13 17:15:38,618 - root - INFO - Epoch[7] Train-cross-entropy=2.821365
2018-12-13 17:15:38,618 - root - INFO - Epoch[7] Train-mse=104.339216
2018-12-13 17:15:38,618 - root - INFO - Epoch[7] Time cost=0.217
2018-12-13 17:15:39,233 - root - INFO - Epoch[7] Validation-accuracy=0.400000
2018-12-13 17:15:39,233 - root - INFO - Epoch[7] Validation-cross-entropy=2.814337
2018-12-13 17:15:39,234 - root - INFO - Epoch[7] Validation-mse=45.717566
2018-12-13 17:15:39,454 - root - INFO - Epoch[8] Train-accuracy=0.366667
2018-12-13 17:15:39,454 - root - INFO - Epoch[8] Train-cross-entropy=2.789674
2018-12-13 17:15:39,454 - root - INFO - Epoch[8] Train-mse=104.339244
2018-12-13 17:15:39,454 - root - INFO - Epoch[8] Time cost=0.221
2018-12-13 17:15:40,074 - root - INFO - Epoch[8] Validation-accuracy=0.400000
2018-12-13 17:15:40,074 - root - INFO - Epoch[8] Validation-cross-entropy=2.785164
2018-12-13 17:15:40,074 - root - INFO - Epoch[8] Validation-mse=45.717598
2018-12-13 17:15:40,288 - root - INFO - Epoch[9] Train-accuracy=0.366667
2018-12-13 17:15:40,288 - root - INFO - Epoch[9] Train-cross-entropy=2.758074
2018-12-13 17:15:40,288 - root - INFO - Epoch[9] Train-mse=104.339277
2018-12-13 17:15:40,288 - root - INFO - Epoch[9] Time cost=0.214
2018-12-13 17:15:41,048 - root - INFO - Saved checkpoint to "params/miniPascalVOC_AlexNet-0010.params"
2018-12-13 17:15:41,111 - root - INFO - Epoch[9] Validation-accuracy=0.400000
2018-12-13 17:15:41,111 - root - INFO - Epoch[9] Validation-cross-entropy=2.756555
2018-12-13 17:15:41,111 - root - INFO - Epoch[9] Validation-mse=45.717638
2018-12-13 17:15:41,323 - root - INFO - Epoch[10] Train-accuracy=0.366667
2018-12-13 17:15:41,323 - root - INFO - Epoch[10] Train-cross-entropy=2.726984
2018-12-13 17:15:41,323 - root - INFO - Epoch[10] Train-mse=104.339322
2018-12-13 17:15:41,323 - root - INFO - Epoch[10] Time cost=0.212
2018-12-13 17:15:41,949 - root - INFO - Epoch[10] Validation-accuracy=0.400000
2018-12-13 17:15:41,949 - root - INFO - Epoch[10] Validation-cross-entropy=2.728748
2018-12-13 17:15:41,949 - root - INFO - Epoch[10] Validation-mse=45.717691
2018-12-13 17:15:42,163 - root - INFO - Epoch[11] Train-accuracy=0.366667
2018-12-13 17:15:42,164 - root - INFO - Epoch[11] Train-cross-entropy=2.696456
2018-12-13 17:15:42,164 - root - INFO - Epoch[11] Train-mse=104.339381
2018-12-13 17:15:42,164 - root - INFO - Epoch[11] Time cost=0.214
2018-12-13 17:15:42,790 - root - INFO - Epoch[11] Validation-accuracy=0.400000
2018-12-13 17:15:42,790 - root - INFO - Epoch[11] Validation-cross-entropy=2.701912
2018-12-13 17:15:43,106 - root - INFO - Epoch[11] Validation-mse=45.717756
2018-12-13 17:15:43,323 - root - INFO - Epoch[12] Train-accuracy=0.366667
2018-12-13 17:15:43,324 - root - INFO - Epoch[12] Train-cross-entropy=2.667672
2018-12-13 17:15:43,324 - root - INFO - Epoch[12] Train-mse=104.339452
2018-12-13 17:15:43,324 - root - INFO - Epoch[12] Time cost=0.217
2018-12-13 17:15:43,943 - root - INFO - Epoch[12] Validation-accuracy=0.400000
2018-12-13 17:15:43,944 - root - INFO - Epoch[12] Validation-cross-entropy=2.676236
2018-12-13 17:15:43,944 - root - INFO - Epoch[12] Validation-mse=45.717842
2018-12-13 17:15:44,158 - root - INFO - Epoch[13] Train-accuracy=0.366667
2018-12-13 17:15:44,158 - root - INFO - Epoch[13] Train-cross-entropy=2.639410
2018-12-13 17:15:44,158 - root - INFO - Epoch[13] Train-mse=104.339541
2018-12-13 17:15:44,158 - root - INFO - Epoch[13] Time cost=0.214
2018-12-13 17:15:44,779 - root - INFO - Epoch[13] Validation-accuracy=0.400000
2018-12-13 17:15:44,779 - root - INFO - Epoch[13] Validation-cross-entropy=2.651842
2018-12-13 17:15:44,779 - root - INFO - Epoch[13] Validation-mse=45.717939
2018-12-13 17:15:45,006 - root - INFO - Epoch[14] Train-accuracy=0.366667
2018-12-13 17:15:45,006 - root - INFO - Epoch[14] Train-cross-entropy=2.613521
2018-12-13 17:15:45,006 - root - INFO - Epoch[14] Train-mse=104.339645
2018-12-13 17:15:45,006 - root - INFO - Epoch[14] Time cost=0.226
2018-12-13 17:15:45,786 - root - INFO - Saved checkpoint to "params/miniPascalVOC_AlexNet-0015.params"
2018-12-13 17:15:45,868 - root - INFO - Epoch[14] Validation-accuracy=0.400000
2018-12-13 17:15:45,868 - root - INFO - Epoch[14] Validation-cross-entropy=2.628849
2018-12-13 17:15:45,868 - root - INFO - Epoch[14] Validation-mse=45.718056
2018-12-13 17:15:46,087 - root - INFO - Epoch[15] Train-accuracy=0.366667
2018-12-13 17:15:46,087 - root - INFO - Epoch[15] Train-cross-entropy=2.587296
2018-12-13 17:15:46,087 - root - INFO - Epoch[15] Train-mse=104.339770
2018-12-13 17:15:46,087 - root - INFO - Epoch[15] Time cost=0.219
2018-12-13 17:15:46,713 - root - INFO - Epoch[15] Validation-accuracy=0.400000
2018-12-13 17:15:46,713 - root - INFO - Epoch[15] Validation-cross-entropy=2.607348
2018-12-13 17:15:46,713 - root - INFO - Epoch[15] Validation-mse=45.718197
2018-12-13 17:15:46,933 - root - INFO - Epoch[16] Train-accuracy=0.366667
2018-12-13 17:15:46,933 - root - INFO - Epoch[16] Train-cross-entropy=2.562412
2018-12-13 17:15:46,933 - root - INFO - Epoch[16] Train-mse=104.339915
2018-12-13 17:15:46,933 - root - INFO - Epoch[16] Time cost=0.220
2018-12-13 17:15:47,556 - root - INFO - Epoch[16] Validation-accuracy=0.400000
2018-12-13 17:15:47,606 - root - INFO - Epoch[16] Validation-cross-entropy=2.587371
2018-12-13 17:15:47,606 - root - INFO - Epoch[16] Validation-mse=45.718359
2018-12-13 17:15:47,822 - root - INFO - Epoch[17] Train-accuracy=0.366667
2018-12-13 17:15:47,822 - root - INFO - Epoch[17] Train-cross-entropy=2.539435
2018-12-13 17:15:47,822 - root - INFO - Epoch[17] Train-mse=104.340088
2018-12-13 17:15:47,822 - root - INFO - Epoch[17] Time cost=0.215
2018-12-13 17:15:48,446 - root - INFO - Epoch[17] Validation-accuracy=0.400000
2018-12-13 17:15:48,446 - root - INFO - Epoch[17] Validation-cross-entropy=2.568983
2018-12-13 17:15:48,446 - root - INFO - Epoch[17] Validation-mse=45.718544
2018-12-13 17:15:48,665 - root - INFO - Epoch[18] Train-accuracy=0.366667
2018-12-13 17:15:48,665 - root - INFO - Epoch[18] Train-cross-entropy=2.518865
2018-12-13 17:15:48,665 - root - INFO - Epoch[18] Train-mse=104.340284
2018-12-13 17:15:48,665 - root - INFO - Epoch[18] Time cost=0.219
2018-12-13 17:15:49,278 - root - INFO - Epoch[18] Validation-accuracy=0.400000
2018-12-13 17:15:49,278 - root - INFO - Epoch[18] Validation-cross-entropy=2.552273
2018-12-13 17:15:49,278 - root - INFO - Epoch[18] Validation-mse=45.718760
2018-12-13 17:15:49,501 - root - INFO - Epoch[19] Train-accuracy=0.366667
2018-12-13 17:15:49,501 - root - INFO - Epoch[19] Train-cross-entropy=2.499478
2018-12-13 17:15:49,501 - root - INFO - Epoch[19] Train-mse=104.340510
2018-12-13 17:15:49,501 - root - INFO - Epoch[19] Time cost=0.223
2018-12-13 17:15:50,236 - root - INFO - Saved checkpoint to "params/miniPascalVOC_AlexNet-0020.params"
2018-12-13 17:15:50,300 - root - INFO - Epoch[19] Validation-accuracy=0.400000
2018-12-13 17:15:50,300 - root - INFO - Epoch[19] Validation-cross-entropy=2.537282
2018-12-13 17:15:50,300 - root - INFO - Epoch[19] Validation-mse=45.718994
2018-12-13 17:15:50,512 - root - INFO - Epoch[20] Train-accuracy=0.366667
2018-12-13 17:15:50,512 - root - INFO - Epoch[20] Train-cross-entropy=2.480784
2018-12-13 17:15:50,512 - root - INFO - Epoch[20] Train-mse=104.340744
2018-12-13 17:15:50,512 - root - INFO - Epoch[20] Time cost=0.213
2018-12-13 17:15:51,133 - root - INFO - Epoch[20] Validation-accuracy=0.400000
2018-12-13 17:15:51,133 - root - INFO - Epoch[20] Validation-cross-entropy=2.524031
2018-12-13 17:15:51,133 - root - INFO - Epoch[20] Validation-mse=45.719254
2018-12-13 17:15:51,349 - root - INFO - Epoch[21] Train-accuracy=0.366667
2018-12-13 17:15:51,350 - root - INFO - Epoch[21] Train-cross-entropy=2.465124
2018-12-13 17:15:51,350 - root - INFO - Epoch[21] Train-mse=104.341029
2018-12-13 17:15:51,350 - root - INFO - Epoch[21] Time cost=0.217
2018-12-13 17:15:51,962 - root - INFO - Epoch[21] Validation-accuracy=0.400000
2018-12-13 17:15:51,963 - root - INFO - Epoch[21] Validation-cross-entropy=2.512494
2018-12-13 17:15:51,963 - root - INFO - Epoch[21] Validation-mse=45.719542
2018-12-13 17:15:52,177 - root - INFO - Epoch[22] Train-accuracy=0.366667
2018-12-13 17:15:52,177 - root - INFO - Epoch[22] Train-cross-entropy=2.450308
2018-12-13 17:15:52,177 - root - INFO - Epoch[22] Train-mse=104.341306
2018-12-13 17:15:52,177 - root - INFO - Epoch[22] Time cost=0.214
2018-12-13 17:15:52,804 - root - INFO - Epoch[22] Validation-accuracy=0.400000
2018-12-13 17:15:52,804 - root - INFO - Epoch[22] Validation-cross-entropy=2.502712
2018-12-13 17:15:53,196 - root - INFO - Epoch[22] Validation-mse=45.719845
2018-12-13 17:15:53,421 - root - INFO - Epoch[23] Train-accuracy=0.366667
2018-12-13 17:15:53,421 - root - INFO - Epoch[23] Train-cross-entropy=2.436851
2018-12-13 17:15:53,421 - root - INFO - Epoch[23] Train-mse=104.341626
2018-12-13 17:15:53,421 - root - INFO - Epoch[23] Time cost=0.224
2018-12-13 17:15:54,040 - root - INFO - Epoch[23] Validation-accuracy=0.400000
2018-12-13 17:15:54,041 - root - INFO - Epoch[23] Validation-cross-entropy=2.494574
2018-12-13 17:15:54,041 - root - INFO - Epoch[23] Validation-mse=45.720161
2018-12-13 17:15:54,254 - root - INFO - Epoch[24] Train-accuracy=0.366667
2018-12-13 17:15:54,254 - root - INFO - Epoch[24] Train-cross-entropy=2.424154
2018-12-13 17:15:54,254 - root - INFO - Epoch[24] Train-mse=104.341927
2018-12-13 17:15:54,255 - root - INFO - Epoch[24] Time cost=0.214
2018-12-13 17:15:55,026 - root - INFO - Saved checkpoint to "params/miniPascalVOC_AlexNet-0025.params"
2018-12-13 17:15:55,098 - root - INFO - Epoch[24] Validation-accuracy=0.400000
2018-12-13 17:15:55,098 - root - INFO - Epoch[24] Validation-cross-entropy=2.488040
2018-12-13 17:15:55,098 - root - INFO - Epoch[24] Validation-mse=45.720495
2018-12-13 17:15:55,326 - root - INFO - Epoch[25] Train-accuracy=0.366667
2018-12-13 17:15:55,326 - root - INFO - Epoch[25] Train-cross-entropy=2.413598
2018-12-13 17:15:55,326 - root - INFO - Epoch[25] Train-mse=104.342285
2018-12-13 17:15:55,326 - root - INFO - Epoch[25] Time cost=0.227
2018-12-13 17:15:55,957 - root - INFO - Epoch[25] Validation-accuracy=0.400000
2018-12-13 17:15:55,957 - root - INFO - Epoch[25] Validation-cross-entropy=2.483007
2018-12-13 17:15:55,957 - root - INFO - Epoch[25] Validation-mse=45.720829
2018-12-13 17:15:56,171 - root - INFO - Epoch[26] Train-accuracy=0.366667
2018-12-13 17:15:56,171 - root - INFO - Epoch[26] Train-cross-entropy=2.402642
2018-12-13 17:15:56,171 - root - INFO - Epoch[26] Train-mse=104.342601
2018-12-13 17:15:56,171 - root - INFO - Epoch[26] Time cost=0.214
2018-12-13 17:15:56,792 - root - INFO - Epoch[26] Validation-accuracy=0.400000
2018-12-13 17:15:56,792 - root - INFO - Epoch[26] Validation-cross-entropy=2.479357
2018-12-13 17:15:56,792 - root - INFO - Epoch[26] Validation-mse=45.721169
2018-12-13 17:15:57,014 - root - INFO - Epoch[27] Train-accuracy=0.366667
2018-12-13 17:15:57,014 - root - INFO - Epoch[27] Train-cross-entropy=2.395007
2018-12-13 17:15:57,014 - root - INFO - Epoch[27] Train-mse=104.342921
2018-12-13 17:15:57,014 - root - INFO - Epoch[27] Time cost=0.222
2018-12-13 17:15:57,639 - root - INFO - Epoch[27] Validation-accuracy=0.400000
2018-12-13 17:15:57,639 - root - INFO - Epoch[27] Validation-cross-entropy=2.476927
2018-12-13 17:15:57,639 - root - INFO - Epoch[27] Validation-mse=45.721495
2018-12-13 17:15:57,853 - root - INFO - Epoch[28] Train-accuracy=0.366667
2018-12-13 17:15:57,853 - root - INFO - Epoch[28] Train-cross-entropy=2.388606
2018-12-13 17:15:57,964 - root - INFO - Epoch[28] Train-mse=104.343287
2018-12-13 17:15:57,964 - root - INFO - Epoch[28] Time cost=0.324
2018-12-13 17:15:58,547 - root - INFO - Epoch[28] Validation-accuracy=0.400000
2018-12-13 17:15:58,547 - root - INFO - Epoch[28] Validation-cross-entropy=2.475616
2018-12-13 17:15:58,547 - root - INFO - Epoch[28] Validation-mse=45.721809
2018-12-13 17:15:58,763 - root - INFO - Epoch[29] Train-accuracy=0.366667
2018-12-13 17:15:58,763 - root - INFO - Epoch[29] Train-cross-entropy=2.380644
2018-12-13 17:15:58,763 - root - INFO - Epoch[29] Train-mse=104.343552
2018-12-13 17:15:58,763 - root - INFO - Epoch[29] Time cost=0.216
2018-12-13 17:15:59,466 - root - INFO - Saved checkpoint to "params/miniPascalVOC_AlexNet-0030.params"
2018-12-13 17:15:59,534 - root - INFO - Epoch[29] Validation-accuracy=0.400000
2018-12-13 17:15:59,534 - root - INFO - Epoch[29] Validation-cross-entropy=2.475254
2018-12-13 17:15:59,534 - root - INFO - Epoch[29] Validation-mse=45.722099
2018-12-13 17:15:59,755 - root - INFO - Epoch[30] Train-accuracy=0.366667
2018-12-13 17:15:59,755 - root - INFO - Epoch[30] Train-cross-entropy=2.375928
2018-12-13 17:15:59,755 - root - INFO - Epoch[30] Train-mse=104.343854
2018-12-13 17:15:59,755 - root - INFO - Epoch[30] Time cost=0.221
2018-12-13 17:16:00,402 - root - INFO - Epoch[30] Validation-accuracy=0.400000
2018-12-13 17:16:00,402 - root - INFO - Epoch[30] Validation-cross-entropy=2.475678
2018-12-13 17:16:00,403 - root - INFO - Epoch[30] Validation-mse=45.722368
2018-12-13 17:16:00,619 - root - INFO - Epoch[31] Train-accuracy=0.366667
2018-12-13 17:16:00,619 - root - INFO - Epoch[31] Train-cross-entropy=2.369448
2018-12-13 17:16:00,620 - root - INFO - Epoch[31] Train-mse=104.344124
2018-12-13 17:16:00,620 - root - INFO - Epoch[31] Time cost=0.217
2018-12-13 17:16:01,261 - root - INFO - Epoch[31] Validation-accuracy=0.400000
2018-12-13 17:16:01,261 - root - INFO - Epoch[31] Validation-cross-entropy=2.476731
2018-12-13 17:16:01,261 - root - INFO - Epoch[31] Validation-mse=45.722603
2018-12-13 17:16:01,481 - root - INFO - Epoch[32] Train-accuracy=0.366667
2018-12-13 17:16:01,481 - root - INFO - Epoch[32] Train-cross-entropy=2.363975
2018-12-13 17:16:01,481 - root - INFO - Epoch[32] Train-mse=104.344325
2018-12-13 17:16:01,481 - root - INFO - Epoch[32] Time cost=0.220
2018-12-13 17:16:02,125 - root - INFO - Epoch[32] Validation-accuracy=0.400000
2018-12-13 17:16:02,125 - root - INFO - Epoch[32] Validation-cross-entropy=2.478269
2018-12-13 17:16:02,125 - root - INFO - Epoch[32] Validation-mse=45.722811
2018-12-13 17:16:02,339 - root - INFO - Epoch[33] Train-accuracy=0.366667
2018-12-13 17:16:02,339 - root - INFO - Epoch[33] Train-cross-entropy=2.360154
2018-12-13 17:16:02,339 - root - INFO - Epoch[33] Train-mse=104.344493
2018-12-13 17:16:02,339 - root - INFO - Epoch[33] Time cost=0.214
2018-12-13 17:16:02,982 - root - INFO - Epoch[33] Validation-accuracy=0.400000
2018-12-13 17:16:02,982 - root - INFO - Epoch[33] Validation-cross-entropy=2.480224
2018-12-13 17:16:03,209 - root - INFO - Epoch[33] Validation-mse=45.722988
2018-12-13 17:16:03,455 - root - INFO - Epoch[34] Train-accuracy=0.366667
2018-12-13 17:16:03,455 - root - INFO - Epoch[34] Train-cross-entropy=2.352883
2018-12-13 17:16:03,455 - root - INFO - Epoch[34] Train-mse=104.344696
2018-12-13 17:16:03,455 - root - INFO - Epoch[34] Time cost=0.246
2018-12-13 17:16:04,217 - root - INFO - Saved checkpoint to "params/miniPascalVOC_AlexNet-0035.params"
2018-12-13 17:16:04,297 - root - INFO - Epoch[34] Validation-accuracy=0.400000
2018-12-13 17:16:04,297 - root - INFO - Epoch[34] Validation-cross-entropy=2.482480
2018-12-13 17:16:04,297 - root - INFO - Epoch[34] Validation-mse=45.723139
2018-12-13 17:16:04,536 - root - INFO - Epoch[35] Train-accuracy=0.366667
2018-12-13 17:16:04,536 - root - INFO - Epoch[35] Train-cross-entropy=2.350453
2018-12-13 17:16:04,536 - root - INFO - Epoch[35] Train-mse=104.344838
2018-12-13 17:16:04,536 - root - INFO - Epoch[35] Time cost=0.238
2018-12-13 17:16:05,181 - root - INFO - Epoch[35] Validation-accuracy=0.400000
2018-12-13 17:16:05,181 - root - INFO - Epoch[35] Validation-cross-entropy=2.484987
2018-12-13 17:16:05,181 - root - INFO - Epoch[35] Validation-mse=45.723257
2018-12-13 18:13:19,154 - root - INFO - Epoch[0] Train-accuracy=0.266667
2018-12-13 18:13:19,154 - root - INFO - Epoch[0] Train-cross-entropy=2.994123
2018-12-13 18:13:19,154 - root - INFO - Epoch[0] Train-mse=104.339167
2018-12-13 18:13:19,154 - root - INFO - Epoch[0] Time cost=2.122
2018-12-13 18:13:19,793 - root - INFO - Epoch[0] Validation-accuracy=0.400000
2018-12-13 18:13:19,793 - root - INFO - Epoch[0] Validation-cross-entropy=2.988714
2018-12-13 18:13:19,793 - root - INFO - Epoch[0] Validation-mse=45.717499
2018-12-13 18:13:20,015 - root - INFO - Epoch[1] Train-accuracy=0.366667
2018-12-13 18:13:20,015 - root - INFO - Epoch[1] Train-cross-entropy=2.983709
2018-12-13 18:13:20,015 - root - INFO - Epoch[1] Train-mse=104.339162
2018-12-13 18:13:20,015 - root - INFO - Epoch[1] Time cost=0.222
2018-12-13 18:13:20,662 - root - INFO - Epoch[1] Validation-accuracy=0.400000
2018-12-13 18:13:20,662 - root - INFO - Epoch[1] Validation-cross-entropy=2.973729
2018-12-13 18:13:20,662 - root - INFO - Epoch[1] Validation-mse=45.717499
2018-12-13 18:13:20,880 - root - INFO - Epoch[2] Train-accuracy=0.366667
2018-12-13 18:13:20,880 - root - INFO - Epoch[2] Train-cross-entropy=2.965545
2018-12-13 18:13:20,880 - root - INFO - Epoch[2] Train-mse=104.339167
2018-12-13 18:13:20,880 - root - INFO - Epoch[2] Time cost=0.218
2018-12-13 18:13:21,523 - root - INFO - Epoch[2] Validation-accuracy=0.400000
2018-12-13 18:13:21,523 - root - INFO - Epoch[2] Validation-cross-entropy=2.953136
2018-12-13 18:13:21,523 - root - INFO - Epoch[2] Validation-mse=45.717499
2018-12-13 18:13:21,739 - root - INFO - Epoch[3] Train-accuracy=0.366667
2018-12-13 18:13:21,739 - root - INFO - Epoch[3] Train-cross-entropy=2.941967
2018-12-13 18:13:21,740 - root - INFO - Epoch[3] Train-mse=104.339167
2018-12-13 18:13:21,740 - root - INFO - Epoch[3] Time cost=0.216
2018-12-13 18:13:22,381 - root - INFO - Epoch[3] Validation-accuracy=0.400000
2018-12-13 18:13:22,381 - root - INFO - Epoch[3] Validation-cross-entropy=2.928733
2018-12-13 18:13:22,382 - root - INFO - Epoch[3] Validation-mse=45.717506
2018-12-13 18:13:22,598 - root - INFO - Epoch[4] Train-accuracy=0.366667
2018-12-13 18:13:22,598 - root - INFO - Epoch[4] Train-cross-entropy=2.914737
2018-12-13 18:13:22,598 - root - INFO - Epoch[4] Train-mse=104.339177
2018-12-13 18:13:22,598 - root - INFO - Epoch[4] Time cost=0.216
2018-12-13 18:13:23,302 - root - INFO - Saved checkpoint to "params/miniPascalVOC_AlexNet-0005.params"
2018-12-13 18:13:23,366 - root - INFO - Epoch[4] Validation-accuracy=0.400000
2018-12-13 18:13:23,366 - root - INFO - Epoch[4] Validation-cross-entropy=2.901864
2018-12-13 18:13:23,366 - root - INFO - Epoch[4] Validation-mse=45.717512
2018-12-13 18:13:23,581 - root - INFO - Epoch[5] Train-accuracy=0.366667
2018-12-13 18:13:23,581 - root - INFO - Epoch[5] Train-cross-entropy=2.885167
2018-12-13 18:13:23,581 - root - INFO - Epoch[5] Train-mse=104.339183
2018-12-13 18:13:23,581 - root - INFO - Epoch[5] Time cost=0.215
2018-12-13 18:13:24,206 - root - INFO - Epoch[5] Validation-accuracy=0.400000
2018-12-13 18:13:24,207 - root - INFO - Epoch[5] Validation-cross-entropy=2.873530
2018-12-13 18:13:24,207 - root - INFO - Epoch[5] Validation-mse=45.717525
2018-12-13 18:13:24,435 - root - INFO - Epoch[6] Train-accuracy=0.366667
2018-12-13 18:13:24,436 - root - INFO - Epoch[6] Train-cross-entropy=2.854234
2018-12-13 18:13:24,436 - root - INFO - Epoch[6] Train-mse=104.339198
2018-12-13 18:13:24,436 - root - INFO - Epoch[6] Time cost=0.229
2018-12-13 18:13:25,067 - root - INFO - Epoch[6] Validation-accuracy=0.400000
2018-12-13 18:13:25,067 - root - INFO - Epoch[6] Validation-cross-entropy=2.844477
2018-12-13 18:13:25,067 - root - INFO - Epoch[6] Validation-mse=45.717541
2018-12-13 18:13:25,285 - root - INFO - Epoch[7] Train-accuracy=0.366667
2018-12-13 18:13:25,286 - root - INFO - Epoch[7] Train-cross-entropy=2.822659
2018-12-13 18:13:25,286 - root - INFO - Epoch[7] Train-mse=104.339213
2018-12-13 18:13:25,286 - root - INFO - Epoch[7] Time cost=0.219
2018-12-13 18:13:25,919 - root - INFO - Epoch[7] Validation-accuracy=0.400000
2018-12-13 18:13:25,919 - root - INFO - Epoch[7] Validation-cross-entropy=2.815262
2018-12-13 18:13:25,919 - root - INFO - Epoch[7] Validation-mse=45.717564
2018-12-13 18:13:26,143 - root - INFO - Epoch[8] Train-accuracy=0.366667
2018-12-13 18:13:26,144 - root - INFO - Epoch[8] Train-cross-entropy=2.790981
2018-12-13 18:13:26,144 - root - INFO - Epoch[8] Train-mse=104.339241
2018-12-13 18:13:26,144 - root - INFO - Epoch[8] Time cost=0.224
2018-12-13 18:13:26,765 - root - INFO - Epoch[8] Validation-accuracy=0.400000
2018-12-13 18:13:26,766 - root - INFO - Epoch[8] Validation-cross-entropy=2.786301
2018-12-13 18:13:26,766 - root - INFO - Epoch[8] Validation-mse=45.717598
2018-12-13 18:13:26,982 - root - INFO - Epoch[9] Train-accuracy=0.366667
2018-12-13 18:13:26,982 - root - INFO - Epoch[9] Train-cross-entropy=2.759596
2018-12-13 18:13:26,982 - root - INFO - Epoch[9] Train-mse=104.339269
2018-12-13 18:13:26,982 - root - INFO - Epoch[9] Time cost=0.216
2018-12-13 18:13:27,773 - root - INFO - Saved checkpoint to "params/miniPascalVOC_AlexNet-0010.params"
2018-12-13 18:13:27,843 - root - INFO - Epoch[9] Validation-accuracy=0.400000
2018-12-13 18:13:27,843 - root - INFO - Epoch[9] Validation-cross-entropy=2.757906
2018-12-13 18:13:27,843 - root - INFO - Epoch[9] Validation-mse=45.717636
2018-12-13 18:13:28,077 - root - INFO - Epoch[10] Train-accuracy=0.366667
2018-12-13 18:13:28,077 - root - INFO - Epoch[10] Train-cross-entropy=2.728803
2018-12-13 18:13:28,077 - root - INFO - Epoch[10] Train-mse=104.339312
2018-12-13 18:13:28,077 - root - INFO - Epoch[10] Time cost=0.233
2018-12-13 18:13:28,710 - root - INFO - Epoch[10] Validation-accuracy=0.400000
2018-12-13 18:13:28,710 - root - INFO - Epoch[10] Validation-cross-entropy=2.730316
2018-12-13 18:13:28,710 - root - INFO - Epoch[10] Validation-mse=45.717688
2018-12-13 18:13:28,926 - root - INFO - Epoch[11] Train-accuracy=0.366667
2018-12-13 18:13:28,926 - root - INFO - Epoch[11] Train-cross-entropy=2.698826
2018-12-13 18:13:28,927 - root - INFO - Epoch[11] Train-mse=104.339378
2018-12-13 18:13:28,927 - root - INFO - Epoch[11] Time cost=0.216
2018-12-13 18:13:29,557 - root - INFO - Epoch[11] Validation-accuracy=0.400000
2018-12-13 18:13:29,557 - root - INFO - Epoch[11] Validation-cross-entropy=2.703720
2018-12-13 18:13:29,557 - root - INFO - Epoch[11] Validation-mse=45.717754
2018-12-13 18:13:29,774 - root - INFO - Epoch[12] Train-accuracy=0.366667
2018-12-13 18:13:29,774 - root - INFO - Epoch[12] Train-cross-entropy=2.669833
2018-12-13 18:13:29,774 - root - INFO - Epoch[12] Train-mse=104.339442
2018-12-13 18:13:29,774 - root - INFO - Epoch[12] Time cost=0.217
2018-12-13 18:13:30,402 - root - INFO - Epoch[12] Validation-accuracy=0.400000
2018-12-13 18:13:30,402 - root - INFO - Epoch[12] Validation-cross-entropy=2.678261
2018-12-13 18:13:30,402 - root - INFO - Epoch[12] Validation-mse=45.717833
2018-12-13 18:13:30,614 - root - INFO - Epoch[13] Train-accuracy=0.366667
2018-12-13 18:13:30,614 - root - INFO - Epoch[13] Train-cross-entropy=2.641957
2018-12-13 18:13:30,614 - root - INFO - Epoch[13] Train-mse=104.339533
2018-12-13 18:13:30,615 - root - INFO - Epoch[13] Time cost=0.212
2018-12-13 18:13:31,253 - root - INFO - Epoch[13] Validation-accuracy=0.400000
2018-12-13 18:13:31,253 - root - INFO - Epoch[13] Validation-cross-entropy=2.654060
2018-12-13 18:13:31,253 - root - INFO - Epoch[13] Validation-mse=45.717930
2018-12-13 18:13:31,471 - root - INFO - Epoch[14] Train-accuracy=0.366667
2018-12-13 18:13:31,471 - root - INFO - Epoch[14] Train-cross-entropy=2.615300
2018-12-13 18:13:31,471 - root - INFO - Epoch[14] Train-mse=104.339630
2018-12-13 18:13:31,471 - root - INFO - Epoch[14] Time cost=0.218
2018-12-13 18:13:33,374 - root - INFO - Saved checkpoint to "params/miniPascalVOC_AlexNet-0015.params"
2018-12-13 18:13:33,438 - root - INFO - Epoch[14] Validation-accuracy=0.400000
2018-12-13 18:13:33,438 - root - INFO - Epoch[14] Validation-cross-entropy=2.631213
2018-12-13 18:13:33,439 - root - INFO - Epoch[14] Validation-mse=45.718039
2018-12-13 18:13:33,660 - root - INFO - Epoch[15] Train-accuracy=0.366667
2018-12-13 18:13:33,660 - root - INFO - Epoch[15] Train-cross-entropy=2.589945
2018-12-13 18:13:33,660 - root - INFO - Epoch[15] Train-mse=104.339752
2018-12-13 18:13:33,660 - root - INFO - Epoch[15] Time cost=0.222
2018-12-13 18:13:34,301 - root - INFO - Epoch[15] Validation-accuracy=0.400000
2018-12-13 18:13:34,301 - root - INFO - Epoch[15] Validation-cross-entropy=2.609800
2018-12-13 18:13:34,301 - root - INFO - Epoch[15] Validation-mse=45.718178
2018-12-13 18:13:34,519 - root - INFO - Epoch[16] Train-accuracy=0.366667
2018-12-13 18:13:34,519 - root - INFO - Epoch[16] Train-cross-entropy=2.565953
2018-12-13 18:13:34,519 - root - INFO - Epoch[16] Train-mse=104.339895
2018-12-13 18:13:34,519 - root - INFO - Epoch[16] Time cost=0.217
2018-12-13 18:13:35,179 - root - INFO - Epoch[16] Validation-accuracy=0.400000
2018-12-13 18:13:35,180 - root - INFO - Epoch[16] Validation-cross-entropy=2.589893
2018-12-13 18:13:35,180 - root - INFO - Epoch[16] Validation-mse=45.718334
2018-12-13 18:13:35,398 - root - INFO - Epoch[17] Train-accuracy=0.366667
2018-12-13 18:13:35,398 - root - INFO - Epoch[17] Train-cross-entropy=2.543374
2018-12-13 18:13:35,398 - root - INFO - Epoch[17] Train-mse=104.340062
2018-12-13 18:13:35,398 - root - INFO - Epoch[17] Time cost=0.219
2018-12-13 18:13:36,025 - root - INFO - Epoch[17] Validation-accuracy=0.400000
2018-12-13 18:13:36,025 - root - INFO - Epoch[17] Validation-cross-entropy=2.571545
2018-12-13 18:13:36,025 - root - INFO - Epoch[17] Validation-mse=45.718510
2018-12-13 18:13:36,244 - root - INFO - Epoch[18] Train-accuracy=0.366667
2018-12-13 18:13:36,245 - root - INFO - Epoch[18] Train-cross-entropy=2.522247
2018-12-13 18:13:36,245 - root - INFO - Epoch[18] Train-mse=104.340256
2018-12-13 18:13:36,245 - root - INFO - Epoch[18] Time cost=0.220
2018-12-13 18:13:36,893 - root - INFO - Epoch[18] Validation-accuracy=0.400000
2018-12-13 18:13:36,893 - root - INFO - Epoch[18] Validation-cross-entropy=2.554804
2018-12-13 18:13:36,894 - root - INFO - Epoch[18] Validation-mse=45.718718
2018-12-13 18:13:37,110 - root - INFO - Epoch[19] Train-accuracy=0.366667
2018-12-13 18:13:37,110 - root - INFO - Epoch[19] Train-cross-entropy=2.502594
2018-12-13 18:13:37,110 - root - INFO - Epoch[19] Train-mse=104.340459
2018-12-13 18:13:37,110 - root - INFO - Epoch[19] Time cost=0.217
2018-12-13 18:13:37,819 - root - INFO - Saved checkpoint to "params/miniPascalVOC_AlexNet-0020.params"
2018-12-13 18:13:37,882 - root - INFO - Epoch[19] Validation-accuracy=0.400000
2018-12-13 18:13:37,882 - root - INFO - Epoch[19] Validation-cross-entropy=2.539704
2018-12-13 18:13:37,882 - root - INFO - Epoch[19] Validation-mse=45.718946
2018-12-13 18:13:38,103 - root - INFO - Epoch[20] Train-accuracy=0.366667
2018-12-13 18:13:38,103 - root - INFO - Epoch[20] Train-cross-entropy=2.484429
2018-12-13 18:13:38,103 - root - INFO - Epoch[20] Train-mse=104.340698
2018-12-13 18:13:38,103 - root - INFO - Epoch[20] Time cost=0.221
2018-12-13 18:13:38,761 - root - INFO - Epoch[20] Validation-accuracy=0.400000
2018-12-13 18:13:38,761 - root - INFO - Epoch[20] Validation-cross-entropy=2.526268
2018-12-13 18:13:38,761 - root - INFO - Epoch[20] Validation-mse=45.719200
2018-12-13 18:13:38,977 - root - INFO - Epoch[21] Train-accuracy=0.366667
2018-12-13 18:13:38,978 - root - INFO - Epoch[21] Train-cross-entropy=2.467749
2018-12-13 18:13:38,978 - root - INFO - Epoch[21] Train-mse=104.340968
2018-12-13 18:13:38,978 - root - INFO - Epoch[21] Time cost=0.217
2018-12-13 18:13:39,621 - root - INFO - Epoch[21] Validation-accuracy=0.400000
2018-12-13 18:13:39,621 - root - INFO - Epoch[21] Validation-cross-entropy=2.514502
2018-12-13 18:13:39,621 - root - INFO - Epoch[21] Validation-mse=45.719481
2018-12-13 18:13:39,837 - root - INFO - Epoch[22] Train-accuracy=0.366667
2018-12-13 18:13:39,837 - root - INFO - Epoch[22] Train-cross-entropy=2.452535
2018-12-13 18:13:39,837 - root - INFO - Epoch[22] Train-mse=104.341240
2018-12-13 18:13:39,837 - root - INFO - Epoch[22] Time cost=0.216
2018-12-13 18:13:40,485 - root - INFO - Epoch[22] Validation-accuracy=0.400000
2018-12-13 18:13:40,485 - root - INFO - Epoch[22] Validation-cross-entropy=2.504395
2018-12-13 18:13:40,485 - root - INFO - Epoch[22] Validation-mse=45.719778
2018-12-13 18:13:40,702 - root - INFO - Epoch[23] Train-accuracy=0.366667
2018-12-13 18:13:40,702 - root - INFO - Epoch[23] Train-cross-entropy=2.438753
2018-12-13 18:13:40,702 - root - INFO - Epoch[23] Train-mse=104.341555
2018-12-13 18:13:40,702 - root - INFO - Epoch[23] Time cost=0.216
2018-12-13 18:13:41,345 - root - INFO - Epoch[23] Validation-accuracy=0.400000
2018-12-13 18:13:41,345 - root - INFO - Epoch[23] Validation-cross-entropy=2.495917
2018-12-13 18:13:41,345 - root - INFO - Epoch[23] Validation-mse=45.720093
2018-12-13 18:13:41,562 - root - INFO - Epoch[24] Train-accuracy=0.366667
2018-12-13 18:13:41,562 - root - INFO - Epoch[24] Train-cross-entropy=2.426347
2018-12-13 18:13:41,562 - root - INFO - Epoch[24] Train-mse=104.341876
2018-12-13 18:13:41,562 - root - INFO - Epoch[24] Time cost=0.216
2018-12-13 18:13:42,510 - root - INFO - Saved checkpoint to "params/miniPascalVOC_AlexNet-0025.params"
2018-12-13 18:13:42,592 - root - INFO - Epoch[24] Validation-accuracy=0.400000
2018-12-13 18:13:42,592 - root - INFO - Epoch[24] Validation-cross-entropy=2.489013
2018-12-13 18:13:42,592 - root - INFO - Epoch[24] Validation-mse=45.720427
2018-12-13 18:13:42,815 - root - INFO - Epoch[25] Train-accuracy=0.366667
2018-12-13 18:13:42,815 - root - INFO - Epoch[25] Train-cross-entropy=2.415240
2018-12-13 18:13:42,815 - root - INFO - Epoch[25] Train-mse=104.342214
2018-12-13 18:13:42,815 - root - INFO - Epoch[25] Time cost=0.223
2018-12-13 18:13:43,460 - root - INFO - Epoch[25] Validation-accuracy=0.400000
2018-12-13 18:13:43,461 - root - INFO - Epoch[25] Validation-cross-entropy=2.483609
2018-12-13 18:13:43,461 - root - INFO - Epoch[25] Validation-mse=45.720762
2018-12-13 18:13:43,679 - root - INFO - Epoch[26] Train-accuracy=0.366667
2018-12-13 18:13:43,679 - root - INFO - Epoch[26] Train-cross-entropy=2.405339
2018-12-13 18:13:43,679 - root - INFO - Epoch[26] Train-mse=104.342555
2018-12-13 18:13:43,679 - root - INFO - Epoch[26] Time cost=0.218
2018-12-13 18:13:44,319 - root - INFO - Epoch[26] Validation-accuracy=0.400000
2018-12-13 18:13:44,320 - root - INFO - Epoch[26] Validation-cross-entropy=2.479607
2018-12-13 18:13:44,320 - root - INFO - Epoch[26] Validation-mse=45.721109
2018-12-13 18:13:44,538 - root - INFO - Epoch[27] Train-accuracy=0.366667
2018-12-13 18:13:44,538 - root - INFO - Epoch[27] Train-cross-entropy=2.396532
2018-12-13 18:13:44,538 - root - INFO - Epoch[27] Train-mse=104.342901
2018-12-13 18:13:44,538 - root - INFO - Epoch[27] Time cost=0.218
2018-12-13 18:13:45,181 - root - INFO - Epoch[27] Validation-accuracy=0.400000
2018-12-13 18:13:45,181 - root - INFO - Epoch[27] Validation-cross-entropy=2.476892
2018-12-13 18:13:45,181 - root - INFO - Epoch[27] Validation-mse=45.721451
2018-12-13 18:13:45,407 - root - INFO - Epoch[28] Train-accuracy=0.366667
2018-12-13 18:13:45,408 - root - INFO - Epoch[28] Train-cross-entropy=2.388691
2018-12-13 18:13:45,408 - root - INFO - Epoch[28] Train-mse=104.343239
2018-12-13 18:13:45,408 - root - INFO - Epoch[28] Time cost=0.227
2018-12-13 18:13:46,037 - root - INFO - Epoch[28] Validation-accuracy=0.400000
2018-12-13 18:13:46,047 - root - INFO - Epoch[28] Validation-cross-entropy=2.475330
2018-12-13 18:13:46,047 - root - INFO - Epoch[28] Validation-mse=45.721783
2018-12-13 18:13:46,283 - root - INFO - Epoch[29] Train-accuracy=0.366667
2018-12-13 18:13:46,284 - root - INFO - Epoch[29] Train-cross-entropy=2.381683
2018-12-13 18:13:46,284 - root - INFO - Epoch[29] Train-mse=104.343554
2018-12-13 18:13:46,284 - root - INFO - Epoch[29] Time cost=0.236
2018-12-13 18:13:47,220 - root - INFO - Saved checkpoint to "params/miniPascalVOC_AlexNet-0030.params"
2018-12-13 18:13:47,304 - root - INFO - Epoch[29] Validation-accuracy=0.400000
2018-12-13 18:13:47,304 - root - INFO - Epoch[29] Validation-cross-entropy=2.474780
2018-12-13 18:13:47,304 - root - INFO - Epoch[29] Validation-mse=45.722094
2018-12-13 18:13:47,529 - root - INFO - Epoch[30] Train-accuracy=0.366667
2018-12-13 18:13:47,529 - root - INFO - Epoch[30] Train-cross-entropy=2.375371
2018-12-13 18:13:47,529 - root - INFO - Epoch[30] Train-mse=104.343862
2018-12-13 18:13:47,529 - root - INFO - Epoch[30] Time cost=0.225
2018-12-13 18:13:48,163 - root - INFO - Epoch[30] Validation-accuracy=0.400000
2018-12-13 18:13:48,163 - root - INFO - Epoch[30] Validation-cross-entropy=2.475098
2018-12-13 18:13:48,163 - root - INFO - Epoch[30] Validation-mse=45.722382
2018-12-13 18:13:48,379 - root - INFO - Epoch[31] Train-accuracy=0.366667
2018-12-13 18:13:48,379 - root - INFO - Epoch[31] Train-cross-entropy=2.369622
2018-12-13 18:13:48,379 - root - INFO - Epoch[31] Train-mse=104.344152
2018-12-13 18:13:48,379 - root - INFO - Epoch[31] Time cost=0.216
2018-12-13 18:13:49,024 - root - INFO - Epoch[31] Validation-accuracy=0.400000
2018-12-13 18:13:49,024 - root - INFO - Epoch[31] Validation-cross-entropy=2.476138
2018-12-13 18:13:49,024 - root - INFO - Epoch[31] Validation-mse=45.722641
2018-12-13 18:13:49,241 - root - INFO - Epoch[32] Train-accuracy=0.366667
2018-12-13 18:13:49,241 - root - INFO - Epoch[32] Train-cross-entropy=2.364317
2018-12-13 18:13:49,241 - root - INFO - Epoch[32] Train-mse=104.344396
2018-12-13 18:13:49,242 - root - INFO - Epoch[32] Time cost=0.217
2018-12-13 18:13:49,877 - root - INFO - Epoch[32] Validation-accuracy=0.400000
2018-12-13 18:13:49,877 - root - INFO - Epoch[32] Validation-cross-entropy=2.477774
2018-12-13 18:13:49,877 - root - INFO - Epoch[32] Validation-mse=45.722876
2018-12-13 18:13:50,094 - root - INFO - Epoch[33] Train-accuracy=0.366667
2018-12-13 18:13:50,094 - root - INFO - Epoch[33] Train-cross-entropy=2.359350
2018-12-13 18:13:50,094 - root - INFO - Epoch[33] Train-mse=104.344617
2018-12-13 18:13:50,094 - root - INFO - Epoch[33] Time cost=0.217
2018-12-13 18:13:50,728 - root - INFO - Epoch[33] Validation-accuracy=0.400000
2018-12-13 18:13:50,728 - root - INFO - Epoch[33] Validation-cross-entropy=2.479887
2018-12-13 18:13:50,728 - root - INFO - Epoch[33] Validation-mse=45.723072
2018-12-13 18:13:50,944 - root - INFO - Epoch[34] Train-accuracy=0.366667
2018-12-13 18:13:50,944 - root - INFO - Epoch[34] Train-cross-entropy=2.354637
2018-12-13 18:13:50,944 - root - INFO - Epoch[34] Train-mse=104.344808
2018-12-13 18:13:50,944 - root - INFO - Epoch[34] Time cost=0.216
2018-12-13 18:13:51,761 - root - INFO - Saved checkpoint to "params/miniPascalVOC_AlexNet-0035.params"
2018-12-13 18:13:51,845 - root - INFO - Epoch[34] Validation-accuracy=0.400000
2018-12-13 18:13:51,845 - root - INFO - Epoch[34] Validation-cross-entropy=2.482380
2018-12-13 18:13:51,846 - root - INFO - Epoch[34] Validation-mse=45.723232
2018-12-13 18:13:52,068 - root - INFO - Epoch[35] Train-accuracy=0.366667
2018-12-13 18:13:52,069 - root - INFO - Epoch[35] Train-cross-entropy=2.350113
2018-12-13 18:13:52,069 - root - INFO - Epoch[35] Train-mse=104.344963
2018-12-13 18:13:52,069 - root - INFO - Epoch[35] Time cost=0.223
2018-12-13 18:13:52,711 - root - INFO - Epoch[35] Validation-accuracy=0.400000
2018-12-13 18:13:52,711 - root - INFO - Epoch[35] Validation-cross-entropy=2.485174
2018-12-13 18:13:52,711 - root - INFO - Epoch[35] Validation-mse=45.723364
