Epoch[0] Train-accuracy=0.433286
Epoch[0] Time cost=164.992
Epoch[0] Validation-accuracy=0.435280
Update[1001]: Change learning rate to 9.50000e-03
Epoch[1] Train-accuracy=0.433890
Epoch[1] Time cost=161.581
Epoch[1] Validation-accuracy=0.435000
Epoch[2] Train-accuracy=0.434032
Epoch[2] Time cost=162.040
Epoch[2] Validation-accuracy=0.435652
Update[2001]: Change learning rate to 9.02500e-03
Epoch[3] Train-accuracy=0.433925
Epoch[3] Time cost=161.862
Epoch[3] Validation-accuracy=0.435125
Epoch[4] Train-accuracy=0.434057
Epoch[4] Time cost=161.832
Saved checkpoint to "params/PascalVOC_AlexNet-0005.params"
Epoch[4] Validation-accuracy=0.435528
Update[3001]: Change learning rate to 8.57375e-03
Epoch[5] Train-accuracy=0.433854
Epoch[5] Time cost=162.685
Epoch[5] Validation-accuracy=0.434750
Epoch[6] Train-accuracy=0.434032
Epoch[6] Time cost=162.020
Epoch[6] Validation-accuracy=0.435776
Update[4001]: Change learning rate to 8.14506e-03
Epoch[7] Train-accuracy=0.433925
Epoch[7] Time cost=162.075
Epoch[7] Validation-accuracy=0.434625
Update[5001]: Change learning rate to 7.73781e-03
Epoch[8] Train-accuracy=0.434093
Epoch[8] Time cost=161.833
Epoch[8] Validation-accuracy=0.435776
Epoch[9] Train-accuracy=0.433854
Epoch[9] Time cost=162.290
Saved checkpoint to "params/PascalVOC_AlexNet-0010.params"
Epoch[9] Validation-accuracy=0.434875
Update[6001]: Change learning rate to 7.35092e-03
Epoch[10] Train-accuracy=0.433961
Epoch[10] Time cost=162.336
Epoch[10] Validation-accuracy=0.435652
Epoch[11] Train-accuracy=0.433925
Epoch[11] Time cost=162.734
Epoch[11] Validation-accuracy=0.434875
Update[7001]: Change learning rate to 6.98337e-03
Epoch[12] Train-accuracy=0.434128
Epoch[12] Time cost=162.461
Epoch[12] Validation-accuracy=0.435250
Epoch[13] Train-accuracy=0.433819
Epoch[13] Time cost=162.634
Epoch[13] Validation-accuracy=0.435280
Update[8001]: Change learning rate to 6.63420e-03
Epoch[14] Train-accuracy=0.433996
Epoch[14] Time cost=162.754
Saved checkpoint to "params/PascalVOC_AlexNet-0015.params"
Epoch[14] Validation-accuracy=0.435125
Update[9001]: Change learning rate to 6.30249e-03
Epoch[15] Train-accuracy=0.433961
Epoch[15] Time cost=162.492
Epoch[15] Validation-accuracy=0.435652
Epoch[16] Train-accuracy=0.434093
Epoch[16] Time cost=162.227
Epoch[16] Validation-accuracy=0.435000
Update[10001]: Change learning rate to 5.98737e-03
Epoch[17] Train-accuracy=0.433854
Epoch[17] Time cost=162.525
Epoch[17] Validation-accuracy=0.435528
Epoch[18] Train-accuracy=0.433925
Epoch[18] Time cost=162.512
Epoch[18] Validation-accuracy=0.434875
Update[11001]: Change learning rate to 5.68800e-03
Epoch[19] Train-accuracy=0.434032
Epoch[19] Time cost=162.331
Saved checkpoint to "params/PascalVOC_AlexNet-0020.params"
Epoch[19] Validation-accuracy=0.435776
Epoch[20] Train-accuracy=0.434021
Epoch[20] Time cost=162.004
Epoch[20] Validation-accuracy=0.434625
Update[12001]: Change learning rate to 5.40360e-03
Epoch[21] Train-accuracy=0.433925
Epoch[21] Time cost=162.354
Epoch[21] Validation-accuracy=0.435652
Epoch[22] Train-accuracy=0.433890
Epoch[22] Time cost=162.537
Epoch[22] Validation-accuracy=0.435000
Update[13001]: Change learning rate to 5.13342e-03
Epoch[23] Train-accuracy=0.434067
Epoch[23] Time cost=162.444
Epoch[23] Validation-accuracy=0.435528
Update[14001]: Change learning rate to 4.87675e-03
Epoch[24] Train-accuracy=0.433986
Epoch[24] Time cost=162.225
Saved checkpoint to "params/PascalVOC_AlexNet-0025.params"
Epoch[24] Validation-accuracy=0.435000
Epoch[25] Train-accuracy=0.433961
Epoch[25] Time cost=162.651
Epoch[25] Validation-accuracy=0.435125
Update[15001]: Change learning rate to 4.63291e-03
Epoch[26] Train-accuracy=0.433890
Epoch[26] Time cost=162.531
Epoch[26] Validation-accuracy=0.435404
Epoch[27] Train-accuracy=0.434032
Epoch[27] Time cost=162.499
Epoch[27] Validation-accuracy=0.435125
Update[16001]: Change learning rate to 4.40127e-03
Epoch[28] Train-accuracy=0.433925
Epoch[28] Time cost=162.636
Epoch[28] Validation-accuracy=0.435652
Epoch[29] Train-accuracy=0.434057
Epoch[29] Time cost=162.436
Saved checkpoint to "params/PascalVOC_AlexNet-0030.params"
Epoch[29] Validation-accuracy=0.434875
Update[17001]: Change learning rate to 4.18120e-03
Epoch[30] Train-accuracy=0.433854
Epoch[30] Time cost=162.757
Epoch[30] Validation-accuracy=0.435652
Update[18001]: Change learning rate to 3.97214e-03
Epoch[31] Train-accuracy=0.434032
Epoch[31] Time cost=162.778
Epoch[31] Validation-accuracy=0.434750
Epoch[32] Train-accuracy=0.433925
Epoch[32] Time cost=162.638
Epoch[32] Validation-accuracy=0.435776
Update[19001]: Change learning rate to 3.77354e-03
Epoch[33] Train-accuracy=0.434093
Epoch[33] Time cost=162.253
Epoch[33] Validation-accuracy=0.434625
Epoch[34] Train-accuracy=0.433854
Epoch[34] Time cost=162.490
Saved checkpoint to "params/PascalVOC_AlexNet-0035.params"
Epoch[34] Validation-accuracy=0.435776
Update[20001]: Change learning rate to 3.58486e-03
Epoch[35] Train-accuracy=0.433961
Epoch[35] Time cost=162.435
Epoch[35] Validation-accuracy=0.435000
2018-12-13 14:14:08,984 - root - INFO - Epoch[0] Train-accuracy=0.432695
2018-12-13 14:14:09,015 - root - INFO - Epoch[0] Train-cross-entropy=2.791275
2018-12-13 14:14:09,015 - root - INFO - Epoch[0] Train-mse=75.423741
2018-12-13 14:14:09,015 - root - INFO - Epoch[0] Time cost=146.109
2018-12-13 14:14:25,364 - root - INFO - Epoch[0] Validation-accuracy=0.435802
2018-12-13 14:14:25,364 - root - INFO - Epoch[0] Validation-cross-entropy=2.591812
2018-12-13 14:14:25,364 - root - INFO - Epoch[0] Validation-mse=75.098342
2018-12-13 14:16:15,940 - root - INFO - Update[501]: Change learning rate to 9.50000e-04
2018-12-13 14:16:48,127 - root - INFO - Epoch[1] Train-accuracy=0.433986
2018-12-13 14:16:48,127 - root - INFO - Epoch[1] Train-cross-entropy=2.459539
2018-12-13 14:16:48,127 - root - INFO - Epoch[1] Train-mse=75.389123
2018-12-13 14:16:48,127 - root - INFO - Epoch[1] Time cost=142.763
2018-12-13 14:17:03,638 - root - INFO - Epoch[1] Validation-accuracy=0.434875
2018-12-13 14:17:03,639 - root - INFO - Epoch[1] Validation-cross-entropy=2.358557
2018-12-13 14:17:03,639 - root - INFO - Epoch[1] Validation-mse=75.104425
2018-12-13 14:19:29,438 - root - INFO - Epoch[2] Train-accuracy=0.433830
2018-12-13 14:19:29,457 - root - INFO - Epoch[2] Train-cross-entropy=2.331939
2018-12-13 14:19:29,457 - root - INFO - Epoch[2] Train-mse=75.433680
2018-12-13 14:19:29,457 - root - INFO - Epoch[2] Time cost=145.818
2018-12-13 14:19:45,224 - root - INFO - Epoch[2] Validation-accuracy=0.435250
2018-12-13 14:19:45,224 - root - INFO - Epoch[2] Validation-cross-entropy=2.309130
2018-12-13 14:19:45,224 - root - INFO - Epoch[2] Validation-mse=75.053481
2018-12-13 14:21:05,309 - root - INFO - Update[1001]: Change learning rate to 9.02500e-04
2018-12-13 14:22:10,594 - root - INFO - Epoch[3] Train-accuracy=0.434128
2018-12-13 14:22:10,616 - root - INFO - Epoch[3] Train-cross-entropy=2.310307
2018-12-13 14:22:10,616 - root - INFO - Epoch[3] Train-mse=75.369559
2018-12-13 14:22:10,616 - root - INFO - Epoch[3] Time cost=145.392
2018-12-13 14:22:26,334 - root - INFO - Epoch[3] Validation-accuracy=0.435125
2018-12-13 14:22:26,334 - root - INFO - Epoch[3] Validation-cross-entropy=2.299153
2018-12-13 14:22:26,334 - root - INFO - Epoch[3] Validation-mse=75.169870
2018-12-13 14:24:51,654 - root - INFO - Epoch[4] Train-accuracy=0.434057
2018-12-13 14:24:51,675 - root - INFO - Epoch[4] Train-cross-entropy=2.303618
2018-12-13 14:24:51,675 - root - INFO - Epoch[4] Train-mse=75.355659
2018-12-13 14:24:51,675 - root - INFO - Epoch[4] Time cost=145.341
2018-12-13 14:24:54,460 - root - INFO - Saved checkpoint to "params/PascalVOC_AlexNet-0005.params"
2018-12-13 14:25:10,300 - root - INFO - Epoch[4] Validation-accuracy=0.435802
2018-12-13 14:25:10,300 - root - INFO - Epoch[4] Validation-cross-entropy=2.291165
2018-12-13 14:25:10,300 - root - INFO - Epoch[4] Validation-mse=75.156946
2018-12-13 14:25:58,274 - root - INFO - Update[1501]: Change learning rate to 8.57375e-04
2018-12-13 14:27:36,372 - root - INFO - Epoch[5] Train-accuracy=0.433794
2018-12-13 14:27:36,372 - root - INFO - Epoch[5] Train-cross-entropy=2.300251
2018-12-13 14:27:36,372 - root - INFO - Epoch[5] Train-mse=75.444388
2018-12-13 14:27:36,372 - root - INFO - Epoch[5] Time cost=146.072
2018-12-13 14:27:52,142 - root - INFO - Epoch[5] Validation-accuracy=0.435250
2018-12-13 14:27:52,142 - root - INFO - Epoch[5] Validation-cross-entropy=2.288861
2018-12-13 14:27:52,142 - root - INFO - Epoch[5] Validation-mse=75.022267
2018-12-13 14:30:18,390 - root - INFO - Epoch[6] Train-accuracy=0.434093
2018-12-13 14:30:18,407 - root - INFO - Epoch[6] Train-cross-entropy=2.296673
2018-12-13 14:30:18,407 - root - INFO - Epoch[6] Train-mse=75.380142
2018-12-13 14:30:18,407 - root - INFO - Epoch[6] Time cost=146.265
2018-12-13 14:30:34,004 - root - INFO - Epoch[6] Validation-accuracy=0.435000
2018-12-13 14:30:34,005 - root - INFO - Epoch[6] Validation-cross-entropy=2.286796
2018-12-13 14:30:34,005 - root - INFO - Epoch[6] Validation-mse=75.124424
2018-12-13 14:30:49,654 - root - INFO - Update[2001]: Change learning rate to 8.14506e-04
2018-12-13 14:33:00,397 - root - INFO - Epoch[7] Train-accuracy=0.433901
2018-12-13 14:33:00,421 - root - INFO - Epoch[7] Train-cross-entropy=2.295901
2018-12-13 14:33:00,421 - root - INFO - Epoch[7] Train-mse=75.424642
2018-12-13 14:33:00,421 - root - INFO - Epoch[7] Time cost=146.416
2018-12-13 14:33:15,972 - root - INFO - Epoch[7] Validation-accuracy=0.434625
2018-12-13 14:33:15,972 - root - INFO - Epoch[7] Validation-cross-entropy=2.285944
2018-12-13 14:33:15,972 - root - INFO - Epoch[7] Validation-mse=75.171009
2018-12-13 14:35:24,905 - root - INFO - Update[2501]: Change learning rate to 7.73781e-04
2018-12-13 14:35:42,032 - root - INFO - Epoch[8] Train-accuracy=0.433986
2018-12-13 14:35:42,033 - root - INFO - Epoch[8] Train-cross-entropy=2.294434
2018-12-13 14:35:42,033 - root - INFO - Epoch[8] Train-mse=75.383495
2018-12-13 14:35:42,033 - root - INFO - Epoch[8] Time cost=146.061
2018-12-13 14:35:58,045 - root - INFO - Epoch[8] Validation-accuracy=0.436049
2018-12-13 14:35:58,045 - root - INFO - Epoch[8] Validation-cross-entropy=2.280891
2018-12-13 14:35:58,045 - root - INFO - Epoch[8] Validation-mse=75.137518
2018-12-13 14:38:23,787 - root - INFO - Epoch[9] Train-accuracy=0.433986
2018-12-13 14:38:23,814 - root - INFO - Epoch[9] Train-cross-entropy=2.294098
2018-12-13 14:38:23,814 - root - INFO - Epoch[9] Train-mse=75.378676
2018-12-13 14:38:23,814 - root - INFO - Epoch[9] Time cost=145.769
2018-12-13 14:38:26,095 - root - INFO - Saved checkpoint to "params/PascalVOC_AlexNet-0010.params"
2018-12-13 14:38:41,570 - root - INFO - Epoch[9] Validation-accuracy=0.435250
2018-12-13 14:38:41,570 - root - INFO - Epoch[9] Validation-cross-entropy=2.282916
2018-12-13 14:38:41,570 - root - INFO - Epoch[9] Validation-mse=75.111569
2018-12-13 14:40:17,804 - root - INFO - Update[3001]: Change learning rate to 7.35092e-04
2018-12-13 14:41:07,616 - root - INFO - Epoch[10] Train-accuracy=0.433830
2018-12-13 14:41:07,617 - root - INFO - Epoch[10] Train-cross-entropy=2.294156
2018-12-13 14:41:07,617 - root - INFO - Epoch[10] Train-mse=75.437044
2018-12-13 14:41:07,617 - root - INFO - Epoch[10] Time cost=146.046
2018-12-13 14:41:23,501 - root - INFO - Epoch[10] Validation-accuracy=0.435000
2018-12-13 14:41:23,501 - root - INFO - Epoch[10] Validation-cross-entropy=2.283093
2018-12-13 14:41:23,501 - root - INFO - Epoch[10] Validation-mse=75.083984
2018-12-13 14:43:49,147 - root - INFO - Epoch[11] Train-accuracy=0.434057
2018-12-13 14:43:49,172 - root - INFO - Epoch[11] Train-cross-entropy=2.293168
2018-12-13 14:43:49,172 - root - INFO - Epoch[11] Train-mse=75.382775
2018-12-13 14:43:49,172 - root - INFO - Epoch[11] Time cost=145.670
2018-12-13 14:44:04,641 - root - INFO - Epoch[11] Validation-accuracy=0.434875
2018-12-13 14:44:04,641 - root - INFO - Epoch[11] Validation-cross-entropy=2.282533
2018-12-13 14:44:04,641 - root - INFO - Epoch[11] Validation-mse=75.122060
2018-12-13 14:45:08,165 - root - INFO - Update[3501]: Change learning rate to 6.98337e-04
2018-12-13 14:46:30,142 - root - INFO - Epoch[12] Train-accuracy=0.434128
2018-12-13 14:46:30,168 - root - INFO - Epoch[12] Train-cross-entropy=2.292761
2018-12-13 14:46:30,168 - root - INFO - Epoch[12] Train-mse=75.344370
2018-12-13 14:46:30,168 - root - INFO - Epoch[12] Time cost=145.527
2018-12-13 14:46:45,932 - root - INFO - Epoch[12] Validation-accuracy=0.435250
2018-12-13 14:46:45,933 - root - INFO - Epoch[12] Validation-cross-entropy=2.281348
2018-12-13 14:46:45,933 - root - INFO - Epoch[12] Validation-mse=75.173430
2018-12-13 14:49:12,035 - root - INFO - Epoch[13] Train-accuracy=0.433794
2018-12-13 14:49:12,063 - root - INFO - Epoch[13] Train-cross-entropy=2.293956
2018-12-13 14:49:12,063 - root - INFO - Epoch[13] Train-mse=75.447497
2018-12-13 14:49:12,064 - root - INFO - Epoch[13] Time cost=146.131
2018-12-13 14:49:28,016 - root - INFO - Epoch[13] Validation-accuracy=0.435802
2018-12-13 14:49:28,016 - root - INFO - Epoch[13] Validation-cross-entropy=2.279873
2018-12-13 14:49:28,016 - root - INFO - Epoch[13] Validation-mse=75.140342
2018-12-13 14:49:58,951 - root - INFO - Update[4001]: Change learning rate to 6.63420e-04
2018-12-13 14:51:53,582 - root - INFO - Epoch[14] Train-accuracy=0.434021
2018-12-13 14:51:53,601 - root - INFO - Epoch[14] Train-cross-entropy=2.292932
2018-12-13 14:51:53,602 - root - INFO - Epoch[14] Train-mse=75.385255
2018-12-13 14:51:53,602 - root - INFO - Epoch[14] Time cost=145.585
2018-12-13 14:51:56,379 - root - INFO - Saved checkpoint to "params/PascalVOC_AlexNet-0015.params"
2018-12-13 14:52:11,731 - root - INFO - Epoch[14] Validation-accuracy=0.435000
2018-12-13 14:52:11,731 - root - INFO - Epoch[14] Validation-cross-entropy=2.281993
2018-12-13 14:52:11,731 - root - INFO - Epoch[14] Validation-mse=75.073048
2018-12-13 14:54:36,002 - root - INFO - Update[4501]: Change learning rate to 6.30249e-04
2018-12-13 14:54:37,566 - root - INFO - Epoch[15] Train-accuracy=0.433901
2018-12-13 14:54:37,566 - root - INFO - Epoch[15] Train-cross-entropy=2.293588
2018-12-13 14:54:37,567 - root - INFO - Epoch[15] Train-mse=75.426735
2018-12-13 14:54:37,567 - root - INFO - Epoch[15] Time cost=145.835
2018-12-13 14:54:53,344 - root - INFO - Epoch[15] Validation-accuracy=0.435250
2018-12-13 14:54:53,344 - root - INFO - Epoch[15] Validation-cross-entropy=2.281019
2018-12-13 14:54:53,344 - root - INFO - Epoch[15] Validation-mse=75.054468
2018-12-13 14:57:19,043 - root - INFO - Epoch[16] Train-accuracy=0.434093
2018-12-13 14:57:19,062 - root - INFO - Epoch[16] Train-cross-entropy=2.292767
2018-12-13 14:57:19,063 - root - INFO - Epoch[16] Train-mse=75.364447
2018-12-13 14:57:19,063 - root - INFO - Epoch[16] Time cost=145.718
2018-12-13 14:57:34,872 - root - INFO - Epoch[16] Validation-accuracy=0.435000
2018-12-13 14:57:34,872 - root - INFO - Epoch[16] Validation-cross-entropy=2.281654
2018-12-13 14:57:34,872 - root - INFO - Epoch[16] Validation-mse=75.171091
2018-12-13 14:59:26,646 - root - INFO - Update[5001]: Change learning rate to 5.98737e-04
2018-12-13 15:00:00,375 - root - INFO - Epoch[17] Train-accuracy=0.433915
2018-12-13 15:00:00,376 - root - INFO - Epoch[17] Train-cross-entropy=2.293168
2018-12-13 15:00:00,376 - root - INFO - Epoch[17] Train-mse=75.392385
2018-12-13 15:00:00,376 - root - INFO - Epoch[17] Time cost=145.503
2018-12-13 15:00:16,346 - root - INFO - Epoch[17] Validation-accuracy=0.435926
2018-12-13 15:00:16,347 - root - INFO - Epoch[17] Validation-cross-entropy=2.278908
2018-12-13 15:00:16,347 - root - INFO - Epoch[17] Validation-mse=75.155896
2018-12-13 15:02:42,430 - root - INFO - Epoch[18] Train-accuracy=0.433865
2018-12-13 15:02:42,447 - root - INFO - Epoch[18] Train-cross-entropy=2.293431
2018-12-13 15:02:42,447 - root - INFO - Epoch[18] Train-mse=75.424790
2018-12-13 15:02:42,447 - root - INFO - Epoch[18] Time cost=146.100
2018-12-13 15:02:58,339 - root - INFO - Epoch[18] Validation-accuracy=0.435125
2018-12-13 15:02:58,339 - root - INFO - Epoch[18] Validation-cross-entropy=2.281475
2018-12-13 15:02:58,339 - root - INFO - Epoch[18] Validation-mse=75.062532
2018-12-13 15:04:17,480 - root - INFO - Update[5501]: Change learning rate to 5.68800e-04
2018-12-13 15:05:23,885 - root - INFO - Epoch[19] Train-accuracy=0.434093
2018-12-13 15:05:23,906 - root - INFO - Epoch[19] Train-cross-entropy=2.292567
2018-12-13 15:05:23,906 - root - INFO - Epoch[19] Train-mse=75.380652
2018-12-13 15:05:23,906 - root - INFO - Epoch[19] Time cost=145.567
2018-12-13 15:05:26,006 - root - INFO - Saved checkpoint to "params/PascalVOC_AlexNet-0020.params"
2018-12-13 15:05:41,432 - root - INFO - Epoch[19] Validation-accuracy=0.435125
2018-12-13 15:05:41,432 - root - INFO - Epoch[19] Validation-cross-entropy=2.281192
2018-12-13 15:05:41,432 - root - INFO - Epoch[19] Validation-mse=75.084140
2018-12-13 15:08:06,962 - root - INFO - Epoch[20] Train-accuracy=0.434021
2018-12-13 15:08:06,990 - root - INFO - Epoch[20] Train-cross-entropy=2.292853
2018-12-13 15:08:06,990 - root - INFO - Epoch[20] Train-mse=75.369243
2018-12-13 15:08:06,990 - root - INFO - Epoch[20] Time cost=145.558
2018-12-13 15:08:22,420 - root - INFO - Epoch[20] Validation-accuracy=0.434625
2018-12-13 15:08:22,420 - root - INFO - Epoch[20] Validation-cross-entropy=2.282290
2018-12-13 15:08:22,420 - root - INFO - Epoch[20] Validation-mse=75.170991
2018-12-13 15:09:09,370 - root - INFO - Update[6001]: Change learning rate to 5.40360e-04
2018-12-13 15:10:48,470 - root - INFO - Epoch[21] Train-accuracy=0.433865
2018-12-13 15:10:48,494 - root - INFO - Epoch[21] Train-cross-entropy=2.293723
2018-12-13 15:10:48,494 - root - INFO - Epoch[21] Train-mse=75.425903
2018-12-13 15:10:48,494 - root - INFO - Epoch[21] Time cost=146.074
2018-12-13 15:11:04,420 - root - INFO - Epoch[21] Validation-accuracy=0.436049
2018-12-13 15:11:04,420 - root - INFO - Epoch[21] Validation-cross-entropy=2.278238
2018-12-13 15:11:04,420 - root - INFO - Epoch[21] Validation-mse=75.137491
2018-12-13 15:13:30,126 - root - INFO - Epoch[22] Train-accuracy=0.433950
2018-12-13 15:13:30,152 - root - INFO - Epoch[22] Train-cross-entropy=2.293035
2018-12-13 15:13:30,153 - root - INFO - Epoch[22] Train-mse=75.400667
2018-12-13 15:13:30,153 - root - INFO - Epoch[22] Time cost=145.732
2018-12-13 15:13:45,601 - root - INFO - Epoch[22] Validation-accuracy=0.435125
2018-12-13 15:13:45,602 - root - INFO - Epoch[22] Validation-cross-entropy=2.281271
2018-12-13 15:13:45,602 - root - INFO - Epoch[22] Validation-mse=75.126541
2018-12-13 15:13:59,859 - root - INFO - Update[6501]: Change learning rate to 5.13342e-04
2018-12-13 15:16:11,674 - root - INFO - Epoch[23] Train-accuracy=0.433901
2018-12-13 15:16:11,700 - root - INFO - Epoch[23] Train-cross-entropy=2.293301
2018-12-13 15:16:11,700 - root - INFO - Epoch[23] Train-mse=75.428707
2018-12-13 15:16:11,700 - root - INFO - Epoch[23] Time cost=146.098
2018-12-13 15:16:27,205 - root - INFO - Epoch[23] Validation-accuracy=0.435000
2018-12-13 15:16:27,205 - root - INFO - Epoch[23] Validation-cross-entropy=2.281634
2018-12-13 15:16:27,205 - root - INFO - Epoch[23] Validation-mse=75.096916
2018-12-13 15:18:34,595 - root - INFO - Update[7001]: Change learning rate to 4.87675e-04
2018-12-13 15:18:52,763 - root - INFO - Epoch[24] Train-accuracy=0.434128
2018-12-13 15:18:52,764 - root - INFO - Epoch[24] Train-cross-entropy=2.292770
2018-12-13 15:18:52,764 - root - INFO - Epoch[24] Train-mse=75.369961
2018-12-13 15:18:52,764 - root - INFO - Epoch[24] Time cost=145.558
2018-12-13 15:18:55,136 - root - INFO - Saved checkpoint to "params/PascalVOC_AlexNet-0025.params"
2018-12-13 15:19:10,595 - root - INFO - Epoch[24] Validation-accuracy=0.435000
2018-12-13 15:19:10,595 - root - INFO - Epoch[24] Validation-cross-entropy=2.281192
2018-12-13 15:19:10,595 - root - INFO - Epoch[24] Validation-mse=75.094103
2018-12-13 15:21:36,000 - root - INFO - Epoch[25] Train-accuracy=0.433986
2018-12-13 15:21:36,018 - root - INFO - Epoch[25] Train-cross-entropy=2.293035
2018-12-13 15:21:36,018 - root - INFO - Epoch[25] Train-mse=75.367701
2018-12-13 15:21:36,018 - root - INFO - Epoch[25] Time cost=145.423
2018-12-13 15:21:51,513 - root - INFO - Epoch[25] Validation-accuracy=0.435125
2018-12-13 15:21:51,514 - root - INFO - Epoch[25] Validation-cross-entropy=2.280865
2018-12-13 15:21:51,514 - root - INFO - Epoch[25] Validation-mse=75.176478
2018-12-13 15:23:26,723 - root - INFO - Update[7501]: Change learning rate to 4.63291e-04
2018-12-13 15:24:17,577 - root - INFO - Epoch[26] Train-accuracy=0.433794
2018-12-13 15:24:17,577 - root - INFO - Epoch[26] Train-cross-entropy=2.293719
2018-12-13 15:24:17,577 - root - INFO - Epoch[26] Train-mse=75.437913
2018-12-13 15:24:17,577 - root - INFO - Epoch[26] Time cost=146.064
2018-12-13 15:24:33,533 - root - INFO - Epoch[26] Validation-accuracy=0.435926
2018-12-13 15:24:33,533 - root - INFO - Epoch[26] Validation-cross-entropy=2.278789
2018-12-13 15:24:33,533 - root - INFO - Epoch[26] Validation-mse=75.137306
2018-12-13 15:26:59,280 - root - INFO - Epoch[27] Train-accuracy=0.434128
2018-12-13 15:26:59,302 - root - INFO - Epoch[27] Train-cross-entropy=2.292586
2018-12-13 15:26:59,302 - root - INFO - Epoch[27] Train-mse=75.378848
2018-12-13 15:26:59,303 - root - INFO - Epoch[27] Time cost=145.769
2018-12-13 15:27:14,774 - root - INFO - Epoch[27] Validation-accuracy=0.435000
2018-12-13 15:27:14,774 - root - INFO - Epoch[27] Validation-cross-entropy=2.281434
2018-12-13 15:27:14,774 - root - INFO - Epoch[27] Validation-mse=75.073040
2018-12-13 15:28:17,307 - root - INFO - Update[8001]: Change learning rate to 4.40127e-04
2018-12-13 15:29:40,863 - root - INFO - Epoch[28] Train-accuracy=0.433865
2018-12-13 15:29:40,880 - root - INFO - Epoch[28] Train-cross-entropy=2.293375
2018-12-13 15:29:40,880 - root - INFO - Epoch[28] Train-mse=75.429150
2018-12-13 15:29:40,880 - root - INFO - Epoch[28] Time cost=146.106
2018-12-13 15:29:56,347 - root - INFO - Epoch[28] Validation-accuracy=0.435250
2018-12-13 15:29:56,347 - root - INFO - Epoch[28] Validation-cross-entropy=2.280565
2018-12-13 15:29:56,347 - root - INFO - Epoch[28] Validation-mse=75.054465
2018-12-13 15:32:21,881 - root - INFO - Epoch[29] Train-accuracy=0.434021
2018-12-13 15:32:21,904 - root - INFO - Epoch[29] Train-cross-entropy=2.292979
2018-12-13 15:32:21,904 - root - INFO - Epoch[29] Train-mse=75.375193
2018-12-13 15:32:21,904 - root - INFO - Epoch[29] Time cost=145.557
2018-12-13 15:32:24,005 - root - INFO - Saved checkpoint to "params/PascalVOC_AlexNet-0030.params"
2018-12-13 15:32:39,505 - root - INFO - Epoch[29] Validation-accuracy=0.434875
2018-12-13 15:32:39,505 - root - INFO - Epoch[29] Validation-cross-entropy=2.281689
2018-12-13 15:32:39,505 - root - INFO - Epoch[29] Validation-mse=75.192050
2018-12-13 15:33:09,314 - root - INFO - Update[8501]: Change learning rate to 4.18120e-04
2018-12-13 15:35:05,032 - root - INFO - Epoch[30] Train-accuracy=0.433950
2018-12-13 15:35:05,033 - root - INFO - Epoch[30] Train-cross-entropy=2.292815
2018-12-13 15:35:05,033 - root - INFO - Epoch[30] Train-mse=75.396841
2018-12-13 15:35:05,033 - root - INFO - Epoch[30] Time cost=145.527
2018-12-13 15:35:21,155 - root - INFO - Epoch[30] Validation-accuracy=0.435926
2018-12-13 15:35:21,155 - root - INFO - Epoch[30] Validation-cross-entropy=2.278543
2018-12-13 15:35:21,155 - root - INFO - Epoch[30] Validation-mse=75.145071
2018-12-13 15:37:44,622 - root - INFO - Update[9001]: Change learning rate to 3.97214e-04
2018-12-13 15:37:47,223 - root - INFO - Epoch[31] Train-accuracy=0.433830
2018-12-13 15:37:47,223 - root - INFO - Epoch[31] Train-cross-entropy=2.293401
2018-12-13 15:37:47,223 - root - INFO - Epoch[31] Train-mse=75.432776
2018-12-13 15:37:47,223 - root - INFO - Epoch[31] Time cost=146.068
2018-12-13 15:38:02,985 - root - INFO - Epoch[31] Validation-accuracy=0.435125
2018-12-13 15:38:02,985 - root - INFO - Epoch[31] Validation-cross-entropy=2.281239
2018-12-13 15:38:02,985 - root - INFO - Epoch[31] Validation-mse=75.092794
2018-12-13 15:40:28,518 - root - INFO - Epoch[32] Train-accuracy=0.434128
2018-12-13 15:40:28,538 - root - INFO - Epoch[32] Train-cross-entropy=2.292472
2018-12-13 15:40:28,538 - root - INFO - Epoch[32] Train-mse=75.368264
2018-12-13 15:40:28,538 - root - INFO - Epoch[32] Time cost=145.553
2018-12-13 15:40:43,988 - root - INFO - Epoch[32] Validation-accuracy=0.435125
2018-12-13 15:40:43,988 - root - INFO - Epoch[32] Validation-cross-entropy=2.280990
2018-12-13 15:40:43,989 - root - INFO - Epoch[32] Validation-mse=75.061704
2018-12-13 15:42:34,737 - root - INFO - Update[9501]: Change learning rate to 3.77354e-04
2018-12-13 15:43:09,509 - root - INFO - Epoch[33] Train-accuracy=0.434093
2018-12-13 15:43:09,509 - root - INFO - Epoch[33] Train-cross-entropy=2.292341
2018-12-13 15:43:09,509 - root - INFO - Epoch[33] Train-mse=75.344663
2018-12-13 15:43:09,509 - root - INFO - Epoch[33] Time cost=145.520
2018-12-13 15:43:25,424 - root - INFO - Epoch[33] Validation-accuracy=0.434625
2018-12-13 15:43:25,447 - root - INFO - Epoch[33] Validation-cross-entropy=2.282073
2018-12-13 15:43:25,447 - root - INFO - Epoch[33] Validation-mse=75.157574
2018-12-13 15:45:51,575 - root - INFO - Epoch[34] Train-accuracy=0.433794
2018-12-13 15:45:51,594 - root - INFO - Epoch[34] Train-cross-entropy=2.293625
2018-12-13 15:45:51,594 - root - INFO - Epoch[34] Train-mse=75.457368
2018-12-13 15:45:51,594 - root - INFO - Epoch[34] Time cost=146.147
2018-12-13 15:45:53,893 - root - INFO - Saved checkpoint to "params/PascalVOC_AlexNet-0035.params"
2018-12-13 15:46:09,544 - root - INFO - Epoch[34] Validation-accuracy=0.436049
2018-12-13 15:46:09,544 - root - INFO - Epoch[34] Validation-cross-entropy=2.278089
2018-12-13 15:46:09,544 - root - INFO - Epoch[34] Validation-mse=75.177454
2018-12-13 15:47:27,624 - root - INFO - Update[10001]: Change learning rate to 3.58486e-04
2018-12-13 15:48:35,076 - root - INFO - Epoch[35] Train-accuracy=0.434021
2018-12-13 15:48:35,076 - root - INFO - Epoch[35] Train-cross-entropy=2.292740
2018-12-13 15:48:35,076 - root - INFO - Epoch[35] Train-mse=75.384080
2018-12-13 15:48:35,076 - root - INFO - Epoch[35] Time cost=145.532
2018-12-13 15:48:50,831 - root - INFO - Epoch[35] Validation-accuracy=0.435250
2018-12-13 15:48:50,831 - root - INFO - Epoch[35] Validation-cross-entropy=2.280768
2018-12-13 15:48:50,831 - root - INFO - Epoch[35] Validation-mse=75.081653
