2018-12-19 18:11:29,451 - root - DEBUG - num_epoch=40
2018-12-19 18:11:40,879 - root - INFO - Epoch[0] Train-accuracy=0.471429
2018-12-19 18:11:40,897 - root - INFO - Epoch[0] Train-cross-entropy=2.981484
2018-12-19 18:11:40,897 - root - INFO - Epoch[0] Train-mse=53.982499
2018-12-19 18:11:40,897 - root - INFO - Epoch[0] Time cost=11.087
2018-12-19 18:11:42,632 - root - INFO - Epoch[0] Validation-accuracy=0.350000
2018-12-19 18:11:42,649 - root - INFO - Epoch[0] Validation-cross-entropy=2.960096
2018-12-19 18:11:42,649 - root - INFO - Epoch[0] Validation-mse=80.042501
2018-12-19 18:11:44,920 - root - INFO - Epoch[1] Train-accuracy=0.471429
2018-12-19 18:11:44,921 - root - INFO - Epoch[1] Train-cross-entropy=2.905790
2018-12-19 18:11:44,921 - root - INFO - Epoch[1] Train-mse=53.982507
2018-12-19 18:11:44,921 - root - INFO - Epoch[1] Time cost=2.271
2018-12-19 18:11:46,534 - root - INFO - Epoch[1] Validation-accuracy=0.350000
2018-12-19 18:11:46,534 - root - INFO - Epoch[1] Validation-cross-entropy=2.893122
2018-12-19 18:11:46,534 - root - INFO - Epoch[1] Validation-mse=80.042521
2018-12-19 18:11:48,726 - root - INFO - Epoch[2] Train-accuracy=0.471429
2018-12-19 18:11:48,726 - root - INFO - Epoch[2] Train-cross-entropy=2.794966
2018-12-19 18:11:48,726 - root - INFO - Epoch[2] Train-mse=53.982543
2018-12-19 18:11:48,726 - root - INFO - Epoch[2] Time cost=2.192
2018-12-19 18:11:50,332 - root - INFO - Epoch[2] Validation-accuracy=0.350000
2018-12-19 18:11:50,332 - root - INFO - Epoch[2] Validation-cross-entropy=2.816286
2018-12-19 18:11:50,332 - root - INFO - Epoch[2] Validation-mse=80.042585
2018-12-19 18:11:52,523 - root - INFO - Epoch[3] Train-accuracy=0.471429
2018-12-19 18:11:52,523 - root - INFO - Epoch[3] Train-cross-entropy=2.673095
2018-12-19 18:11:52,523 - root - INFO - Epoch[3] Train-mse=53.982640
2018-12-19 18:11:52,523 - root - INFO - Epoch[3] Time cost=2.190
2018-12-19 18:11:54,128 - root - INFO - Epoch[3] Validation-accuracy=0.350000
2018-12-19 18:11:54,129 - root - INFO - Epoch[3] Validation-cross-entropy=2.740858
2018-12-19 18:11:54,133 - root - INFO - Epoch[3] Validation-mse=80.042740
2018-12-19 18:11:56,343 - root - INFO - Epoch[4] Train-accuracy=0.471429
2018-12-19 18:11:56,343 - root - INFO - Epoch[4] Train-cross-entropy=2.552634
2018-12-19 18:11:56,343 - root - INFO - Epoch[4] Train-mse=53.982857
2018-12-19 18:11:56,343 - root - INFO - Epoch[4] Time cost=2.210
2018-12-19 18:11:57,939 - root - INFO - Epoch[4] Validation-accuracy=0.350000
2018-12-19 18:11:57,939 - root - INFO - Epoch[4] Validation-cross-entropy=2.673176
2018-12-19 18:11:57,939 - root - INFO - Epoch[4] Validation-mse=80.043055
2018-12-19 18:12:00,129 - root - INFO - Epoch[5] Train-accuracy=0.471429
2018-12-19 18:12:00,129 - root - INFO - Epoch[5] Train-cross-entropy=2.440879
2018-12-19 18:12:00,130 - root - INFO - Epoch[5] Train-mse=53.983272
2018-12-19 18:12:00,130 - root - INFO - Epoch[5] Time cost=2.190
2018-12-19 18:12:01,734 - root - INFO - Epoch[5] Validation-accuracy=0.350000
2018-12-19 18:12:01,734 - root - INFO - Epoch[5] Validation-cross-entropy=2.617603
2018-12-19 18:12:01,734 - root - INFO - Epoch[5] Validation-mse=80.043625
2018-12-19 18:12:03,926 - root - INFO - Epoch[6] Train-accuracy=0.471429
2018-12-19 18:12:03,927 - root - INFO - Epoch[6] Train-cross-entropy=2.342113
2018-12-19 18:12:03,927 - root - INFO - Epoch[6] Train-mse=53.983988
2018-12-19 18:12:03,927 - root - INFO - Epoch[6] Time cost=2.192
2018-12-19 18:12:05,518 - root - INFO - Epoch[6] Validation-accuracy=0.350000
2018-12-19 18:12:05,519 - root - INFO - Epoch[6] Validation-cross-entropy=2.577455
2018-12-19 18:12:05,519 - root - INFO - Epoch[6] Validation-mse=80.044550
2018-12-19 18:12:07,712 - root - INFO - Epoch[7] Train-accuracy=0.471429
2018-12-19 18:12:07,712 - root - INFO - Epoch[7] Train-cross-entropy=2.259004
2018-12-19 18:12:07,712 - root - INFO - Epoch[7] Train-mse=53.985110
2018-12-19 18:12:07,712 - root - INFO - Epoch[7] Time cost=2.193
2018-12-19 18:12:09,325 - root - INFO - Epoch[7] Validation-accuracy=0.350000
2018-12-19 18:12:09,325 - root - INFO - Epoch[7] Validation-cross-entropy=2.555109
2018-12-19 18:12:09,325 - root - INFO - Epoch[7] Validation-mse=80.045921
2018-12-19 18:12:11,542 - root - INFO - Epoch[8] Train-accuracy=0.471429
2018-12-19 18:12:11,542 - root - INFO - Epoch[8] Train-cross-entropy=2.195650
2018-12-19 18:12:11,542 - root - INFO - Epoch[8] Train-mse=53.986639
2018-12-19 18:12:11,542 - root - INFO - Epoch[8] Time cost=2.217
2018-12-19 18:12:13,139 - root - INFO - Epoch[8] Validation-accuracy=0.350000
2018-12-19 18:12:13,139 - root - INFO - Epoch[8] Validation-cross-entropy=2.550918
2018-12-19 18:12:13,140 - root - INFO - Epoch[8] Validation-mse=80.047697
2018-12-19 18:12:15,360 - root - INFO - Epoch[9] Train-accuracy=0.471429
2018-12-19 18:12:15,361 - root - INFO - Epoch[9] Train-cross-entropy=2.150704
2018-12-19 18:12:15,361 - root - INFO - Epoch[9] Train-mse=53.988527
2018-12-19 18:12:15,361 - root - INFO - Epoch[9] Time cost=2.221
2018-12-19 18:12:16,961 - root - INFO - Epoch[9] Validation-accuracy=0.350000
2018-12-19 18:12:16,961 - root - INFO - Epoch[9] Validation-cross-entropy=2.561485
2018-12-19 18:12:16,961 - root - INFO - Epoch[9] Validation-mse=80.049664
2018-12-19 18:12:19,190 - root - INFO - Epoch[10] Train-accuracy=0.471429
2018-12-19 18:12:19,190 - root - INFO - Epoch[10] Train-cross-entropy=2.120254
2018-12-19 18:12:19,190 - root - INFO - Epoch[10] Train-mse=53.990404
2018-12-19 18:12:19,190 - root - INFO - Epoch[10] Time cost=2.228
2018-12-19 18:12:20,805 - root - INFO - Epoch[10] Validation-accuracy=0.350000
2018-12-19 18:12:20,805 - root - INFO - Epoch[10] Validation-cross-entropy=2.579644
2018-12-19 18:12:20,806 - root - INFO - Epoch[10] Validation-mse=80.051420
2018-12-19 18:12:23,037 - root - INFO - Epoch[11] Train-accuracy=0.471429
2018-12-19 18:12:23,037 - root - INFO - Epoch[11] Train-cross-entropy=2.099006
2018-12-19 18:12:23,038 - root - INFO - Epoch[11] Train-mse=53.992026
2018-12-19 18:12:23,038 - root - INFO - Epoch[11] Time cost=2.232
2018-12-19 18:12:24,664 - root - INFO - Epoch[11] Validation-accuracy=0.350000
2018-12-19 18:12:24,664 - root - INFO - Epoch[11] Validation-cross-entropy=2.597356
2018-12-19 18:12:24,664 - root - INFO - Epoch[11] Validation-mse=80.052658
2018-12-19 18:12:26,896 - root - INFO - Epoch[12] Train-accuracy=0.471429
2018-12-19 18:12:26,896 - root - INFO - Epoch[12] Train-cross-entropy=2.083767
2018-12-19 18:12:26,896 - root - INFO - Epoch[12] Train-mse=53.992910
2018-12-19 18:12:26,896 - root - INFO - Epoch[12] Time cost=2.232
2018-12-19 18:12:28,505 - root - INFO - Epoch[12] Validation-accuracy=0.350000
2018-12-19 18:12:28,505 - root - INFO - Epoch[12] Validation-cross-entropy=2.610186
2018-12-19 18:12:28,506 - root - INFO - Epoch[12] Validation-mse=80.053263
2018-12-19 18:12:30,736 - root - INFO - Epoch[13] Train-accuracy=0.471429
2018-12-19 18:12:30,737 - root - INFO - Epoch[13] Train-cross-entropy=2.069479
2018-12-19 18:12:30,737 - root - INFO - Epoch[13] Train-mse=53.993287
2018-12-19 18:12:30,737 - root - INFO - Epoch[13] Time cost=2.231
2018-12-19 18:12:32,352 - root - INFO - Epoch[13] Validation-accuracy=0.350000
2018-12-19 18:12:32,352 - root - INFO - Epoch[13] Validation-cross-entropy=2.618528
2018-12-19 18:12:32,352 - root - INFO - Epoch[13] Validation-mse=80.053394
2018-12-19 18:12:34,591 - root - INFO - Epoch[14] Train-accuracy=0.471429
2018-12-19 18:12:34,591 - root - INFO - Epoch[14] Train-cross-entropy=2.054506
2018-12-19 18:12:34,591 - root - INFO - Epoch[14] Train-mse=53.993233
2018-12-19 18:12:34,591 - root - INFO - Epoch[14] Time cost=2.239
2018-12-19 18:12:36,214 - root - INFO - Epoch[14] Validation-accuracy=0.350000
2018-12-19 18:12:36,215 - root - INFO - Epoch[14] Validation-cross-entropy=2.624700
2018-12-19 18:12:36,215 - root - INFO - Epoch[14] Validation-mse=80.053244
2018-12-19 18:12:39,264 - root - INFO - Epoch[15] Train-accuracy=0.471429
2018-12-19 18:12:39,264 - root - INFO - Epoch[15] Train-cross-entropy=2.042129
2018-12-19 18:12:39,264 - root - INFO - Epoch[15] Train-mse=53.993190
2018-12-19 18:12:39,264 - root - INFO - Epoch[15] Time cost=3.049
2018-12-19 18:12:40,980 - root - INFO - Epoch[15] Validation-accuracy=0.350000
2018-12-19 18:12:40,980 - root - INFO - Epoch[15] Validation-cross-entropy=2.631611
2018-12-19 18:12:40,980 - root - INFO - Epoch[15] Validation-mse=80.053020
2018-12-19 18:12:43,388 - root - INFO - Epoch[16] Train-accuracy=0.471429
2018-12-19 18:12:43,388 - root - INFO - Epoch[16] Train-cross-entropy=2.030340
2018-12-19 18:12:43,388 - root - INFO - Epoch[16] Train-mse=53.992848
2018-12-19 18:12:43,389 - root - INFO - Epoch[16] Time cost=2.408
2018-12-19 18:12:44,997 - root - INFO - Epoch[16] Validation-accuracy=0.350000
2018-12-19 18:12:44,998 - root - INFO - Epoch[16] Validation-cross-entropy=2.641398
2018-12-19 18:12:44,998 - root - INFO - Epoch[16] Validation-mse=80.052879
2018-12-19 18:12:47,189 - root - INFO - Epoch[17] Train-accuracy=0.471429
2018-12-19 18:12:47,189 - root - INFO - Epoch[17] Train-cross-entropy=2.018512
2018-12-19 18:12:47,189 - root - INFO - Epoch[17] Train-mse=53.992785
2018-12-19 18:12:47,189 - root - INFO - Epoch[17] Time cost=2.191
2018-12-19 18:12:49,217 - root - INFO - Epoch[17] Validation-accuracy=0.350000
2018-12-19 18:12:49,217 - root - INFO - Epoch[17] Validation-cross-entropy=2.655096
2018-12-19 18:12:49,217 - root - INFO - Epoch[17] Validation-mse=80.052881
2018-12-19 18:12:51,836 - root - INFO - Epoch[18] Train-accuracy=0.471429
2018-12-19 18:12:51,836 - root - INFO - Epoch[18] Train-cross-entropy=2.011752
2018-12-19 18:12:51,836 - root - INFO - Epoch[18] Train-mse=53.992871
2018-12-19 18:12:51,836 - root - INFO - Epoch[18] Time cost=2.619
2018-12-19 18:12:53,455 - root - INFO - Epoch[18] Validation-accuracy=0.350000
2018-12-19 18:12:53,455 - root - INFO - Epoch[18] Validation-cross-entropy=2.671325
2018-12-19 18:12:53,455 - root - INFO - Epoch[18] Validation-mse=80.052931
2018-12-19 18:12:55,655 - root - INFO - Epoch[19] Train-accuracy=0.471429
2018-12-19 18:12:55,655 - root - INFO - Epoch[19] Train-cross-entropy=2.002385
2018-12-19 18:12:55,656 - root - INFO - Epoch[19] Train-mse=53.992972
2018-12-19 18:12:55,656 - root - INFO - Epoch[19] Time cost=2.200
2018-12-19 18:12:57,258 - root - INFO - Epoch[19] Validation-accuracy=0.350000
2018-12-19 18:12:57,258 - root - INFO - Epoch[19] Validation-cross-entropy=2.688555
2018-12-19 18:12:57,258 - root - INFO - Epoch[19] Validation-mse=80.053011
2018-12-19 18:13:00,309 - root - INFO - Epoch[20] Train-accuracy=0.471429
2018-12-19 18:13:00,309 - root - INFO - Epoch[20] Train-cross-entropy=1.995543
2018-12-19 18:13:00,309 - root - INFO - Epoch[20] Train-mse=53.993000
2018-12-19 18:13:00,309 - root - INFO - Epoch[20] Time cost=3.051
2018-12-19 18:13:02,041 - root - INFO - Epoch[20] Validation-accuracy=0.350000
2018-12-19 18:13:02,041 - root - INFO - Epoch[20] Validation-cross-entropy=2.705682
2018-12-19 18:13:02,041 - root - INFO - Epoch[20] Validation-mse=80.053062
2018-12-19 18:13:04,443 - root - INFO - Epoch[21] Train-accuracy=0.471429
2018-12-19 18:13:04,443 - root - INFO - Epoch[21] Train-cross-entropy=1.992088
2018-12-19 18:13:04,444 - root - INFO - Epoch[21] Train-mse=53.993094
2018-12-19 18:13:04,444 - root - INFO - Epoch[21] Time cost=2.402
2018-12-19 18:13:06,055 - root - INFO - Epoch[21] Validation-accuracy=0.350000
2018-12-19 18:13:06,055 - root - INFO - Epoch[21] Validation-cross-entropy=2.720688
2018-12-19 18:13:06,055 - root - INFO - Epoch[21] Validation-mse=80.053047
2018-12-19 18:13:08,246 - root - INFO - Epoch[22] Train-accuracy=0.471429
2018-12-19 18:13:08,246 - root - INFO - Epoch[22] Train-cross-entropy=1.982396
2018-12-19 18:13:08,246 - root - INFO - Epoch[22] Train-mse=53.992957
2018-12-19 18:13:08,246 - root - INFO - Epoch[22] Time cost=2.191
2018-12-19 18:13:09,850 - root - INFO - Epoch[22] Validation-accuracy=0.350000
2018-12-19 18:13:09,850 - root - INFO - Epoch[22] Validation-cross-entropy=2.734312
2018-12-19 18:13:09,850 - root - INFO - Epoch[22] Validation-mse=80.053072
2018-12-19 18:13:12,905 - root - INFO - Epoch[23] Train-accuracy=0.471429
2018-12-19 18:13:12,905 - root - INFO - Epoch[23] Train-cross-entropy=1.982119
2018-12-19 18:13:12,905 - root - INFO - Epoch[23] Train-mse=53.993101
2018-12-19 18:13:12,905 - root - INFO - Epoch[23] Time cost=3.055
2018-12-19 18:13:14,645 - root - INFO - Epoch[23] Validation-accuracy=0.350000
2018-12-19 18:13:14,645 - root - INFO - Epoch[23] Validation-cross-entropy=2.744902
2018-12-19 18:13:14,645 - root - INFO - Epoch[23] Validation-mse=80.053095
2018-12-19 18:13:17,042 - root - INFO - Epoch[24] Train-accuracy=0.471429
2018-12-19 18:13:17,042 - root - INFO - Epoch[24] Train-cross-entropy=1.975141
2018-12-19 18:13:17,042 - root - INFO - Epoch[24] Train-mse=53.992975
2018-12-19 18:13:17,042 - root - INFO - Epoch[24] Time cost=2.397
2018-12-19 18:13:18,659 - root - INFO - Epoch[24] Validation-accuracy=0.350000
2018-12-19 18:13:18,659 - root - INFO - Epoch[24] Validation-cross-entropy=2.752716
2018-12-19 18:13:18,659 - root - INFO - Epoch[24] Validation-mse=80.053026
2018-12-19 18:13:20,851 - root - INFO - Epoch[25] Train-accuracy=0.471429
2018-12-19 18:13:20,851 - root - INFO - Epoch[25] Train-cross-entropy=1.975873
2018-12-19 18:13:20,851 - root - INFO - Epoch[25] Train-mse=53.992930
2018-12-19 18:13:20,851 - root - INFO - Epoch[25] Time cost=2.192
2018-12-19 18:13:22,452 - root - INFO - Epoch[25] Validation-accuracy=0.350000
2018-12-19 18:13:22,452 - root - INFO - Epoch[25] Validation-cross-entropy=2.763458
2018-12-19 18:13:22,452 - root - INFO - Epoch[25] Validation-mse=80.053122
2018-12-19 18:13:25,658 - root - INFO - Epoch[26] Train-accuracy=0.471429
2018-12-19 18:13:25,659 - root - INFO - Epoch[26] Train-cross-entropy=1.968301
2018-12-19 18:13:25,659 - root - INFO - Epoch[26] Train-mse=53.993092
2018-12-19 18:13:25,659 - root - INFO - Epoch[26] Time cost=3.206
2018-12-19 18:13:27,343 - root - INFO - Epoch[26] Validation-accuracy=0.350000
2018-12-19 18:13:27,343 - root - INFO - Epoch[26] Validation-cross-entropy=2.771469
2018-12-19 18:13:27,344 - root - INFO - Epoch[26] Validation-mse=80.053169
2018-12-19 18:13:29,685 - root - INFO - Epoch[27] Train-accuracy=0.471429
2018-12-19 18:13:29,685 - root - INFO - Epoch[27] Train-cross-entropy=1.970874
2018-12-19 18:13:29,685 - root - INFO - Epoch[27] Train-mse=53.993082
2018-12-19 18:13:29,685 - root - INFO - Epoch[27] Time cost=2.341
2018-12-19 18:13:31,292 - root - INFO - Epoch[27] Validation-accuracy=0.350000
2018-12-19 18:13:31,292 - root - INFO - Epoch[27] Validation-cross-entropy=2.774976
2018-12-19 18:13:31,292 - root - INFO - Epoch[27] Validation-mse=80.053164
2018-12-19 18:13:33,908 - root - INFO - Epoch[28] Train-accuracy=0.471429
2018-12-19 18:13:33,908 - root - INFO - Epoch[28] Train-cross-entropy=1.969128
2018-12-19 18:13:33,908 - root - INFO - Epoch[28] Train-mse=53.993090
2018-12-19 18:13:33,908 - root - INFO - Epoch[28] Time cost=2.616
2018-12-19 18:13:35,736 - root - INFO - Epoch[28] Validation-accuracy=0.350000
2018-12-19 18:13:35,736 - root - INFO - Epoch[28] Validation-cross-entropy=2.775546
2018-12-19 18:13:35,737 - root - INFO - Epoch[28] Validation-mse=80.053133
2018-12-19 18:13:38,215 - root - INFO - Epoch[29] Train-accuracy=0.471429
2018-12-19 18:13:38,215 - root - INFO - Epoch[29] Train-cross-entropy=1.967956
2018-12-19 18:13:38,215 - root - INFO - Epoch[29] Train-mse=53.992935
2018-12-19 18:13:38,215 - root - INFO - Epoch[29] Time cost=2.479
2018-12-19 18:13:39,835 - root - INFO - Epoch[29] Validation-accuracy=0.350000
2018-12-19 18:13:39,835 - root - INFO - Epoch[29] Validation-cross-entropy=2.774369
2018-12-19 18:13:39,836 - root - INFO - Epoch[29] Validation-mse=80.053104
2018-12-19 18:13:42,027 - root - INFO - Epoch[30] Train-accuracy=0.471429
2018-12-19 18:13:42,027 - root - INFO - Epoch[30] Train-cross-entropy=1.965537
2018-12-19 18:13:42,027 - root - INFO - Epoch[30] Train-mse=53.993007
2018-12-19 18:13:42,027 - root - INFO - Epoch[30] Time cost=2.191
2018-12-19 18:13:44,101 - root - INFO - Epoch[30] Validation-accuracy=0.350000
2018-12-19 18:13:44,101 - root - INFO - Epoch[30] Validation-cross-entropy=2.775712
2018-12-19 18:13:44,101 - root - INFO - Epoch[30] Validation-mse=80.053087
2018-12-19 18:13:46,703 - root - INFO - Epoch[31] Train-accuracy=0.471429
2018-12-19 18:13:46,703 - root - INFO - Epoch[31] Train-cross-entropy=1.962885
2018-12-19 18:13:46,703 - root - INFO - Epoch[31] Train-mse=53.992982
2018-12-19 18:13:46,703 - root - INFO - Epoch[31] Time cost=2.601
2018-12-19 18:13:48,314 - root - INFO - Epoch[31] Validation-accuracy=0.350000
2018-12-19 18:13:48,314 - root - INFO - Epoch[31] Validation-cross-entropy=2.777487
2018-12-19 18:13:48,314 - root - INFO - Epoch[31] Validation-mse=80.053015
2018-12-19 18:13:50,511 - root - INFO - Epoch[32] Train-accuracy=0.471429
2018-12-19 18:13:50,512 - root - INFO - Epoch[32] Train-cross-entropy=1.963087
2018-12-19 18:13:50,512 - root - INFO - Epoch[32] Train-mse=53.992921
2018-12-19 18:13:50,512 - root - INFO - Epoch[32] Time cost=2.197
2018-12-19 18:13:52,115 - root - INFO - Epoch[32] Validation-accuracy=0.350000
2018-12-19 18:13:52,115 - root - INFO - Epoch[32] Validation-cross-entropy=2.779689
2018-12-19 18:13:52,116 - root - INFO - Epoch[32] Validation-mse=80.052994
2018-12-19 18:13:55,432 - root - INFO - Epoch[33] Train-accuracy=0.471429
2018-12-19 18:13:55,432 - root - INFO - Epoch[33] Train-cross-entropy=1.966053
2018-12-19 18:13:55,433 - root - INFO - Epoch[33] Train-mse=53.992846
2018-12-19 18:13:55,433 - root - INFO - Epoch[33] Time cost=3.317
2018-12-19 18:13:57,116 - root - INFO - Epoch[33] Validation-accuracy=0.350000
2018-12-19 18:13:57,116 - root - INFO - Epoch[33] Validation-cross-entropy=2.779931
2018-12-19 18:13:57,116 - root - INFO - Epoch[33] Validation-mse=80.052862
2018-12-19 18:13:59,423 - root - INFO - Epoch[34] Train-accuracy=0.471429
2018-12-19 18:13:59,423 - root - INFO - Epoch[34] Train-cross-entropy=1.963240
2018-12-19 18:13:59,423 - root - INFO - Epoch[34] Train-mse=53.992829
2018-12-19 18:13:59,424 - root - INFO - Epoch[34] Time cost=2.307
2018-12-19 18:14:01,027 - root - INFO - Epoch[34] Validation-accuracy=0.350000
2018-12-19 18:14:01,027 - root - INFO - Epoch[34] Validation-cross-entropy=2.783574
2018-12-19 18:14:01,028 - root - INFO - Epoch[34] Validation-mse=80.053032
2018-12-19 18:14:03,833 - root - INFO - Epoch[35] Train-accuracy=0.471429
2018-12-19 18:14:03,833 - root - INFO - Epoch[35] Train-cross-entropy=1.960789
2018-12-19 18:14:03,834 - root - INFO - Epoch[35] Train-mse=53.992985
2018-12-19 18:14:03,834 - root - INFO - Epoch[35] Time cost=2.806
2018-12-19 18:14:05,618 - root - INFO - Epoch[35] Validation-accuracy=0.350000
2018-12-19 18:14:05,618 - root - INFO - Epoch[35] Validation-cross-entropy=2.782663
2018-12-19 18:14:05,618 - root - INFO - Epoch[35] Validation-mse=80.053032
2018-12-19 18:14:08,083 - root - INFO - Epoch[36] Train-accuracy=0.471429
2018-12-19 18:14:08,083 - root - INFO - Epoch[36] Train-cross-entropy=1.963985
2018-12-19 18:14:08,083 - root - INFO - Epoch[36] Train-mse=53.992964
2018-12-19 18:14:08,083 - root - INFO - Epoch[36] Time cost=2.465
2018-12-19 18:14:09,697 - root - INFO - Epoch[36] Validation-accuracy=0.350000
2018-12-19 18:14:09,697 - root - INFO - Epoch[36] Validation-cross-entropy=2.780914
2018-12-19 18:14:09,697 - root - INFO - Epoch[36] Validation-mse=80.053089
2018-12-19 18:14:11,893 - root - INFO - Epoch[37] Train-accuracy=0.471429
2018-12-19 18:14:11,893 - root - INFO - Epoch[37] Train-cross-entropy=1.956004
2018-12-19 18:14:11,893 - root - INFO - Epoch[37] Train-mse=53.993103
2018-12-19 18:14:11,893 - root - INFO - Epoch[37] Time cost=2.196
2018-12-19 18:14:13,492 - root - INFO - Epoch[37] Validation-accuracy=0.350000
2018-12-19 18:14:13,493 - root - INFO - Epoch[37] Validation-cross-entropy=2.781985
2018-12-19 18:14:13,493 - root - INFO - Epoch[37] Validation-mse=80.053114
2018-12-19 18:14:16,823 - root - INFO - Epoch[38] Train-accuracy=0.471429
2018-12-19 18:14:16,823 - root - INFO - Epoch[38] Train-cross-entropy=1.960463
2018-12-19 18:14:16,823 - root - INFO - Epoch[38] Train-mse=53.992979
2018-12-19 18:14:16,823 - root - INFO - Epoch[38] Time cost=3.330
2018-12-19 18:14:18,489 - root - INFO - Epoch[38] Validation-accuracy=0.350000
2018-12-19 18:14:18,489 - root - INFO - Epoch[38] Validation-cross-entropy=2.781683
2018-12-19 18:14:18,489 - root - INFO - Epoch[38] Validation-mse=80.052904
2018-12-19 18:14:20,800 - root - INFO - Epoch[39] Train-accuracy=0.471429
2018-12-19 18:14:20,800 - root - INFO - Epoch[39] Train-cross-entropy=1.957540
2018-12-19 18:14:20,800 - root - INFO - Epoch[39] Train-mse=53.992842
2018-12-19 18:14:20,800 - root - INFO - Epoch[39] Time cost=2.311
2018-12-19 18:14:23,685 - root - INFO - Saved checkpoint to "params/miniPascalVOC_vggNet-0040.params"
2018-12-19 18:14:24,167 - root - INFO - Epoch[39] Validation-accuracy=0.350000
2018-12-19 18:14:24,168 - root - INFO - Epoch[39] Validation-cross-entropy=2.784981
2018-12-19 18:14:24,168 - root - INFO - Epoch[39] Validation-mse=80.052834
