2018-12-19 17:49:49,456 - root - DEBUG - num_epoch=40
2018-12-19 17:49:50,149 - root - INFO - Epoch[0] Train-accuracy=0.414286
2018-12-19 17:49:50,149 - root - INFO - Epoch[0] Train-cross-entropy=2.980518
2018-12-19 17:49:50,150 - root - INFO - Epoch[0] Train-mse=53.982499
2018-12-19 17:49:50,150 - root - INFO - Epoch[0] Time cost=0.312
2018-12-19 17:49:50,392 - root - INFO - Epoch[0] Validation-accuracy=0.350000
2018-12-19 17:49:50,392 - root - INFO - Epoch[0] Validation-cross-entropy=2.958517
2018-12-19 17:49:50,392 - root - INFO - Epoch[0] Validation-mse=80.042500
2018-12-19 17:49:50,511 - root - INFO - Epoch[1] Train-accuracy=0.471429
2018-12-19 17:49:50,511 - root - INFO - Epoch[1] Train-cross-entropy=2.900775
2018-12-19 17:49:50,511 - root - INFO - Epoch[1] Train-mse=53.982509
2018-12-19 17:49:50,511 - root - INFO - Epoch[1] Time cost=0.119
2018-12-19 17:49:50,754 - root - INFO - Epoch[1] Validation-accuracy=0.350000
2018-12-19 17:49:50,754 - root - INFO - Epoch[1] Validation-cross-entropy=2.876410
2018-12-19 17:49:50,754 - root - INFO - Epoch[1] Validation-mse=80.042524
2018-12-19 17:49:50,868 - root - INFO - Epoch[2] Train-accuracy=0.471429
2018-12-19 17:49:50,869 - root - INFO - Epoch[2] Train-cross-entropy=2.716020
2018-12-19 17:49:50,869 - root - INFO - Epoch[2] Train-mse=53.982633
2018-12-19 17:49:50,869 - root - INFO - Epoch[2] Time cost=0.115
2018-12-19 17:49:51,098 - root - INFO - Epoch[2] Validation-accuracy=0.350000
2018-12-19 17:49:51,098 - root - INFO - Epoch[2] Validation-cross-entropy=2.529745
2018-12-19 17:49:51,098 - root - INFO - Epoch[2] Validation-mse=80.044264
2018-12-19 17:49:51,213 - root - INFO - Epoch[3] Train-accuracy=0.471429
2018-12-19 17:49:51,213 - root - INFO - Epoch[3] Train-cross-entropy=2.340870
2018-12-19 17:49:51,213 - root - INFO - Epoch[3] Train-mse=53.995323
2018-12-19 17:49:51,213 - root - INFO - Epoch[3] Time cost=0.115
2018-12-19 17:49:51,452 - root - INFO - Epoch[3] Validation-accuracy=0.350000
2018-12-19 17:49:51,452 - root - INFO - Epoch[3] Validation-cross-entropy=2.474937
2018-12-19 17:49:51,452 - root - INFO - Epoch[3] Validation-mse=80.046181
2018-12-19 17:49:51,566 - root - INFO - Epoch[4] Train-accuracy=0.471429
2018-12-19 17:49:51,567 - root - INFO - Epoch[4] Train-cross-entropy=2.078345
2018-12-19 17:49:51,567 - root - INFO - Epoch[4] Train-mse=53.987639
2018-12-19 17:49:51,567 - root - INFO - Epoch[4] Time cost=0.114
2018-12-19 17:49:51,806 - root - INFO - Epoch[4] Validation-accuracy=0.350000
2018-12-19 17:49:51,806 - root - INFO - Epoch[4] Validation-cross-entropy=2.771993
2018-12-19 17:49:51,806 - root - INFO - Epoch[4] Validation-mse=80.058910
2018-12-19 17:49:51,921 - root - INFO - Epoch[5] Train-accuracy=0.471429
2018-12-19 17:49:51,921 - root - INFO - Epoch[5] Train-cross-entropy=1.896332
2018-12-19 17:49:51,922 - root - INFO - Epoch[5] Train-mse=53.998714
2018-12-19 17:49:51,922 - root - INFO - Epoch[5] Time cost=0.115
2018-12-19 17:49:52,162 - root - INFO - Epoch[5] Validation-accuracy=0.350000
2018-12-19 17:49:52,162 - root - INFO - Epoch[5] Validation-cross-entropy=2.770244
2018-12-19 17:49:52,162 - root - INFO - Epoch[5] Validation-mse=80.047461
2018-12-19 17:49:52,276 - root - INFO - Epoch[6] Train-accuracy=0.471429
2018-12-19 17:49:52,276 - root - INFO - Epoch[6] Train-cross-entropy=1.826762
2018-12-19 17:49:52,276 - root - INFO - Epoch[6] Train-mse=53.993643
2018-12-19 17:49:52,276 - root - INFO - Epoch[6] Time cost=0.114
2018-12-19 17:49:52,526 - root - INFO - Epoch[6] Validation-accuracy=0.350000
2018-12-19 17:49:52,526 - root - INFO - Epoch[6] Validation-cross-entropy=3.582244
2018-12-19 17:49:52,526 - root - INFO - Epoch[6] Validation-mse=80.068102
2018-12-19 17:49:52,647 - root - INFO - Epoch[7] Train-accuracy=0.471429
2018-12-19 17:49:52,648 - root - INFO - Epoch[7] Train-cross-entropy=1.666327
2018-12-19 17:49:52,648 - root - INFO - Epoch[7] Train-mse=54.002740
2018-12-19 17:49:52,648 - root - INFO - Epoch[7] Time cost=0.121
2018-12-19 17:49:52,902 - root - INFO - Epoch[7] Validation-accuracy=0.350000
2018-12-19 17:49:52,902 - root - INFO - Epoch[7] Validation-cross-entropy=3.230870
2018-12-19 17:49:52,902 - root - INFO - Epoch[7] Validation-mse=80.051739
2018-12-19 17:49:53,016 - root - INFO - Epoch[8] Train-accuracy=0.471429
2018-12-19 17:49:53,016 - root - INFO - Epoch[8] Train-cross-entropy=1.579392
2018-12-19 17:49:53,017 - root - INFO - Epoch[8] Train-mse=53.999615
2018-12-19 17:49:53,017 - root - INFO - Epoch[8] Time cost=0.114
2018-12-19 17:49:53,257 - root - INFO - Epoch[8] Validation-accuracy=0.350000
2018-12-19 17:49:53,258 - root - INFO - Epoch[8] Validation-cross-entropy=3.970569
2018-12-19 17:49:53,258 - root - INFO - Epoch[8] Validation-mse=80.065834
2018-12-19 17:49:53,374 - root - INFO - Epoch[9] Train-accuracy=0.471429
2018-12-19 17:49:53,374 - root - INFO - Epoch[9] Train-cross-entropy=1.495216
2018-12-19 17:49:53,374 - root - INFO - Epoch[9] Train-mse=54.002731
2018-12-19 17:49:53,374 - root - INFO - Epoch[9] Time cost=0.116
2018-12-19 17:49:53,617 - root - INFO - Epoch[9] Validation-accuracy=0.350000
2018-12-19 17:49:53,618 - root - INFO - Epoch[9] Validation-cross-entropy=3.947808
2018-12-19 17:49:53,618 - root - INFO - Epoch[9] Validation-mse=80.058769
2018-12-19 17:49:53,733 - root - INFO - Epoch[10] Train-accuracy=0.471429
2018-12-19 17:49:53,734 - root - INFO - Epoch[10] Train-cross-entropy=1.454466
2018-12-19 17:49:53,734 - root - INFO - Epoch[10] Train-mse=54.003241
2018-12-19 17:49:53,734 - root - INFO - Epoch[10] Time cost=0.116
2018-12-19 17:49:53,984 - root - INFO - Epoch[10] Validation-accuracy=0.350000
2018-12-19 17:49:53,984 - root - INFO - Epoch[10] Validation-cross-entropy=4.266754
2018-12-19 17:49:53,984 - root - INFO - Epoch[10] Validation-mse=80.058809
2018-12-19 17:49:54,099 - root - INFO - Epoch[11] Train-accuracy=0.471429
2018-12-19 17:49:54,099 - root - INFO - Epoch[11] Train-cross-entropy=1.408482
2018-12-19 17:49:54,099 - root - INFO - Epoch[11] Train-mse=54.002463
2018-12-19 17:49:54,099 - root - INFO - Epoch[11] Time cost=0.115
2018-12-19 17:49:54,337 - root - INFO - Epoch[11] Validation-accuracy=0.350000
2018-12-19 17:49:54,337 - root - INFO - Epoch[11] Validation-cross-entropy=4.878460
2018-12-19 17:49:54,337 - root - INFO - Epoch[11] Validation-mse=80.065580
2018-12-19 17:49:54,454 - root - INFO - Epoch[12] Train-accuracy=0.471429
2018-12-19 17:49:54,454 - root - INFO - Epoch[12] Train-cross-entropy=1.370964
2018-12-19 17:49:54,454 - root - INFO - Epoch[12] Train-mse=54.004404
2018-12-19 17:49:54,454 - root - INFO - Epoch[12] Time cost=0.116
2018-12-19 17:49:54,698 - root - INFO - Epoch[12] Validation-accuracy=0.350000
2018-12-19 17:49:54,698 - root - INFO - Epoch[12] Validation-cross-entropy=5.140127
2018-12-19 17:49:54,698 - root - INFO - Epoch[12] Validation-mse=80.062294
2018-12-19 17:49:54,816 - root - INFO - Epoch[13] Train-accuracy=0.471429
2018-12-19 17:49:54,816 - root - INFO - Epoch[13] Train-cross-entropy=1.341489
2018-12-19 17:49:54,816 - root - INFO - Epoch[13] Train-mse=54.004835
2018-12-19 17:49:54,816 - root - INFO - Epoch[13] Time cost=0.118
2018-12-19 17:49:55,054 - root - INFO - Epoch[13] Validation-accuracy=0.350000
2018-12-19 17:49:55,054 - root - INFO - Epoch[13] Validation-cross-entropy=5.266204
2018-12-19 17:49:55,054 - root - INFO - Epoch[13] Validation-mse=80.060009
2018-12-19 17:49:55,169 - root - INFO - Epoch[14] Train-accuracy=0.471429
2018-12-19 17:49:55,169 - root - INFO - Epoch[14] Train-cross-entropy=1.311864
2018-12-19 17:49:55,169 - root - INFO - Epoch[14] Train-mse=54.004171
2018-12-19 17:49:55,169 - root - INFO - Epoch[14] Time cost=0.114
2018-12-19 17:49:55,407 - root - INFO - Epoch[14] Validation-accuracy=0.350000
2018-12-19 17:49:55,407 - root - INFO - Epoch[14] Validation-cross-entropy=5.988583
2018-12-19 17:49:55,407 - root - INFO - Epoch[14] Validation-mse=80.066675
2018-12-19 17:49:55,524 - root - INFO - Epoch[15] Train-accuracy=0.471429
2018-12-19 17:49:55,524 - root - INFO - Epoch[15] Train-cross-entropy=1.264542
2018-12-19 17:49:55,524 - root - INFO - Epoch[15] Train-mse=54.004886
2018-12-19 17:49:55,524 - root - INFO - Epoch[15] Time cost=0.116
2018-12-19 17:49:55,781 - root - INFO - Epoch[15] Validation-accuracy=0.350000
2018-12-19 17:49:55,781 - root - INFO - Epoch[15] Validation-cross-entropy=6.397612
2018-12-19 17:49:55,781 - root - INFO - Epoch[15] Validation-mse=80.065147
2018-12-19 17:49:55,896 - root - INFO - Epoch[16] Train-accuracy=0.500000
2018-12-19 17:49:55,896 - root - INFO - Epoch[16] Train-cross-entropy=1.231490
2018-12-19 17:49:55,896 - root - INFO - Epoch[16] Train-mse=54.005172
2018-12-19 17:49:55,896 - root - INFO - Epoch[16] Time cost=0.115
2018-12-19 17:49:56,140 - root - INFO - Epoch[16] Validation-accuracy=0.350000
2018-12-19 17:49:56,140 - root - INFO - Epoch[16] Validation-cross-entropy=6.296212
2018-12-19 17:49:56,140 - root - INFO - Epoch[16] Validation-mse=80.059395
2018-12-19 17:49:56,256 - root - INFO - Epoch[17] Train-accuracy=0.528571
2018-12-19 17:49:56,257 - root - INFO - Epoch[17] Train-cross-entropy=1.176284
2018-12-19 17:49:56,257 - root - INFO - Epoch[17] Train-mse=54.005304
2018-12-19 17:49:56,257 - root - INFO - Epoch[17] Time cost=0.117
2018-12-19 17:49:56,501 - root - INFO - Epoch[17] Validation-accuracy=0.400000
2018-12-19 17:49:56,501 - root - INFO - Epoch[17] Validation-cross-entropy=6.957658
2018-12-19 17:49:56,501 - root - INFO - Epoch[17] Validation-mse=80.067322
2018-12-19 17:49:56,617 - root - INFO - Epoch[18] Train-accuracy=0.600000
2018-12-19 17:49:56,617 - root - INFO - Epoch[18] Train-cross-entropy=1.090296
2018-12-19 17:49:56,617 - root - INFO - Epoch[18] Train-mse=54.006781
2018-12-19 17:49:56,617 - root - INFO - Epoch[18] Time cost=0.115
2018-12-19 17:49:56,856 - root - INFO - Epoch[18] Validation-accuracy=0.250000
2018-12-19 17:49:56,856 - root - INFO - Epoch[18] Validation-cross-entropy=7.642222
2018-12-19 17:49:56,856 - root - INFO - Epoch[18] Validation-mse=80.067150
2018-12-19 17:49:56,971 - root - INFO - Epoch[19] Train-accuracy=0.628571
2018-12-19 17:49:56,971 - root - INFO - Epoch[19] Train-cross-entropy=1.021334
2018-12-19 17:49:56,971 - root - INFO - Epoch[19] Train-mse=54.007863
2018-12-19 17:49:56,971 - root - INFO - Epoch[19] Time cost=0.114
2018-12-19 17:49:57,210 - root - INFO - Epoch[19] Validation-accuracy=0.200000
2018-12-19 17:49:57,210 - root - INFO - Epoch[19] Validation-cross-entropy=7.943619
2018-12-19 17:49:57,210 - root - INFO - Epoch[19] Validation-mse=80.064802
2018-12-19 17:49:57,325 - root - INFO - Epoch[20] Train-accuracy=0.685714
2018-12-19 17:49:57,326 - root - INFO - Epoch[20] Train-cross-entropy=0.947258
2018-12-19 17:49:57,326 - root - INFO - Epoch[20] Train-mse=54.010026
2018-12-19 17:49:57,326 - root - INFO - Epoch[20] Time cost=0.115
2018-12-19 17:49:57,562 - root - INFO - Epoch[20] Validation-accuracy=0.200000
2018-12-19 17:49:57,563 - root - INFO - Epoch[20] Validation-cross-entropy=8.219207
2018-12-19 17:49:57,563 - root - INFO - Epoch[20] Validation-mse=80.065611
2018-12-19 17:49:57,678 - root - INFO - Epoch[21] Train-accuracy=0.685714
2018-12-19 17:49:57,678 - root - INFO - Epoch[21] Train-cross-entropy=0.901428
2018-12-19 17:49:57,678 - root - INFO - Epoch[21] Train-mse=54.010806
2018-12-19 17:49:57,678 - root - INFO - Epoch[21] Time cost=0.115
2018-12-19 17:49:57,922 - root - INFO - Epoch[21] Validation-accuracy=0.300000
2018-12-19 17:49:57,922 - root - INFO - Epoch[21] Validation-cross-entropy=8.616388
2018-12-19 17:49:57,922 - root - INFO - Epoch[21] Validation-mse=80.075504
2018-12-19 17:49:58,037 - root - INFO - Epoch[22] Train-accuracy=0.714286
2018-12-19 17:49:58,037 - root - INFO - Epoch[22] Train-cross-entropy=0.817086
2018-12-19 17:49:58,037 - root - INFO - Epoch[22] Train-mse=54.012902
2018-12-19 17:49:58,037 - root - INFO - Epoch[22] Time cost=0.114
2018-12-19 17:49:58,275 - root - INFO - Epoch[22] Validation-accuracy=0.150000
2018-12-19 17:49:58,275 - root - INFO - Epoch[22] Validation-cross-entropy=8.905346
2018-12-19 17:49:58,275 - root - INFO - Epoch[22] Validation-mse=80.068670
2018-12-19 17:49:58,389 - root - INFO - Epoch[23] Train-accuracy=0.728571
2018-12-19 17:49:58,390 - root - INFO - Epoch[23] Train-cross-entropy=0.743601
2018-12-19 17:49:58,390 - root - INFO - Epoch[23] Train-mse=54.014853
2018-12-19 17:49:58,390 - root - INFO - Epoch[23] Time cost=0.114
2018-12-19 17:49:58,654 - root - INFO - Epoch[23] Validation-accuracy=0.300000
2018-12-19 17:49:58,655 - root - INFO - Epoch[23] Validation-cross-entropy=9.133289
2018-12-19 17:49:58,655 - root - INFO - Epoch[23] Validation-mse=80.075140
2018-12-19 17:49:58,777 - root - INFO - Epoch[24] Train-accuracy=0.800000
2018-12-19 17:49:58,777 - root - INFO - Epoch[24] Train-cross-entropy=0.676872
2018-12-19 17:49:58,777 - root - INFO - Epoch[24] Train-mse=54.015737
2018-12-19 17:49:58,777 - root - INFO - Epoch[24] Time cost=0.123
2018-12-19 17:49:59,028 - root - INFO - Epoch[24] Validation-accuracy=0.150000
2018-12-19 17:49:59,028 - root - INFO - Epoch[24] Validation-cross-entropy=9.449533
2018-12-19 17:49:59,028 - root - INFO - Epoch[24] Validation-mse=80.068789
2018-12-19 17:49:59,142 - root - INFO - Epoch[25] Train-accuracy=0.800000
2018-12-19 17:49:59,142 - root - INFO - Epoch[25] Train-cross-entropy=0.630851
2018-12-19 17:49:59,143 - root - INFO - Epoch[25] Train-mse=54.016863
2018-12-19 17:49:59,143 - root - INFO - Epoch[25] Time cost=0.114
2018-12-19 17:49:59,385 - root - INFO - Epoch[25] Validation-accuracy=0.350000
2018-12-19 17:49:59,385 - root - INFO - Epoch[25] Validation-cross-entropy=9.923069
2018-12-19 17:49:59,385 - root - INFO - Epoch[25] Validation-mse=80.075388
2018-12-19 17:49:59,500 - root - INFO - Epoch[26] Train-accuracy=0.771429
2018-12-19 17:49:59,500 - root - INFO - Epoch[26] Train-cross-entropy=0.628096
2018-12-19 17:49:59,500 - root - INFO - Epoch[26] Train-mse=54.017112
2018-12-19 17:49:59,500 - root - INFO - Epoch[26] Time cost=0.115
2018-12-19 17:49:59,749 - root - INFO - Epoch[26] Validation-accuracy=0.150000
2018-12-19 17:49:59,749 - root - INFO - Epoch[26] Validation-cross-entropy=10.317863
2018-12-19 17:49:59,749 - root - INFO - Epoch[26] Validation-mse=80.073627
2018-12-19 17:49:59,863 - root - INFO - Epoch[27] Train-accuracy=0.771429
2018-12-19 17:49:59,863 - root - INFO - Epoch[27] Train-cross-entropy=0.615707
2018-12-19 17:49:59,863 - root - INFO - Epoch[27] Train-mse=54.017868
2018-12-19 17:49:59,863 - root - INFO - Epoch[27] Time cost=0.114
2018-12-19 17:50:00,105 - root - INFO - Epoch[27] Validation-accuracy=0.250000
2018-12-19 17:50:00,105 - root - INFO - Epoch[27] Validation-cross-entropy=10.092456
2018-12-19 17:50:00,105 - root - INFO - Epoch[27] Validation-mse=80.074249
2018-12-19 17:50:00,222 - root - INFO - Epoch[28] Train-accuracy=0.785714
2018-12-19 17:50:00,222 - root - INFO - Epoch[28] Train-cross-entropy=0.592031
2018-12-19 17:50:00,222 - root - INFO - Epoch[28] Train-mse=54.017760
2018-12-19 17:50:00,222 - root - INFO - Epoch[28] Time cost=0.117
2018-12-19 17:50:00,465 - root - INFO - Epoch[28] Validation-accuracy=0.350000
2018-12-19 17:50:00,466 - root - INFO - Epoch[28] Validation-cross-entropy=10.142580
2018-12-19 17:50:00,466 - root - INFO - Epoch[28] Validation-mse=80.077335
2018-12-19 17:50:00,580 - root - INFO - Epoch[29] Train-accuracy=0.785714
2018-12-19 17:50:00,580 - root - INFO - Epoch[29] Train-cross-entropy=0.792946
2018-12-19 17:50:00,580 - root - INFO - Epoch[29] Train-mse=54.018554
2018-12-19 17:50:00,580 - root - INFO - Epoch[29] Time cost=0.114
2018-12-19 17:50:00,820 - root - INFO - Epoch[29] Validation-accuracy=0.100000
2018-12-19 17:50:00,820 - root - INFO - Epoch[29] Validation-cross-entropy=11.758140
2018-12-19 17:50:00,820 - root - INFO - Epoch[29] Validation-mse=80.074928
2018-12-19 17:50:00,935 - root - INFO - Epoch[30] Train-accuracy=0.700000
2018-12-19 17:50:00,936 - root - INFO - Epoch[30] Train-cross-entropy=1.534405
2018-12-19 17:50:00,936 - root - INFO - Epoch[30] Train-mse=54.017485
2018-12-19 17:50:00,936 - root - INFO - Epoch[30] Time cost=0.115
2018-12-19 17:50:01,175 - root - INFO - Epoch[30] Validation-accuracy=0.200000
2018-12-19 17:50:01,175 - root - INFO - Epoch[30] Validation-cross-entropy=9.234631
2018-12-19 17:50:01,175 - root - INFO - Epoch[30] Validation-mse=80.073687
2018-12-19 17:50:01,295 - root - INFO - Epoch[31] Train-accuracy=0.714286
2018-12-19 17:50:01,295 - root - INFO - Epoch[31] Train-cross-entropy=1.179944
2018-12-19 17:50:01,295 - root - INFO - Epoch[31] Train-mse=54.017801
2018-12-19 17:50:01,295 - root - INFO - Epoch[31] Time cost=0.120
2018-12-19 17:50:01,545 - root - INFO - Epoch[31] Validation-accuracy=0.100000
2018-12-19 17:50:01,546 - root - INFO - Epoch[31] Validation-cross-entropy=10.737815
2018-12-19 17:50:01,546 - root - INFO - Epoch[31] Validation-mse=80.073732
2018-12-19 17:50:01,673 - root - INFO - Epoch[32] Train-accuracy=0.628571
2018-12-19 17:50:01,673 - root - INFO - Epoch[32] Train-cross-entropy=1.470068
2018-12-19 17:50:01,673 - root - INFO - Epoch[32] Train-mse=54.012753
2018-12-19 17:50:01,673 - root - INFO - Epoch[32] Time cost=0.127
2018-12-19 17:50:01,925 - root - INFO - Epoch[32] Validation-accuracy=0.200000
2018-12-19 17:50:01,925 - root - INFO - Epoch[32] Validation-cross-entropy=9.718601
2018-12-19 17:50:01,925 - root - INFO - Epoch[32] Validation-mse=80.075665
2018-12-19 17:50:02,040 - root - INFO - Epoch[33] Train-accuracy=0.657143
2018-12-19 17:50:02,040 - root - INFO - Epoch[33] Train-cross-entropy=1.093935
2018-12-19 17:50:02,040 - root - INFO - Epoch[33] Train-mse=54.011496
2018-12-19 17:50:02,040 - root - INFO - Epoch[33] Time cost=0.115
2018-12-19 17:50:02,282 - root - INFO - Epoch[33] Validation-accuracy=0.250000
2018-12-19 17:50:02,282 - root - INFO - Epoch[33] Validation-cross-entropy=7.412154
2018-12-19 17:50:02,282 - root - INFO - Epoch[33] Validation-mse=80.068521
2018-12-19 17:50:02,397 - root - INFO - Epoch[34] Train-accuracy=0.700000
2018-12-19 17:50:02,397 - root - INFO - Epoch[34] Train-cross-entropy=0.854381
2018-12-19 17:50:02,397 - root - INFO - Epoch[34] Train-mse=54.011459
2018-12-19 17:50:02,397 - root - INFO - Epoch[34] Time cost=0.114
2018-12-19 17:50:02,637 - root - INFO - Epoch[34] Validation-accuracy=0.200000
2018-12-19 17:50:02,637 - root - INFO - Epoch[34] Validation-cross-entropy=6.580082
2018-12-19 17:50:02,637 - root - INFO - Epoch[34] Validation-mse=80.072496
2018-12-19 17:50:02,755 - root - INFO - Epoch[35] Train-accuracy=0.828571
2018-12-19 17:50:02,755 - root - INFO - Epoch[35] Train-cross-entropy=0.482900
2018-12-19 17:50:02,755 - root - INFO - Epoch[35] Train-mse=54.017699
2018-12-19 17:50:02,755 - root - INFO - Epoch[35] Time cost=0.118
2018-12-19 17:50:02,999 - root - INFO - Epoch[35] Validation-accuracy=0.200000
2018-12-19 17:50:02,999 - root - INFO - Epoch[35] Validation-cross-entropy=7.584877
2018-12-19 17:50:02,999 - root - INFO - Epoch[35] Validation-mse=80.076950
2018-12-19 17:50:03,113 - root - INFO - Epoch[36] Train-accuracy=0.871429
2018-12-19 17:50:03,113 - root - INFO - Epoch[36] Train-cross-entropy=0.354243
2018-12-19 17:50:03,113 - root - INFO - Epoch[36] Train-mse=54.021972
2018-12-19 17:50:03,113 - root - INFO - Epoch[36] Time cost=0.114
2018-12-19 17:50:03,350 - root - INFO - Epoch[36] Validation-accuracy=0.200000
2018-12-19 17:50:03,350 - root - INFO - Epoch[36] Validation-cross-entropy=7.595154
2018-12-19 17:50:03,350 - root - INFO - Epoch[36] Validation-mse=80.074930
2018-12-19 17:50:03,464 - root - INFO - Epoch[37] Train-accuracy=0.885714
2018-12-19 17:50:03,464 - root - INFO - Epoch[37] Train-cross-entropy=0.296384
2018-12-19 17:50:03,464 - root - INFO - Epoch[37] Train-mse=54.022417
2018-12-19 17:50:03,464 - root - INFO - Epoch[37] Time cost=0.114
2018-12-19 17:50:03,701 - root - INFO - Epoch[37] Validation-accuracy=0.150000
2018-12-19 17:50:03,701 - root - INFO - Epoch[37] Validation-cross-entropy=8.121939
2018-12-19 17:50:03,701 - root - INFO - Epoch[37] Validation-mse=80.074522
2018-12-19 17:50:03,817 - root - INFO - Epoch[38] Train-accuracy=0.900000
2018-12-19 17:50:03,818 - root - INFO - Epoch[38] Train-cross-entropy=0.247575
2018-12-19 17:50:03,818 - root - INFO - Epoch[38] Train-mse=54.023035
2018-12-19 17:50:03,818 - root - INFO - Epoch[38] Time cost=0.116
2018-12-19 17:50:04,058 - root - INFO - Epoch[38] Validation-accuracy=0.200000
2018-12-19 17:50:04,058 - root - INFO - Epoch[38] Validation-cross-entropy=8.322726
2018-12-19 17:50:04,058 - root - INFO - Epoch[38] Validation-mse=80.074068
2018-12-19 17:50:04,172 - root - INFO - Epoch[39] Train-accuracy=0.942857
2018-12-19 17:50:04,172 - root - INFO - Epoch[39] Train-cross-entropy=0.194471
2018-12-19 17:50:04,172 - root - INFO - Epoch[39] Train-mse=54.024100
2018-12-19 17:50:04,172 - root - INFO - Epoch[39] Time cost=0.114
2018-12-19 17:50:04,448 - root - INFO - Saved checkpoint to "params/miniPascalVOC_mlp-0040.params"
2018-12-19 17:50:04,472 - root - INFO - Epoch[39] Validation-accuracy=0.200000
2018-12-19 17:50:04,472 - root - INFO - Epoch[39] Validation-cross-entropy=8.606871
2018-12-19 17:50:04,473 - root - INFO - Epoch[39] Validation-mse=80.075930
