2018-12-19 17:43:57,931 - root - DEBUG - num_epoch=40
2018-12-19 17:44:00,532 - root - INFO - Epoch[0] Train-accuracy=0.400000
2018-12-19 17:44:00,532 - root - INFO - Epoch[0] Train-cross-entropy=2.980465
2018-12-19 17:44:00,532 - root - INFO - Epoch[0] Train-mse=53.982499
2018-12-19 17:44:00,532 - root - INFO - Epoch[0] Time cost=2.244
2018-12-19 17:44:01,382 - root - INFO - Epoch[0] Validation-accuracy=0.350000
2018-12-19 17:44:01,383 - root - INFO - Epoch[0] Validation-cross-entropy=2.956986
2018-12-19 17:44:01,383 - root - INFO - Epoch[0] Validation-mse=80.042500
2018-12-19 17:44:01,968 - root - INFO - Epoch[1] Train-accuracy=0.471429
2018-12-19 17:44:01,968 - root - INFO - Epoch[1] Train-cross-entropy=2.889706
2018-12-19 17:44:01,969 - root - INFO - Epoch[1] Train-mse=53.982511
2018-12-19 17:44:01,969 - root - INFO - Epoch[1] Time cost=0.586
2018-12-19 17:44:02,789 - root - INFO - Epoch[1] Validation-accuracy=0.350000
2018-12-19 17:44:02,789 - root - INFO - Epoch[1] Validation-cross-entropy=2.842907
2018-12-19 17:44:02,789 - root - INFO - Epoch[1] Validation-mse=80.042549
2018-12-19 17:44:03,375 - root - INFO - Epoch[2] Train-accuracy=0.471429
2018-12-19 17:44:03,375 - root - INFO - Epoch[2] Train-cross-entropy=2.531878
2018-12-19 17:44:03,376 - root - INFO - Epoch[2] Train-mse=53.986429
2018-12-19 17:44:03,376 - root - INFO - Epoch[2] Time cost=0.586
2018-12-19 17:44:04,203 - root - INFO - Epoch[2] Validation-accuracy=0.350000
2018-12-19 17:44:04,204 - root - INFO - Epoch[2] Validation-cross-entropy=2.877699
2018-12-19 17:44:04,204 - root - INFO - Epoch[2] Validation-mse=80.070148
2018-12-19 17:44:04,790 - root - INFO - Epoch[3] Train-accuracy=0.471429
2018-12-19 17:44:04,790 - root - INFO - Epoch[3] Train-cross-entropy=2.124435
2018-12-19 17:44:04,790 - root - INFO - Epoch[3] Train-mse=53.996905
2018-12-19 17:44:04,790 - root - INFO - Epoch[3] Time cost=0.586
2018-12-19 17:44:05,614 - root - INFO - Epoch[3] Validation-accuracy=0.350000
2018-12-19 17:44:05,614 - root - INFO - Epoch[3] Validation-cross-entropy=2.707160
2018-12-19 17:44:05,614 - root - INFO - Epoch[3] Validation-mse=80.047123
2018-12-19 17:44:06,198 - root - INFO - Epoch[4] Train-accuracy=0.471429
2018-12-19 17:44:06,199 - root - INFO - Epoch[4] Train-cross-entropy=2.035822
2018-12-19 17:44:06,199 - root - INFO - Epoch[4] Train-mse=53.995572
2018-12-19 17:44:06,199 - root - INFO - Epoch[4] Time cost=0.584
2018-12-19 17:44:07,030 - root - INFO - Epoch[4] Validation-accuracy=0.350000
2018-12-19 17:44:07,030 - root - INFO - Epoch[4] Validation-cross-entropy=2.717092
2018-12-19 17:44:07,030 - root - INFO - Epoch[4] Validation-mse=80.056669
2018-12-19 17:44:07,615 - root - INFO - Epoch[5] Train-accuracy=0.471429
2018-12-19 17:44:07,615 - root - INFO - Epoch[5] Train-cross-entropy=1.886980
2018-12-19 17:44:07,615 - root - INFO - Epoch[5] Train-mse=53.991113
2018-12-19 17:44:07,615 - root - INFO - Epoch[5] Time cost=0.585
2018-12-19 17:44:08,477 - root - INFO - Epoch[5] Validation-accuracy=0.350000
2018-12-19 17:44:08,477 - root - INFO - Epoch[5] Validation-cross-entropy=2.718189
2018-12-19 17:44:08,478 - root - INFO - Epoch[5] Validation-mse=80.053734
2018-12-19 17:44:09,063 - root - INFO - Epoch[6] Train-accuracy=0.485714
2018-12-19 17:44:09,064 - root - INFO - Epoch[6] Train-cross-entropy=1.746066
2018-12-19 17:44:09,064 - root - INFO - Epoch[6] Train-mse=53.995060
2018-12-19 17:44:09,064 - root - INFO - Epoch[6] Time cost=0.586
2018-12-19 17:44:09,891 - root - INFO - Epoch[6] Validation-accuracy=0.350000
2018-12-19 17:44:09,891 - root - INFO - Epoch[6] Validation-cross-entropy=2.798145
2018-12-19 17:44:09,891 - root - INFO - Epoch[6] Validation-mse=80.051226
2018-12-19 17:44:10,474 - root - INFO - Epoch[7] Train-accuracy=0.542857
2018-12-19 17:44:10,474 - root - INFO - Epoch[7] Train-cross-entropy=1.439131
2018-12-19 17:44:10,474 - root - INFO - Epoch[7] Train-mse=53.998245
2018-12-19 17:44:10,474 - root - INFO - Epoch[7] Time cost=0.583
2018-12-19 17:44:11,300 - root - INFO - Epoch[7] Validation-accuracy=0.150000
2018-12-19 17:44:11,301 - root - INFO - Epoch[7] Validation-cross-entropy=3.268653
2018-12-19 17:44:11,301 - root - INFO - Epoch[7] Validation-mse=80.053791
2018-12-19 17:44:11,886 - root - INFO - Epoch[8] Train-accuracy=0.657143
2018-12-19 17:44:11,886 - root - INFO - Epoch[8] Train-cross-entropy=1.081446
2018-12-19 17:44:11,886 - root - INFO - Epoch[8] Train-mse=54.002757
2018-12-19 17:44:11,886 - root - INFO - Epoch[8] Time cost=0.586
2018-12-19 17:44:12,705 - root - INFO - Epoch[8] Validation-accuracy=0.150000
2018-12-19 17:44:12,705 - root - INFO - Epoch[8] Validation-cross-entropy=3.613317
2018-12-19 17:44:12,705 - root - INFO - Epoch[8] Validation-mse=80.057587
2018-12-19 17:44:13,291 - root - INFO - Epoch[9] Train-accuracy=0.900000
2018-12-19 17:44:13,291 - root - INFO - Epoch[9] Train-cross-entropy=0.661945
2018-12-19 17:44:13,291 - root - INFO - Epoch[9] Train-mse=54.006938
2018-12-19 17:44:13,291 - root - INFO - Epoch[9] Time cost=0.585
2018-12-19 17:44:14,117 - root - INFO - Epoch[9] Validation-accuracy=0.300000
2018-12-19 17:44:14,117 - root - INFO - Epoch[9] Validation-cross-entropy=4.263883
2018-12-19 17:44:14,117 - root - INFO - Epoch[9] Validation-mse=80.066193
2018-12-19 17:44:14,705 - root - INFO - Epoch[10] Train-accuracy=0.914286
2018-12-19 17:44:14,706 - root - INFO - Epoch[10] Train-cross-entropy=0.451142
2018-12-19 17:44:14,706 - root - INFO - Epoch[10] Train-mse=54.013521
2018-12-19 17:44:14,706 - root - INFO - Epoch[10] Time cost=0.588
2018-12-19 17:44:15,569 - root - INFO - Epoch[10] Validation-accuracy=0.300000
2018-12-19 17:44:15,569 - root - INFO - Epoch[10] Validation-cross-entropy=4.563748
2018-12-19 17:44:15,569 - root - INFO - Epoch[10] Validation-mse=80.073204
2018-12-19 17:44:16,156 - root - INFO - Epoch[11] Train-accuracy=0.928571
2018-12-19 17:44:16,156 - root - INFO - Epoch[11] Train-cross-entropy=0.248030
2018-12-19 17:44:16,156 - root - INFO - Epoch[11] Train-mse=54.018331
2018-12-19 17:44:16,157 - root - INFO - Epoch[11] Time cost=0.587
2018-12-19 17:44:16,981 - root - INFO - Epoch[11] Validation-accuracy=0.350000
2018-12-19 17:44:16,981 - root - INFO - Epoch[11] Validation-cross-entropy=4.636297
2018-12-19 17:44:16,981 - root - INFO - Epoch[11] Validation-mse=80.073828
2018-12-19 17:44:17,566 - root - INFO - Epoch[12] Train-accuracy=0.942857
2018-12-19 17:44:17,566 - root - INFO - Epoch[12] Train-cross-entropy=0.263676
2018-12-19 17:44:17,566 - root - INFO - Epoch[12] Train-mse=54.020041
2018-12-19 17:44:17,566 - root - INFO - Epoch[12] Time cost=0.585
2018-12-19 17:44:18,389 - root - INFO - Epoch[12] Validation-accuracy=0.350000
2018-12-19 17:44:18,389 - root - INFO - Epoch[12] Validation-cross-entropy=4.806406
2018-12-19 17:44:18,389 - root - INFO - Epoch[12] Validation-mse=80.075289
2018-12-19 17:44:18,975 - root - INFO - Epoch[13] Train-accuracy=0.928571
2018-12-19 17:44:18,975 - root - INFO - Epoch[13] Train-cross-entropy=0.264521
2018-12-19 17:44:18,975 - root - INFO - Epoch[13] Train-mse=54.018447
2018-12-19 17:44:18,975 - root - INFO - Epoch[13] Time cost=0.586
2018-12-19 17:44:19,803 - root - INFO - Epoch[13] Validation-accuracy=0.300000
2018-12-19 17:44:19,804 - root - INFO - Epoch[13] Validation-cross-entropy=4.921277
2018-12-19 17:44:19,804 - root - INFO - Epoch[13] Validation-mse=80.073429
2018-12-19 17:44:20,388 - root - INFO - Epoch[14] Train-accuracy=0.957143
2018-12-19 17:44:20,388 - root - INFO - Epoch[14] Train-cross-entropy=0.189339
2018-12-19 17:44:20,388 - root - INFO - Epoch[14] Train-mse=54.022330
2018-12-19 17:44:20,388 - root - INFO - Epoch[14] Time cost=0.584
2018-12-19 17:44:21,216 - root - INFO - Epoch[14] Validation-accuracy=0.300000
2018-12-19 17:44:21,216 - root - INFO - Epoch[14] Validation-cross-entropy=5.073870
2018-12-19 17:44:21,216 - root - INFO - Epoch[14] Validation-mse=80.072918
2018-12-19 17:44:21,801 - root - INFO - Epoch[15] Train-accuracy=0.985714
2018-12-19 17:44:21,801 - root - INFO - Epoch[15] Train-cross-entropy=0.118627
2018-12-19 17:44:21,801 - root - INFO - Epoch[15] Train-mse=54.022848
2018-12-19 17:44:21,801 - root - INFO - Epoch[15] Time cost=0.584
2018-12-19 17:44:22,626 - root - INFO - Epoch[15] Validation-accuracy=0.300000
2018-12-19 17:44:22,626 - root - INFO - Epoch[15] Validation-cross-entropy=5.258218
2018-12-19 17:44:22,626 - root - INFO - Epoch[15] Validation-mse=80.076599
2018-12-19 17:44:23,211 - root - INFO - Epoch[16] Train-accuracy=0.971429
2018-12-19 17:44:23,211 - root - INFO - Epoch[16] Train-cross-entropy=0.114937
2018-12-19 17:44:23,211 - root - INFO - Epoch[16] Train-mse=54.024709
2018-12-19 17:44:23,211 - root - INFO - Epoch[16] Time cost=0.585
2018-12-19 17:44:24,033 - root - INFO - Epoch[16] Validation-accuracy=0.300000
2018-12-19 17:44:24,033 - root - INFO - Epoch[16] Validation-cross-entropy=5.485806
2018-12-19 17:44:24,033 - root - INFO - Epoch[16] Validation-mse=80.077730
2018-12-19 17:44:24,617 - root - INFO - Epoch[17] Train-accuracy=0.971429
2018-12-19 17:44:24,617 - root - INFO - Epoch[17] Train-cross-entropy=0.131912
2018-12-19 17:44:24,617 - root - INFO - Epoch[17] Train-mse=54.025023
2018-12-19 17:44:24,618 - root - INFO - Epoch[17] Time cost=0.584
2018-12-19 17:44:25,448 - root - INFO - Epoch[17] Validation-accuracy=0.300000
2018-12-19 17:44:25,448 - root - INFO - Epoch[17] Validation-cross-entropy=5.595507
2018-12-19 17:44:25,448 - root - INFO - Epoch[17] Validation-mse=80.075989
2018-12-19 17:44:26,033 - root - INFO - Epoch[18] Train-accuracy=0.985714
2018-12-19 17:44:26,033 - root - INFO - Epoch[18] Train-cross-entropy=0.077337
2018-12-19 17:44:26,034 - root - INFO - Epoch[18] Train-mse=54.025139
2018-12-19 17:44:26,034 - root - INFO - Epoch[18] Time cost=0.585
2018-12-19 17:44:26,871 - root - INFO - Epoch[18] Validation-accuracy=0.300000
2018-12-19 17:44:26,871 - root - INFO - Epoch[18] Validation-cross-entropy=5.660339
2018-12-19 17:44:26,871 - root - INFO - Epoch[18] Validation-mse=80.077169
2018-12-19 17:44:27,455 - root - INFO - Epoch[19] Train-accuracy=0.985714
2018-12-19 17:44:27,455 - root - INFO - Epoch[19] Train-cross-entropy=0.066337
2018-12-19 17:44:27,456 - root - INFO - Epoch[19] Train-mse=54.025781
2018-12-19 17:44:27,456 - root - INFO - Epoch[19] Time cost=0.584
2018-12-19 17:44:28,285 - root - INFO - Epoch[19] Validation-accuracy=0.300000
2018-12-19 17:44:28,285 - root - INFO - Epoch[19] Validation-cross-entropy=5.694464
2018-12-19 17:44:28,285 - root - INFO - Epoch[19] Validation-mse=80.076656
2018-12-19 17:44:28,872 - root - INFO - Epoch[20] Train-accuracy=0.985714
2018-12-19 17:44:28,872 - root - INFO - Epoch[20] Train-cross-entropy=0.057012
2018-12-19 17:44:28,872 - root - INFO - Epoch[20] Train-mse=54.026433
2018-12-19 17:44:28,872 - root - INFO - Epoch[20] Time cost=0.586
2018-12-19 17:44:29,695 - root - INFO - Epoch[20] Validation-accuracy=0.300000
2018-12-19 17:44:29,695 - root - INFO - Epoch[20] Validation-cross-entropy=5.836221
2018-12-19 17:44:29,695 - root - INFO - Epoch[20] Validation-mse=80.076689
2018-12-19 17:44:30,280 - root - INFO - Epoch[21] Train-accuracy=1.000000
2018-12-19 17:44:30,280 - root - INFO - Epoch[21] Train-cross-entropy=0.040750
2018-12-19 17:44:30,280 - root - INFO - Epoch[21] Train-mse=54.026729
2018-12-19 17:44:30,280 - root - INFO - Epoch[21] Time cost=0.584
2018-12-19 17:44:31,102 - root - INFO - Epoch[21] Validation-accuracy=0.300000
2018-12-19 17:44:31,102 - root - INFO - Epoch[21] Validation-cross-entropy=5.940426
2018-12-19 17:44:31,102 - root - INFO - Epoch[21] Validation-mse=80.077745
2018-12-19 17:44:31,689 - root - INFO - Epoch[22] Train-accuracy=1.000000
2018-12-19 17:44:31,689 - root - INFO - Epoch[22] Train-cross-entropy=0.028211
2018-12-19 17:44:31,689 - root - INFO - Epoch[22] Train-mse=54.027572
2018-12-19 17:44:31,689 - root - INFO - Epoch[22] Time cost=0.587
2018-12-19 17:44:32,514 - root - INFO - Epoch[22] Validation-accuracy=0.300000
2018-12-19 17:44:32,514 - root - INFO - Epoch[22] Validation-cross-entropy=5.983173
2018-12-19 17:44:32,514 - root - INFO - Epoch[22] Validation-mse=80.078957
2018-12-19 17:44:33,102 - root - INFO - Epoch[23] Train-accuracy=1.000000
2018-12-19 17:44:33,102 - root - INFO - Epoch[23] Train-cross-entropy=0.021622
2018-12-19 17:44:33,103 - root - INFO - Epoch[23] Train-mse=54.028043
2018-12-19 17:44:33,103 - root - INFO - Epoch[23] Time cost=0.588
2018-12-19 17:44:33,934 - root - INFO - Epoch[23] Validation-accuracy=0.300000
2018-12-19 17:44:33,935 - root - INFO - Epoch[23] Validation-cross-entropy=6.083846
2018-12-19 17:44:33,935 - root - INFO - Epoch[23] Validation-mse=80.079395
2018-12-19 17:44:34,519 - root - INFO - Epoch[24] Train-accuracy=1.000000
2018-12-19 17:44:34,519 - root - INFO - Epoch[24] Train-cross-entropy=0.013571
2018-12-19 17:44:34,520 - root - INFO - Epoch[24] Train-mse=54.028700
2018-12-19 17:44:34,520 - root - INFO - Epoch[24] Time cost=0.585
2018-12-19 17:44:35,347 - root - INFO - Epoch[24] Validation-accuracy=0.300000
2018-12-19 17:44:35,347 - root - INFO - Epoch[24] Validation-cross-entropy=6.194007
2018-12-19 17:44:35,347 - root - INFO - Epoch[24] Validation-mse=80.079647
2018-12-19 17:44:35,931 - root - INFO - Epoch[25] Train-accuracy=1.000000
2018-12-19 17:44:35,931 - root - INFO - Epoch[25] Train-cross-entropy=0.010154
2018-12-19 17:44:35,932 - root - INFO - Epoch[25] Train-mse=54.029018
2018-12-19 17:44:35,932 - root - INFO - Epoch[25] Time cost=0.584
2018-12-19 17:44:36,758 - root - INFO - Epoch[25] Validation-accuracy=0.300000
2018-12-19 17:44:36,758 - root - INFO - Epoch[25] Validation-cross-entropy=6.240504
2018-12-19 17:44:36,758 - root - INFO - Epoch[25] Validation-mse=80.080013
2018-12-19 17:44:37,343 - root - INFO - Epoch[26] Train-accuracy=1.000000
2018-12-19 17:44:37,343 - root - INFO - Epoch[26] Train-cross-entropy=0.008195
2018-12-19 17:44:37,344 - root - INFO - Epoch[26] Train-mse=54.029205
2018-12-19 17:44:37,344 - root - INFO - Epoch[26] Time cost=0.586
2018-12-19 17:44:38,171 - root - INFO - Epoch[26] Validation-accuracy=0.300000
2018-12-19 17:44:38,171 - root - INFO - Epoch[26] Validation-cross-entropy=6.277741
2018-12-19 17:44:38,171 - root - INFO - Epoch[26] Validation-mse=80.080147
2018-12-19 17:44:38,758 - root - INFO - Epoch[27] Train-accuracy=1.000000
2018-12-19 17:44:38,758 - root - INFO - Epoch[27] Train-cross-entropy=0.006885
2018-12-19 17:44:38,758 - root - INFO - Epoch[27] Train-mse=54.029324
2018-12-19 17:44:38,758 - root - INFO - Epoch[27] Time cost=0.587
2018-12-19 17:44:39,581 - root - INFO - Epoch[27] Validation-accuracy=0.300000
2018-12-19 17:44:39,581 - root - INFO - Epoch[27] Validation-cross-entropy=6.312309
2018-12-19 17:44:39,581 - root - INFO - Epoch[27] Validation-mse=80.080275
2018-12-19 17:44:40,167 - root - INFO - Epoch[28] Train-accuracy=1.000000
2018-12-19 17:44:40,167 - root - INFO - Epoch[28] Train-cross-entropy=0.006042
2018-12-19 17:44:40,167 - root - INFO - Epoch[28] Train-mse=54.029405
2018-12-19 17:44:40,167 - root - INFO - Epoch[28] Time cost=0.586
2018-12-19 17:44:40,992 - root - INFO - Epoch[28] Validation-accuracy=0.300000
2018-12-19 17:44:40,992 - root - INFO - Epoch[28] Validation-cross-entropy=6.338050
2018-12-19 17:44:40,992 - root - INFO - Epoch[28] Validation-mse=80.080399
2018-12-19 17:44:41,578 - root - INFO - Epoch[29] Train-accuracy=1.000000
2018-12-19 17:44:41,578 - root - INFO - Epoch[29] Train-cross-entropy=0.005431
2018-12-19 17:44:41,578 - root - INFO - Epoch[29] Train-mse=54.029464
2018-12-19 17:44:41,578 - root - INFO - Epoch[29] Time cost=0.586
2018-12-19 17:44:42,407 - root - INFO - Epoch[29] Validation-accuracy=0.300000
2018-12-19 17:44:42,407 - root - INFO - Epoch[29] Validation-cross-entropy=6.358583
2018-12-19 17:44:42,408 - root - INFO - Epoch[29] Validation-mse=80.080542
2018-12-19 17:44:42,995 - root - INFO - Epoch[30] Train-accuracy=1.000000
2018-12-19 17:44:42,995 - root - INFO - Epoch[30] Train-cross-entropy=0.004951
2018-12-19 17:44:42,996 - root - INFO - Epoch[30] Train-mse=54.029512
2018-12-19 17:44:42,996 - root - INFO - Epoch[30] Time cost=0.588
2018-12-19 17:44:43,827 - root - INFO - Epoch[30] Validation-accuracy=0.300000
2018-12-19 17:44:43,827 - root - INFO - Epoch[30] Validation-cross-entropy=6.377144
2018-12-19 17:44:43,827 - root - INFO - Epoch[30] Validation-mse=80.080671
2018-12-19 17:44:44,410 - root - INFO - Epoch[31] Train-accuracy=1.000000
2018-12-19 17:44:44,410 - root - INFO - Epoch[31] Train-cross-entropy=0.004576
2018-12-19 17:44:44,410 - root - INFO - Epoch[31] Train-mse=54.029548
2018-12-19 17:44:44,410 - root - INFO - Epoch[31] Time cost=0.583
2018-12-19 17:44:45,234 - root - INFO - Epoch[31] Validation-accuracy=0.300000
2018-12-19 17:44:45,234 - root - INFO - Epoch[31] Validation-cross-entropy=6.393270
2018-12-19 17:44:45,235 - root - INFO - Epoch[31] Validation-mse=80.080730
2018-12-19 17:44:45,821 - root - INFO - Epoch[32] Train-accuracy=1.000000
2018-12-19 17:44:45,821 - root - INFO - Epoch[32] Train-cross-entropy=0.004261
2018-12-19 17:44:45,821 - root - INFO - Epoch[32] Train-mse=54.029578
2018-12-19 17:44:45,821 - root - INFO - Epoch[32] Time cost=0.586
2018-12-19 17:44:46,643 - root - INFO - Epoch[32] Validation-accuracy=0.300000
2018-12-19 17:44:46,643 - root - INFO - Epoch[32] Validation-cross-entropy=6.407215
2018-12-19 17:44:46,643 - root - INFO - Epoch[32] Validation-mse=80.080748
2018-12-19 17:44:47,228 - root - INFO - Epoch[33] Train-accuracy=1.000000
2018-12-19 17:44:47,229 - root - INFO - Epoch[33] Train-cross-entropy=0.003985
2018-12-19 17:44:47,229 - root - INFO - Epoch[33] Train-mse=54.029606
2018-12-19 17:44:47,229 - root - INFO - Epoch[33] Time cost=0.586
2018-12-19 17:44:48,053 - root - INFO - Epoch[33] Validation-accuracy=0.300000
2018-12-19 17:44:48,053 - root - INFO - Epoch[33] Validation-cross-entropy=6.419730
2018-12-19 17:44:48,053 - root - INFO - Epoch[33] Validation-mse=80.080755
2018-12-19 17:44:48,636 - root - INFO - Epoch[34] Train-accuracy=1.000000
2018-12-19 17:44:48,636 - root - INFO - Epoch[34] Train-cross-entropy=0.003776
2018-12-19 17:44:48,636 - root - INFO - Epoch[34] Train-mse=54.029626
2018-12-19 17:44:48,636 - root - INFO - Epoch[34] Time cost=0.583
2018-12-19 17:44:49,466 - root - INFO - Epoch[34] Validation-accuracy=0.300000
2018-12-19 17:44:49,466 - root - INFO - Epoch[34] Validation-cross-entropy=6.429431
2018-12-19 17:44:49,466 - root - INFO - Epoch[34] Validation-mse=80.080774
2018-12-19 17:44:50,051 - root - INFO - Epoch[35] Train-accuracy=1.000000
2018-12-19 17:44:50,051 - root - INFO - Epoch[35] Train-cross-entropy=0.003596
2018-12-19 17:44:50,051 - root - INFO - Epoch[35] Train-mse=54.029644
2018-12-19 17:44:50,051 - root - INFO - Epoch[35] Time cost=0.585
2018-12-19 17:44:50,882 - root - INFO - Epoch[35] Validation-accuracy=0.300000
2018-12-19 17:44:50,882 - root - INFO - Epoch[35] Validation-cross-entropy=6.438627
2018-12-19 17:44:50,882 - root - INFO - Epoch[35] Validation-mse=80.080797
2018-12-19 17:44:51,466 - root - INFO - Epoch[36] Train-accuracy=1.000000
2018-12-19 17:44:51,467 - root - INFO - Epoch[36] Train-cross-entropy=0.003433
2018-12-19 17:44:51,467 - root - INFO - Epoch[36] Train-mse=54.029660
2018-12-19 17:44:51,467 - root - INFO - Epoch[36] Time cost=0.584
2018-12-19 17:44:52,295 - root - INFO - Epoch[36] Validation-accuracy=0.300000
2018-12-19 17:44:52,295 - root - INFO - Epoch[36] Validation-cross-entropy=6.447959
2018-12-19 17:44:52,295 - root - INFO - Epoch[36] Validation-mse=80.080839
2018-12-19 17:44:52,882 - root - INFO - Epoch[37] Train-accuracy=1.000000
2018-12-19 17:44:52,882 - root - INFO - Epoch[37] Train-cross-entropy=0.003291
2018-12-19 17:44:52,882 - root - INFO - Epoch[37] Train-mse=54.029674
2018-12-19 17:44:52,882 - root - INFO - Epoch[37] Time cost=0.586
2018-12-19 17:44:53,710 - root - INFO - Epoch[37] Validation-accuracy=0.300000
2018-12-19 17:44:53,710 - root - INFO - Epoch[37] Validation-cross-entropy=6.457496
2018-12-19 17:44:53,710 - root - INFO - Epoch[37] Validation-mse=80.080889
2018-12-19 17:44:54,297 - root - INFO - Epoch[38] Train-accuracy=1.000000
2018-12-19 17:44:54,297 - root - INFO - Epoch[38] Train-cross-entropy=0.003164
2018-12-19 17:44:54,297 - root - INFO - Epoch[38] Train-mse=54.029686
2018-12-19 17:44:54,297 - root - INFO - Epoch[38] Time cost=0.586
2018-12-19 17:44:55,115 - root - INFO - Epoch[38] Validation-accuracy=0.300000
2018-12-19 17:44:55,116 - root - INFO - Epoch[38] Validation-cross-entropy=6.467284
2018-12-19 17:44:55,116 - root - INFO - Epoch[38] Validation-mse=80.080938
2018-12-19 17:44:55,700 - root - INFO - Epoch[39] Train-accuracy=1.000000
2018-12-19 17:44:55,701 - root - INFO - Epoch[39] Train-cross-entropy=0.003047
2018-12-19 17:44:55,701 - root - INFO - Epoch[39] Train-mse=54.029698
2018-12-19 17:44:55,701 - root - INFO - Epoch[39] Time cost=0.585
2018-12-19 17:44:56,718 - root - INFO - Saved checkpoint to "params/miniPascalVOC_LeNet-0040.params"
2018-12-19 17:44:56,800 - root - INFO - Epoch[39] Validation-accuracy=0.300000
2018-12-19 17:44:56,800 - root - INFO - Epoch[39] Validation-cross-entropy=6.477156
2018-12-19 17:44:56,800 - root - INFO - Epoch[39] Validation-mse=80.081001
2018-12-19 21:33:35,500 - root - DEBUG - num_epoch=40
2018-12-19 21:33:38,150 - root - INFO - Epoch[0] Train-accuracy=0.400000
2018-12-19 21:33:38,150 - root - INFO - Epoch[0] Train-cross-entropy=2.980465
2018-12-19 21:33:38,150 - root - INFO - Epoch[0] Train-mse=53.982499
2018-12-19 21:33:38,150 - root - INFO - Epoch[0] Time cost=2.290
2018-12-19 21:33:39,049 - root - INFO - Epoch[0] Validation-accuracy=0.350000
2018-12-19 21:33:39,049 - root - INFO - Epoch[0] Validation-cross-entropy=2.956986
2018-12-19 21:33:39,049 - root - INFO - Epoch[0] Validation-mse=80.042500
2018-12-19 21:33:39,649 - root - INFO - Epoch[1] Train-accuracy=0.471429
2018-12-19 21:33:39,649 - root - INFO - Epoch[1] Train-cross-entropy=2.889706
2018-12-19 21:33:39,649 - root - INFO - Epoch[1] Train-mse=53.982511
2018-12-19 21:33:39,649 - root - INFO - Epoch[1] Time cost=0.600
2018-12-19 21:33:40,569 - root - INFO - Epoch[1] Validation-accuracy=0.350000
2018-12-19 21:33:40,570 - root - INFO - Epoch[1] Validation-cross-entropy=2.842907
2018-12-19 21:33:40,570 - root - INFO - Epoch[1] Validation-mse=80.042549
2018-12-19 21:33:41,177 - root - INFO - Epoch[2] Train-accuracy=0.471429
2018-12-19 21:33:41,177 - root - INFO - Epoch[2] Train-cross-entropy=2.531878
2018-12-19 21:33:41,177 - root - INFO - Epoch[2] Train-mse=53.986429
2018-12-19 21:33:41,177 - root - INFO - Epoch[2] Time cost=0.607
2018-12-19 21:33:42,041 - root - INFO - Epoch[2] Validation-accuracy=0.350000
2018-12-19 21:33:42,041 - root - INFO - Epoch[2] Validation-cross-entropy=2.877698
2018-12-19 21:33:42,041 - root - INFO - Epoch[2] Validation-mse=80.070148
2018-12-19 21:33:42,624 - root - INFO - Epoch[3] Train-accuracy=0.471429
2018-12-19 21:33:42,624 - root - INFO - Epoch[3] Train-cross-entropy=2.124435
2018-12-19 21:33:42,624 - root - INFO - Epoch[3] Train-mse=53.996905
2018-12-19 21:33:42,624 - root - INFO - Epoch[3] Time cost=0.583
2018-12-19 21:33:43,502 - root - INFO - Epoch[3] Validation-accuracy=0.350000
2018-12-19 21:33:43,503 - root - INFO - Epoch[3] Validation-cross-entropy=2.707160
2018-12-19 21:33:43,503 - root - INFO - Epoch[3] Validation-mse=80.047123
2018-12-19 21:33:44,086 - root - INFO - Epoch[4] Train-accuracy=0.471429
2018-12-19 21:33:44,086 - root - INFO - Epoch[4] Train-cross-entropy=2.035823
2018-12-19 21:33:44,086 - root - INFO - Epoch[4] Train-mse=53.995567
2018-12-19 21:33:44,087 - root - INFO - Epoch[4] Time cost=0.584
2018-12-19 21:33:44,982 - root - INFO - Epoch[4] Validation-accuracy=0.350000
2018-12-19 21:33:44,983 - root - INFO - Epoch[4] Validation-cross-entropy=2.717093
2018-12-19 21:33:44,983 - root - INFO - Epoch[4] Validation-mse=80.056675
2018-12-19 21:33:45,582 - root - INFO - Epoch[5] Train-accuracy=0.471429
2018-12-19 21:33:45,582 - root - INFO - Epoch[5] Train-cross-entropy=1.886980
2018-12-19 21:33:45,582 - root - INFO - Epoch[5] Train-mse=53.991113
2018-12-19 21:33:45,582 - root - INFO - Epoch[5] Time cost=0.599
2018-12-19 21:33:46,537 - root - INFO - Epoch[5] Validation-accuracy=0.350000
2018-12-19 21:33:46,538 - root - INFO - Epoch[5] Validation-cross-entropy=2.718188
2018-12-19 21:33:46,538 - root - INFO - Epoch[5] Validation-mse=80.053734
2018-12-19 21:33:47,126 - root - INFO - Epoch[6] Train-accuracy=0.485714
2018-12-19 21:33:47,126 - root - INFO - Epoch[6] Train-cross-entropy=1.746064
2018-12-19 21:33:47,126 - root - INFO - Epoch[6] Train-mse=53.995059
2018-12-19 21:33:47,126 - root - INFO - Epoch[6] Time cost=0.588
2018-12-19 21:33:48,045 - root - INFO - Epoch[6] Validation-accuracy=0.350000
2018-12-19 21:33:48,045 - root - INFO - Epoch[6] Validation-cross-entropy=2.798147
2018-12-19 21:33:48,045 - root - INFO - Epoch[6] Validation-mse=80.051226
2018-12-19 21:33:48,636 - root - INFO - Epoch[7] Train-accuracy=0.542857
2018-12-19 21:33:48,637 - root - INFO - Epoch[7] Train-cross-entropy=1.439125
2018-12-19 21:33:48,637 - root - INFO - Epoch[7] Train-mse=53.998247
2018-12-19 21:33:48,637 - root - INFO - Epoch[7] Time cost=0.592
2018-12-19 21:33:49,561 - root - INFO - Epoch[7] Validation-accuracy=0.150000
2018-12-19 21:33:49,561 - root - INFO - Epoch[7] Validation-cross-entropy=3.268657
2018-12-19 21:33:49,561 - root - INFO - Epoch[7] Validation-mse=80.053791
2018-12-19 21:33:50,147 - root - INFO - Epoch[8] Train-accuracy=0.657143
2018-12-19 21:33:50,147 - root - INFO - Epoch[8] Train-cross-entropy=1.081466
2018-12-19 21:33:50,148 - root - INFO - Epoch[8] Train-mse=54.002756
2018-12-19 21:33:50,148 - root - INFO - Epoch[8] Time cost=0.586
2018-12-19 21:33:51,049 - root - INFO - Epoch[8] Validation-accuracy=0.150000
2018-12-19 21:33:51,049 - root - INFO - Epoch[8] Validation-cross-entropy=3.613311
2018-12-19 21:33:51,049 - root - INFO - Epoch[8] Validation-mse=80.057585
2018-12-19 21:33:51,636 - root - INFO - Epoch[9] Train-accuracy=0.900000
2018-12-19 21:33:51,636 - root - INFO - Epoch[9] Train-cross-entropy=0.661984
2018-12-19 21:33:51,637 - root - INFO - Epoch[9] Train-mse=54.006937
2018-12-19 21:33:51,637 - root - INFO - Epoch[9] Time cost=0.587
2018-12-19 21:33:52,516 - root - INFO - Epoch[9] Validation-accuracy=0.300000
2018-12-19 21:33:52,516 - root - INFO - Epoch[9] Validation-cross-entropy=4.263897
2018-12-19 21:33:52,516 - root - INFO - Epoch[9] Validation-mse=80.066196
2018-12-19 21:33:53,103 - root - INFO - Epoch[10] Train-accuracy=0.914286
2018-12-19 21:33:53,104 - root - INFO - Epoch[10] Train-cross-entropy=0.451114
2018-12-19 21:33:53,104 - root - INFO - Epoch[10] Train-mse=54.013536
2018-12-19 21:33:53,104 - root - INFO - Epoch[10] Time cost=0.587
2018-12-19 21:33:53,979 - root - INFO - Epoch[10] Validation-accuracy=0.300000
2018-12-19 21:33:53,980 - root - INFO - Epoch[10] Validation-cross-entropy=4.557571
2018-12-19 21:33:53,980 - root - INFO - Epoch[10] Validation-mse=80.072899
2018-12-19 21:33:54,566 - root - INFO - Epoch[11] Train-accuracy=0.928571
2018-12-19 21:33:54,566 - root - INFO - Epoch[11] Train-cross-entropy=0.244430
2018-12-19 21:33:54,566 - root - INFO - Epoch[11] Train-mse=54.018367
2018-12-19 21:33:54,566 - root - INFO - Epoch[11] Time cost=0.586
2018-12-19 21:33:55,442 - root - INFO - Epoch[11] Validation-accuracy=0.350000
2018-12-19 21:33:55,443 - root - INFO - Epoch[11] Validation-cross-entropy=4.665682
2018-12-19 21:33:55,443 - root - INFO - Epoch[11] Validation-mse=80.074480
2018-12-19 21:33:56,034 - root - INFO - Epoch[12] Train-accuracy=0.942857
2018-12-19 21:33:56,034 - root - INFO - Epoch[12] Train-cross-entropy=0.275477
2018-12-19 21:33:56,034 - root - INFO - Epoch[12] Train-mse=54.020005
2018-12-19 21:33:56,034 - root - INFO - Epoch[12] Time cost=0.592
2018-12-19 21:33:56,941 - root - INFO - Epoch[12] Validation-accuracy=0.350000
2018-12-19 21:33:56,941 - root - INFO - Epoch[12] Validation-cross-entropy=4.813563
2018-12-19 21:33:56,941 - root - INFO - Epoch[12] Validation-mse=80.075455
2018-12-19 21:33:57,528 - root - INFO - Epoch[13] Train-accuracy=0.928571
2018-12-19 21:33:57,528 - root - INFO - Epoch[13] Train-cross-entropy=0.308316
2018-12-19 21:33:57,528 - root - INFO - Epoch[13] Train-mse=54.018272
2018-12-19 21:33:57,528 - root - INFO - Epoch[13] Time cost=0.587
2018-12-19 21:33:58,403 - root - INFO - Epoch[13] Validation-accuracy=0.300000
2018-12-19 21:33:58,403 - root - INFO - Epoch[13] Validation-cross-entropy=5.020553
2018-12-19 21:33:58,403 - root - INFO - Epoch[13] Validation-mse=80.073896
2018-12-19 21:33:58,990 - root - INFO - Epoch[14] Train-accuracy=0.942857
2018-12-19 21:33:58,990 - root - INFO - Epoch[14] Train-cross-entropy=0.215944
2018-12-19 21:33:58,991 - root - INFO - Epoch[14] Train-mse=54.021665
2018-12-19 21:33:58,991 - root - INFO - Epoch[14] Time cost=0.587
2018-12-19 21:33:59,872 - root - INFO - Epoch[14] Validation-accuracy=0.250000
2018-12-19 21:33:59,872 - root - INFO - Epoch[14] Validation-cross-entropy=5.114242
2018-12-19 21:33:59,872 - root - INFO - Epoch[14] Validation-mse=80.072329
2018-12-19 21:34:00,460 - root - INFO - Epoch[15] Train-accuracy=0.985714
2018-12-19 21:34:00,461 - root - INFO - Epoch[15] Train-cross-entropy=0.132871
2018-12-19 21:34:00,461 - root - INFO - Epoch[15] Train-mse=54.022151
2018-12-19 21:34:00,461 - root - INFO - Epoch[15] Time cost=0.588
2018-12-19 21:34:01,337 - root - INFO - Epoch[15] Validation-accuracy=0.300000
2018-12-19 21:34:01,337 - root - INFO - Epoch[15] Validation-cross-entropy=5.264519
2018-12-19 21:34:01,337 - root - INFO - Epoch[15] Validation-mse=80.078190
2018-12-19 21:34:01,924 - root - INFO - Epoch[16] Train-accuracy=0.971429
2018-12-19 21:34:01,924 - root - INFO - Epoch[16] Train-cross-entropy=0.156076
2018-12-19 21:34:01,924 - root - INFO - Epoch[16] Train-mse=54.024088
2018-12-19 21:34:01,924 - root - INFO - Epoch[16] Time cost=0.587
2018-12-19 21:34:02,804 - root - INFO - Epoch[16] Validation-accuracy=0.300000
2018-12-19 21:34:02,804 - root - INFO - Epoch[16] Validation-cross-entropy=5.311299
2018-12-19 21:34:02,804 - root - INFO - Epoch[16] Validation-mse=80.075636
2018-12-19 21:34:03,390 - root - INFO - Epoch[17] Train-accuracy=0.971429
2018-12-19 21:34:03,391 - root - INFO - Epoch[17] Train-cross-entropy=0.121265
2018-12-19 21:34:03,391 - root - INFO - Epoch[17] Train-mse=54.023794
2018-12-19 21:34:03,391 - root - INFO - Epoch[17] Time cost=0.586
2018-12-19 21:34:04,276 - root - INFO - Epoch[17] Validation-accuracy=0.300000
2018-12-19 21:34:04,276 - root - INFO - Epoch[17] Validation-cross-entropy=5.345837
2018-12-19 21:34:04,277 - root - INFO - Epoch[17] Validation-mse=80.077574
2018-12-19 21:34:04,865 - root - INFO - Epoch[18] Train-accuracy=0.971429
2018-12-19 21:34:04,865 - root - INFO - Epoch[18] Train-cross-entropy=0.125146
2018-12-19 21:34:04,865 - root - INFO - Epoch[18] Train-mse=54.025060
2018-12-19 21:34:04,865 - root - INFO - Epoch[18] Time cost=0.588
2018-12-19 21:34:05,750 - root - INFO - Epoch[18] Validation-accuracy=0.300000
2018-12-19 21:34:05,750 - root - INFO - Epoch[18] Validation-cross-entropy=5.446655
2018-12-19 21:34:05,750 - root - INFO - Epoch[18] Validation-mse=80.077480
2018-12-19 21:34:06,337 - root - INFO - Epoch[19] Train-accuracy=0.957143
2018-12-19 21:34:06,337 - root - INFO - Epoch[19] Train-cross-entropy=0.120140
2018-12-19 21:34:06,337 - root - INFO - Epoch[19] Train-mse=54.025003
2018-12-19 21:34:06,337 - root - INFO - Epoch[19] Time cost=0.587
2018-12-19 21:34:07,217 - root - INFO - Epoch[19] Validation-accuracy=0.300000
2018-12-19 21:34:07,217 - root - INFO - Epoch[19] Validation-cross-entropy=5.539000
2018-12-19 21:34:07,217 - root - INFO - Epoch[19] Validation-mse=80.079212
2018-12-19 21:34:07,803 - root - INFO - Epoch[20] Train-accuracy=0.971429
2018-12-19 21:34:07,804 - root - INFO - Epoch[20] Train-cross-entropy=0.117276
2018-12-19 21:34:07,804 - root - INFO - Epoch[20] Train-mse=54.025314
2018-12-19 21:34:07,804 - root - INFO - Epoch[20] Time cost=0.586
2018-12-19 21:34:08,679 - root - INFO - Epoch[20] Validation-accuracy=0.300000
2018-12-19 21:34:08,679 - root - INFO - Epoch[20] Validation-cross-entropy=5.595588
2018-12-19 21:34:08,679 - root - INFO - Epoch[20] Validation-mse=80.076500
2018-12-19 21:34:09,269 - root - INFO - Epoch[21] Train-accuracy=0.985714
2018-12-19 21:34:09,269 - root - INFO - Epoch[21] Train-cross-entropy=0.095098
2018-12-19 21:34:09,269 - root - INFO - Epoch[21] Train-mse=54.024636
2018-12-19 21:34:09,269 - root - INFO - Epoch[21] Time cost=0.589
2018-12-19 21:34:10,149 - root - INFO - Epoch[21] Validation-accuracy=0.300000
2018-12-19 21:34:10,149 - root - INFO - Epoch[21] Validation-cross-entropy=5.532461
2018-12-19 21:34:10,149 - root - INFO - Epoch[21] Validation-mse=80.077806
2018-12-19 21:34:10,741 - root - INFO - Epoch[22] Train-accuracy=0.985714
2018-12-19 21:34:10,741 - root - INFO - Epoch[22] Train-cross-entropy=0.082777
2018-12-19 21:34:10,741 - root - INFO - Epoch[22] Train-mse=54.025715
2018-12-19 21:34:10,741 - root - INFO - Epoch[22] Time cost=0.592
2018-12-19 21:34:11,621 - root - INFO - Epoch[22] Validation-accuracy=0.300000
2018-12-19 21:34:11,621 - root - INFO - Epoch[22] Validation-cross-entropy=5.601046
2018-12-19 21:34:11,621 - root - INFO - Epoch[22] Validation-mse=80.077019
2018-12-19 21:34:12,208 - root - INFO - Epoch[23] Train-accuracy=0.971429
2018-12-19 21:34:12,208 - root - INFO - Epoch[23] Train-cross-entropy=0.073981
2018-12-19 21:34:12,208 - root - INFO - Epoch[23] Train-mse=54.025792
2018-12-19 21:34:12,208 - root - INFO - Epoch[23] Time cost=0.586
2018-12-19 21:34:13,086 - root - INFO - Epoch[23] Validation-accuracy=0.300000
2018-12-19 21:34:13,087 - root - INFO - Epoch[23] Validation-cross-entropy=5.700813
2018-12-19 21:34:13,087 - root - INFO - Epoch[23] Validation-mse=80.077507
2018-12-19 21:34:13,673 - root - INFO - Epoch[24] Train-accuracy=0.985714
2018-12-19 21:34:13,673 - root - INFO - Epoch[24] Train-cross-entropy=0.060288
2018-12-19 21:34:13,673 - root - INFO - Epoch[24] Train-mse=54.026219
2018-12-19 21:34:13,673 - root - INFO - Epoch[24] Time cost=0.587
2018-12-19 21:34:14,572 - root - INFO - Epoch[24] Validation-accuracy=0.250000
2018-12-19 21:34:14,572 - root - INFO - Epoch[24] Validation-cross-entropy=5.912674
2018-12-19 21:34:14,572 - root - INFO - Epoch[24] Validation-mse=80.077240
2018-12-19 21:34:15,158 - root - INFO - Epoch[25] Train-accuracy=1.000000
2018-12-19 21:34:15,158 - root - INFO - Epoch[25] Train-cross-entropy=0.045137
2018-12-19 21:34:15,158 - root - INFO - Epoch[25] Train-mse=54.026601
2018-12-19 21:34:15,158 - root - INFO - Epoch[25] Time cost=0.586
2018-12-19 21:34:16,040 - root - INFO - Epoch[25] Validation-accuracy=0.300000
2018-12-19 21:34:16,040 - root - INFO - Epoch[25] Validation-cross-entropy=5.856781
2018-12-19 21:34:16,040 - root - INFO - Epoch[25] Validation-mse=80.077839
2018-12-19 21:34:16,626 - root - INFO - Epoch[26] Train-accuracy=0.985714
2018-12-19 21:34:16,626 - root - INFO - Epoch[26] Train-cross-entropy=0.047730
2018-12-19 21:34:16,626 - root - INFO - Epoch[26] Train-mse=54.026984
2018-12-19 21:34:16,626 - root - INFO - Epoch[26] Time cost=0.585
2018-12-19 21:34:17,502 - root - INFO - Epoch[26] Validation-accuracy=0.250000
2018-12-19 21:34:17,502 - root - INFO - Epoch[26] Validation-cross-entropy=5.993145
2018-12-19 21:34:17,502 - root - INFO - Epoch[26] Validation-mse=80.077627
2018-12-19 21:34:18,090 - root - INFO - Epoch[27] Train-accuracy=0.985714
2018-12-19 21:34:18,090 - root - INFO - Epoch[27] Train-cross-entropy=0.034586
2018-12-19 21:34:18,090 - root - INFO - Epoch[27] Train-mse=54.027472
2018-12-19 21:34:18,090 - root - INFO - Epoch[27] Time cost=0.588
2018-12-19 21:34:18,974 - root - INFO - Epoch[27] Validation-accuracy=0.300000
2018-12-19 21:34:18,974 - root - INFO - Epoch[27] Validation-cross-entropy=5.961885
2018-12-19 21:34:18,974 - root - INFO - Epoch[27] Validation-mse=80.079060
2018-12-19 21:34:19,560 - root - INFO - Epoch[28] Train-accuracy=0.985714
2018-12-19 21:34:19,561 - root - INFO - Epoch[28] Train-cross-entropy=0.038105
2018-12-19 21:34:19,561 - root - INFO - Epoch[28] Train-mse=54.027707
2018-12-19 21:34:19,561 - root - INFO - Epoch[28] Time cost=0.587
2018-12-19 21:34:20,458 - root - INFO - Epoch[28] Validation-accuracy=0.250000
2018-12-19 21:34:20,458 - root - INFO - Epoch[28] Validation-cross-entropy=6.046675
2018-12-19 21:34:20,458 - root - INFO - Epoch[28] Validation-mse=80.078394
2018-12-19 21:34:21,045 - root - INFO - Epoch[29] Train-accuracy=0.985714
2018-12-19 21:34:21,045 - root - INFO - Epoch[29] Train-cross-entropy=0.036957
2018-12-19 21:34:21,045 - root - INFO - Epoch[29] Train-mse=54.028083
2018-12-19 21:34:21,045 - root - INFO - Epoch[29] Time cost=0.587
2018-12-19 21:34:21,933 - root - INFO - Epoch[29] Validation-accuracy=0.300000
2018-12-19 21:34:21,933 - root - INFO - Epoch[29] Validation-cross-entropy=5.949643
2018-12-19 21:34:21,933 - root - INFO - Epoch[29] Validation-mse=80.078457
2018-12-19 21:34:22,530 - root - INFO - Epoch[30] Train-accuracy=0.985714
2018-12-19 21:34:22,530 - root - INFO - Epoch[30] Train-cross-entropy=0.033531
2018-12-19 21:34:22,530 - root - INFO - Epoch[30] Train-mse=54.027901
2018-12-19 21:34:22,530 - root - INFO - Epoch[30] Time cost=0.597
2018-12-19 21:34:23,412 - root - INFO - Epoch[30] Validation-accuracy=0.300000
2018-12-19 21:34:23,413 - root - INFO - Epoch[30] Validation-cross-entropy=6.067995
2018-12-19 21:34:23,413 - root - INFO - Epoch[30] Validation-mse=80.078478
2018-12-19 21:34:24,000 - root - INFO - Epoch[31] Train-accuracy=1.000000
2018-12-19 21:34:24,000 - root - INFO - Epoch[31] Train-cross-entropy=0.024185
2018-12-19 21:34:24,000 - root - INFO - Epoch[31] Train-mse=54.028110
2018-12-19 21:34:24,000 - root - INFO - Epoch[31] Time cost=0.587
2018-12-19 21:34:24,885 - root - INFO - Epoch[31] Validation-accuracy=0.300000
2018-12-19 21:34:24,886 - root - INFO - Epoch[31] Validation-cross-entropy=6.100138
2018-12-19 21:34:24,886 - root - INFO - Epoch[31] Validation-mse=80.078949
2018-12-19 21:34:25,474 - root - INFO - Epoch[32] Train-accuracy=1.000000
2018-12-19 21:34:25,474 - root - INFO - Epoch[32] Train-cross-entropy=0.015884
2018-12-19 21:34:25,474 - root - INFO - Epoch[32] Train-mse=54.028552
2018-12-19 21:34:25,474 - root - INFO - Epoch[32] Time cost=0.588
2018-12-19 21:34:26,355 - root - INFO - Epoch[32] Validation-accuracy=0.300000
2018-12-19 21:34:26,355 - root - INFO - Epoch[32] Validation-cross-entropy=6.151657
2018-12-19 21:34:26,355 - root - INFO - Epoch[32] Validation-mse=80.079456
2018-12-19 21:34:26,943 - root - INFO - Epoch[33] Train-accuracy=1.000000
2018-12-19 21:34:26,943 - root - INFO - Epoch[33] Train-cross-entropy=0.012395
2018-12-19 21:34:26,943 - root - INFO - Epoch[33] Train-mse=54.028829
2018-12-19 21:34:26,943 - root - INFO - Epoch[33] Time cost=0.588
2018-12-19 21:34:27,827 - root - INFO - Epoch[33] Validation-accuracy=0.300000
2018-12-19 21:34:27,827 - root - INFO - Epoch[33] Validation-cross-entropy=6.227376
2018-12-19 21:34:27,827 - root - INFO - Epoch[33] Validation-mse=80.079477
2018-12-19 21:34:28,414 - root - INFO - Epoch[34] Train-accuracy=1.000000
2018-12-19 21:34:28,414 - root - INFO - Epoch[34] Train-cross-entropy=0.010299
2018-12-19 21:34:28,414 - root - INFO - Epoch[34] Train-mse=54.029013
2018-12-19 21:34:28,414 - root - INFO - Epoch[34] Time cost=0.587
2018-12-19 21:34:29,296 - root - INFO - Epoch[34] Validation-accuracy=0.300000
2018-12-19 21:34:29,296 - root - INFO - Epoch[34] Validation-cross-entropy=6.239510
2018-12-19 21:34:29,296 - root - INFO - Epoch[34] Validation-mse=80.080053
2018-12-19 21:34:29,884 - root - INFO - Epoch[35] Train-accuracy=1.000000
2018-12-19 21:34:29,884 - root - INFO - Epoch[35] Train-cross-entropy=0.008298
2018-12-19 21:34:29,884 - root - INFO - Epoch[35] Train-mse=54.029200
2018-12-19 21:34:29,884 - root - INFO - Epoch[35] Time cost=0.588
2018-12-19 21:34:30,773 - root - INFO - Epoch[35] Validation-accuracy=0.300000
2018-12-19 21:34:30,773 - root - INFO - Epoch[35] Validation-cross-entropy=6.257157
2018-12-19 21:34:30,773 - root - INFO - Epoch[35] Validation-mse=80.080511
2018-12-19 21:34:31,360 - root - INFO - Epoch[36] Train-accuracy=1.000000
2018-12-19 21:34:31,360 - root - INFO - Epoch[36] Train-cross-entropy=0.007070
2018-12-19 21:34:31,360 - root - INFO - Epoch[36] Train-mse=54.029312
2018-12-19 21:34:31,360 - root - INFO - Epoch[36] Time cost=0.587
2018-12-19 21:34:32,243 - root - INFO - Epoch[36] Validation-accuracy=0.300000
2018-12-19 21:34:32,243 - root - INFO - Epoch[36] Validation-cross-entropy=6.290768
2018-12-19 21:34:32,243 - root - INFO - Epoch[36] Validation-mse=80.080727
2018-12-19 21:34:32,830 - root - INFO - Epoch[37] Train-accuracy=1.000000
2018-12-19 21:34:32,830 - root - INFO - Epoch[37] Train-cross-entropy=0.006258
2018-12-19 21:34:32,830 - root - INFO - Epoch[37] Train-mse=54.029391
2018-12-19 21:34:32,830 - root - INFO - Epoch[37] Time cost=0.587
2018-12-19 21:34:33,707 - root - INFO - Epoch[37] Validation-accuracy=0.300000
2018-12-19 21:34:33,707 - root - INFO - Epoch[37] Validation-cross-entropy=6.329842
2018-12-19 21:34:33,708 - root - INFO - Epoch[37] Validation-mse=80.080868
2018-12-19 21:34:34,296 - root - INFO - Epoch[38] Train-accuracy=1.000000
2018-12-19 21:34:34,296 - root - INFO - Epoch[38] Train-cross-entropy=0.005683
2018-12-19 21:34:34,296 - root - INFO - Epoch[38] Train-mse=54.029446
2018-12-19 21:34:34,296 - root - INFO - Epoch[38] Time cost=0.588
2018-12-19 21:34:35,179 - root - INFO - Epoch[38] Validation-accuracy=0.300000
2018-12-19 21:34:35,179 - root - INFO - Epoch[38] Validation-cross-entropy=6.364986
2018-12-19 21:34:35,179 - root - INFO - Epoch[38] Validation-mse=80.080996
2018-12-19 21:34:35,776 - root - INFO - Epoch[39] Train-accuracy=1.000000
2018-12-19 21:34:35,776 - root - INFO - Epoch[39] Train-cross-entropy=0.005235
2018-12-19 21:34:35,776 - root - INFO - Epoch[39] Train-mse=54.029484
2018-12-19 21:34:35,776 - root - INFO - Epoch[39] Time cost=0.597
2018-12-19 21:34:36,767 - root - INFO - Saved checkpoint to "params/miniPascalVOC_LeNet-0040.params"
2018-12-19 21:34:36,829 - root - INFO - Epoch[39] Validation-accuracy=0.300000
2018-12-19 21:34:36,829 - root - INFO - Epoch[39] Validation-cross-entropy=6.391119
2018-12-19 21:34:36,829 - root - INFO - Epoch[39] Validation-mse=80.081089
