2019-03-23 21:04:55,839 - root - DEBUG - num_epoch=200
2019-03-23 21:05:21,868 - root - INFO - Epoch[0] Train-accuracy=0.434290
2019-03-23 21:05:21,869 - root - INFO - Epoch[0] Train-cross-entropy=2.350045
2019-03-23 21:05:21,869 - root - INFO - Epoch[0] Time cost=21.747
2019-03-23 21:05:23,287 - root - INFO - Epoch[0] Validation-accuracy=0.423939
2019-03-23 21:05:23,287 - root - INFO - Epoch[0] Validation-cross-entropy=2.327862
2019-03-23 21:05:43,907 - root - INFO - Epoch[1] Train-accuracy=0.434808
2019-03-23 21:05:43,907 - root - INFO - Epoch[1] Train-cross-entropy=2.294530
2019-03-23 21:05:43,907 - root - INFO - Epoch[1] Time cost=20.620
2019-03-23 21:05:45,420 - root - INFO - Epoch[1] Validation-accuracy=0.424880
2019-03-23 21:05:45,420 - root - INFO - Epoch[1] Validation-cross-entropy=2.326838
2019-03-23 21:06:07,056 - root - INFO - Epoch[2] Train-accuracy=0.434716
2019-03-23 21:06:07,056 - root - INFO - Epoch[2] Train-cross-entropy=2.294402
2019-03-23 21:06:07,056 - root - INFO - Epoch[2] Time cost=21.636
2019-03-23 21:06:08,497 - root - INFO - Epoch[2] Validation-accuracy=0.424233
2019-03-23 21:06:08,497 - root - INFO - Epoch[2] Validation-cross-entropy=2.326359
2019-03-23 21:06:11,545 - root - INFO - Update[1501]: Change learning rate to 9.00000e-03
2019-03-23 21:06:30,145 - root - INFO - Epoch[3] Train-accuracy=0.434874
2019-03-23 21:06:30,145 - root - INFO - Epoch[3] Train-cross-entropy=2.294000
2019-03-23 21:06:30,146 - root - INFO - Epoch[3] Time cost=21.648
2019-03-23 21:06:31,611 - root - INFO - Epoch[3] Validation-accuracy=0.425180
2019-03-23 21:06:31,612 - root - INFO - Epoch[3] Validation-cross-entropy=2.326539
2019-03-23 21:06:53,186 - root - INFO - Epoch[4] Train-accuracy=0.434847
2019-03-23 21:06:53,186 - root - INFO - Epoch[4] Train-cross-entropy=2.294036
2019-03-23 21:06:53,186 - root - INFO - Epoch[4] Time cost=21.575
2019-03-23 21:06:54,655 - root - INFO - Epoch[4] Validation-accuracy=0.424823
2019-03-23 21:06:54,656 - root - INFO - Epoch[4] Validation-cross-entropy=2.325603
2019-03-23 21:07:16,316 - root - INFO - Epoch[5] Train-accuracy=0.434907
2019-03-23 21:07:16,316 - root - INFO - Epoch[5] Train-cross-entropy=2.293723
2019-03-23 21:07:16,316 - root - INFO - Epoch[5] Time cost=21.661
2019-03-23 21:07:17,755 - root - INFO - Epoch[5] Validation-accuracy=0.423978
2019-03-23 21:07:17,755 - root - INFO - Epoch[5] Validation-cross-entropy=2.329432
2019-03-23 21:07:24,151 - root - INFO - Update[3001]: Change learning rate to 8.10000e-03
2019-03-23 21:07:39,540 - root - INFO - Epoch[6] Train-accuracy=0.434585
2019-03-23 21:07:39,541 - root - INFO - Epoch[6] Train-cross-entropy=2.294611
2019-03-23 21:07:39,541 - root - INFO - Epoch[6] Time cost=21.786
2019-03-23 21:07:40,926 - root - INFO - Epoch[6] Validation-accuracy=0.424579
2019-03-23 21:07:40,926 - root - INFO - Epoch[6] Validation-cross-entropy=2.328030
2019-03-23 21:08:02,570 - root - INFO - Epoch[7] Train-accuracy=0.434972
2019-03-23 21:08:02,570 - root - INFO - Epoch[7] Train-cross-entropy=2.293322
2019-03-23 21:08:02,570 - root - INFO - Epoch[7] Time cost=21.644
2019-03-23 21:08:04,438 - root - INFO - Epoch[7] Validation-accuracy=0.424233
2019-03-23 21:08:04,439 - root - INFO - Epoch[7] Validation-cross-entropy=2.326777
2019-03-23 21:08:26,103 - root - INFO - Epoch[8] Train-accuracy=0.434743
2019-03-23 21:08:26,104 - root - INFO - Epoch[8] Train-cross-entropy=2.294277
2019-03-23 21:08:26,104 - root - INFO - Epoch[8] Time cost=21.663
2019-03-23 21:08:27,532 - root - INFO - Epoch[8] Validation-accuracy=0.424880
2019-03-23 21:08:27,533 - root - INFO - Epoch[8] Validation-cross-entropy=2.327509
2019-03-23 21:08:37,081 - root - INFO - Update[4501]: Change learning rate to 7.29000e-03
2019-03-23 21:08:49,061 - root - INFO - Epoch[9] Train-accuracy=0.434847
2019-03-23 21:08:49,062 - root - INFO - Epoch[9] Train-cross-entropy=2.293778
2019-03-23 21:08:49,062 - root - INFO - Epoch[9] Time cost=21.529
2019-03-23 21:08:50,621 - root - INFO - Epoch[9] Validation-accuracy=0.424823
2019-03-23 21:08:50,622 - root - INFO - Epoch[9] Validation-cross-entropy=2.325711
2019-03-23 21:09:12,178 - root - INFO - Epoch[10] Train-accuracy=0.434710
2019-03-23 21:09:12,179 - root - INFO - Epoch[10] Train-cross-entropy=2.294129
2019-03-23 21:09:12,179 - root - INFO - Epoch[10] Time cost=21.557
2019-03-23 21:09:13,643 - root - INFO - Epoch[10] Validation-accuracy=0.424279
2019-03-23 21:09:13,644 - root - INFO - Epoch[10] Validation-cross-entropy=2.329035
2019-03-23 21:09:35,008 - root - INFO - Epoch[11] Train-accuracy=0.434847
2019-03-23 21:09:35,009 - root - INFO - Epoch[11] Train-cross-entropy=2.293822
2019-03-23 21:09:35,009 - root - INFO - Epoch[11] Time cost=21.365
2019-03-23 21:09:36,427 - root - INFO - Epoch[11] Validation-accuracy=0.424579
2019-03-23 21:09:36,428 - root - INFO - Epoch[11] Validation-cross-entropy=2.328100
2019-03-23 21:09:49,213 - root - INFO - Update[6001]: Change learning rate to 6.56100e-03
2019-03-23 21:09:57,940 - root - INFO - Epoch[12] Train-accuracy=0.434775
2019-03-23 21:09:57,941 - root - INFO - Epoch[12] Train-cross-entropy=2.293846
2019-03-23 21:09:57,941 - root - INFO - Epoch[12] Time cost=21.513
2019-03-23 21:09:59,418 - root - INFO - Epoch[12] Validation-accuracy=0.424233
2019-03-23 21:09:59,418 - root - INFO - Epoch[12] Validation-cross-entropy=2.326608
2019-03-23 21:10:20,825 - root - INFO - Epoch[13] Train-accuracy=0.434912
2019-03-23 21:10:20,825 - root - INFO - Epoch[13] Train-cross-entropy=2.293601
2019-03-23 21:10:20,826 - root - INFO - Epoch[13] Time cost=21.407
2019-03-23 21:10:22,303 - root - INFO - Epoch[13] Validation-accuracy=0.424880
2019-03-23 21:10:22,304 - root - INFO - Epoch[13] Validation-cross-entropy=2.326907
2019-03-23 21:10:43,540 - root - INFO - Epoch[14] Train-accuracy=0.434841
2019-03-23 21:10:43,540 - root - INFO - Epoch[14] Train-cross-entropy=2.293705
2019-03-23 21:10:43,540 - root - INFO - Epoch[14] Time cost=21.237
2019-03-23 21:10:45,017 - root - INFO - Epoch[14] Validation-accuracy=0.424823
2019-03-23 21:10:45,017 - root - INFO - Epoch[14] Validation-cross-entropy=2.325653
2019-03-23 21:11:00,827 - root - INFO - Update[7501]: Change learning rate to 5.90490e-03
2019-03-23 21:11:06,316 - root - INFO - Epoch[15] Train-accuracy=0.434677
2019-03-23 21:11:06,317 - root - INFO - Epoch[15] Train-cross-entropy=2.294110
2019-03-23 21:11:06,317 - root - INFO - Epoch[15] Time cost=21.299
2019-03-23 21:11:07,716 - root - INFO - Epoch[15] Validation-accuracy=0.424579
2019-03-23 21:11:07,716 - root - INFO - Epoch[15] Validation-cross-entropy=2.327982
2019-03-23 21:11:29,158 - root - INFO - Epoch[16] Train-accuracy=0.434683
2019-03-23 21:11:29,159 - root - INFO - Epoch[16] Train-cross-entropy=2.293991
2019-03-23 21:11:29,159 - root - INFO - Epoch[16] Time cost=21.442
2019-03-23 21:11:30,836 - root - INFO - Epoch[16] Validation-accuracy=0.424579
2019-03-23 21:11:30,837 - root - INFO - Epoch[16] Validation-cross-entropy=2.328453
2019-03-23 21:11:51,988 - root - INFO - Epoch[17] Train-accuracy=0.434940
2019-03-23 21:11:51,989 - root - INFO - Epoch[17] Train-cross-entropy=2.293487
2019-03-23 21:11:51,989 - root - INFO - Epoch[17] Time cost=21.152
2019-03-23 21:11:53,482 - root - INFO - Epoch[17] Validation-accuracy=0.424233
2019-03-23 21:11:53,482 - root - INFO - Epoch[17] Validation-cross-entropy=2.326645
2019-03-23 21:12:12,441 - root - INFO - Update[9001]: Change learning rate to 5.31441e-03
2019-03-23 21:12:14,758 - root - INFO - Epoch[18] Train-accuracy=0.434847
2019-03-23 21:12:14,758 - root - INFO - Epoch[18] Train-cross-entropy=2.293597
2019-03-23 21:12:14,758 - root - INFO - Epoch[18] Time cost=21.276
2019-03-23 21:12:16,229 - root - INFO - Epoch[18] Validation-accuracy=0.424579
2019-03-23 21:12:16,229 - root - INFO - Epoch[18] Validation-cross-entropy=2.327516
2019-03-23 21:12:37,442 - root - INFO - Epoch[19] Train-accuracy=0.434710
2019-03-23 21:12:37,443 - root - INFO - Epoch[19] Train-cross-entropy=2.294012
2019-03-23 21:12:37,443 - root - INFO - Epoch[19] Time cost=21.213
2019-03-23 21:12:38,997 - root - INFO - Epoch[19] Validation-accuracy=0.424528
2019-03-23 21:12:38,997 - root - INFO - Epoch[19] Validation-cross-entropy=2.326354
2019-03-23 21:13:00,358 - root - INFO - Epoch[20] Train-accuracy=0.434781
2019-03-23 21:13:00,359 - root - INFO - Epoch[20] Train-cross-entropy=2.293640
2019-03-23 21:13:00,359 - root - INFO - Epoch[20] Time cost=21.358
2019-03-23 21:13:01,904 - root - INFO - Epoch[20] Validation-accuracy=0.425180
2019-03-23 21:13:01,904 - root - INFO - Epoch[20] Validation-cross-entropy=2.326570
2019-03-23 21:13:23,034 - root - INFO - Epoch[21] Train-accuracy=0.434808
2019-03-23 21:13:23,034 - root - INFO - Epoch[21] Train-cross-entropy=2.293919
2019-03-23 21:13:23,034 - root - INFO - Epoch[21] Time cost=21.130
2019-03-23 21:13:24,477 - root - INFO - Epoch[21] Validation-accuracy=0.423978
2019-03-23 21:13:24,478 - root - INFO - Epoch[21] Validation-cross-entropy=2.329910
2019-03-23 21:13:25,294 - root - INFO - Update[10501]: Change learning rate to 4.78297e-03
2019-03-23 21:13:45,696 - root - INFO - Epoch[22] Train-accuracy=0.434879
2019-03-23 21:13:45,697 - root - INFO - Epoch[22] Train-cross-entropy=2.293396
2019-03-23 21:13:45,697 - root - INFO - Epoch[22] Time cost=21.219
2019-03-23 21:13:47,129 - root - INFO - Epoch[22] Validation-accuracy=0.424823
2019-03-23 21:13:47,130 - root - INFO - Epoch[22] Validation-cross-entropy=2.325402
2019-03-23 21:14:08,380 - root - INFO - Epoch[23] Train-accuracy=0.434644
2019-03-23 21:14:08,381 - root - INFO - Epoch[23] Train-cross-entropy=2.294056
2019-03-23 21:14:08,381 - root - INFO - Epoch[23] Time cost=21.251
2019-03-23 21:14:09,871 - root - INFO - Epoch[23] Validation-accuracy=0.424279
2019-03-23 21:14:09,872 - root - INFO - Epoch[23] Validation-cross-entropy=2.328222
2019-03-23 21:14:31,134 - root - INFO - Epoch[24] Train-accuracy=0.434907
2019-03-23 21:14:31,134 - root - INFO - Epoch[24] Train-cross-entropy=2.293451
2019-03-23 21:14:31,134 - root - INFO - Epoch[24] Time cost=21.263
2019-03-23 21:14:32,627 - root - INFO - Epoch[24] Validation-accuracy=0.424528
2019-03-23 21:14:32,628 - root - INFO - Epoch[24] Validation-cross-entropy=2.326134
2019-03-23 21:14:36,458 - root - INFO - Update[12001]: Change learning rate to 4.30467e-03
2019-03-23 21:14:53,867 - root - INFO - Epoch[25] Train-accuracy=0.434847
2019-03-23 21:14:53,868 - root - INFO - Epoch[25] Train-cross-entropy=2.293416
2019-03-23 21:14:53,868 - root - INFO - Epoch[25] Time cost=21.240
2019-03-23 21:14:55,266 - root - INFO - Epoch[25] Validation-accuracy=0.424880
2019-03-23 21:14:55,266 - root - INFO - Epoch[25] Validation-cross-entropy=2.327233
2019-03-23 21:15:16,530 - root - INFO - Epoch[26] Train-accuracy=0.434874
2019-03-23 21:15:16,531 - root - INFO - Epoch[26] Train-cross-entropy=2.293532
2019-03-23 21:15:16,531 - root - INFO - Epoch[26] Time cost=21.265
2019-03-23 21:15:18,156 - root - INFO - Epoch[26] Validation-accuracy=0.424579
2019-03-23 21:15:18,156 - root - INFO - Epoch[26] Validation-cross-entropy=2.328067
2019-03-23 21:15:39,354 - root - INFO - Epoch[27] Train-accuracy=0.434847
2019-03-23 21:15:39,354 - root - INFO - Epoch[27] Train-cross-entropy=2.293537
2019-03-23 21:15:39,356 - root - INFO - Epoch[27] Time cost=21.200
2019-03-23 21:15:40,854 - root - INFO - Epoch[27] Validation-accuracy=0.424528
2019-03-23 21:15:40,854 - root - INFO - Epoch[27] Validation-cross-entropy=2.326313
2019-03-23 21:15:47,899 - root - INFO - Update[13501]: Change learning rate to 3.87420e-03
2019-03-23 21:16:01,980 - root - INFO - Epoch[28] Train-accuracy=0.434677
2019-03-23 21:16:01,981 - root - INFO - Epoch[28] Train-cross-entropy=2.293935
2019-03-23 21:16:01,981 - root - INFO - Epoch[28] Time cost=21.126
2019-03-23 21:16:03,422 - root - INFO - Epoch[28] Validation-accuracy=0.424579
2019-03-23 21:16:03,422 - root - INFO - Epoch[28] Validation-cross-entropy=2.327598
2019-03-23 21:16:24,651 - root - INFO - Epoch[29] Train-accuracy=0.434781
2019-03-23 21:16:24,652 - root - INFO - Epoch[29] Train-cross-entropy=2.293497
2019-03-23 21:16:24,652 - root - INFO - Epoch[29] Time cost=21.229
2019-03-23 21:16:26,088 - root - INFO - Epoch[29] Validation-accuracy=0.423939
2019-03-23 21:16:26,088 - root - INFO - Epoch[29] Validation-cross-entropy=2.327611
2019-03-23 21:16:47,367 - root - INFO - Epoch[30] Train-accuracy=0.434841
2019-03-23 21:16:47,368 - root - INFO - Epoch[30] Train-cross-entropy=2.293693
2019-03-23 21:16:47,368 - root - INFO - Epoch[30] Time cost=21.280
2019-03-23 21:16:48,776 - root - INFO - Epoch[30] Validation-accuracy=0.425180
2019-03-23 21:16:48,776 - root - INFO - Epoch[30] Validation-cross-entropy=2.326554
2019-03-23 21:16:59,010 - root - INFO - Update[15001]: Change learning rate to 3.48678e-03
2019-03-23 21:17:10,011 - root - INFO - Epoch[31] Train-accuracy=0.434775
2019-03-23 21:17:10,011 - root - INFO - Epoch[31] Train-cross-entropy=2.293697
2019-03-23 21:17:10,011 - root - INFO - Epoch[31] Time cost=21.235
2019-03-23 21:17:11,614 - root - INFO - Epoch[31] Validation-accuracy=0.424880
2019-03-23 21:17:11,614 - root - INFO - Epoch[31] Validation-cross-entropy=2.326936
2019-03-23 21:17:33,077 - root - INFO - Epoch[32] Train-accuracy=0.434683
2019-03-23 21:17:33,077 - root - INFO - Epoch[32] Train-cross-entropy=2.293896
2019-03-23 21:17:33,077 - root - INFO - Epoch[32] Time cost=21.463
2019-03-23 21:17:34,518 - root - INFO - Epoch[32] Validation-accuracy=0.423939
2019-03-23 21:17:34,518 - root - INFO - Epoch[32] Validation-cross-entropy=2.328006
2019-03-23 21:17:55,764 - root - INFO - Epoch[33] Train-accuracy=0.434940
2019-03-23 21:17:55,765 - root - INFO - Epoch[33] Train-cross-entropy=2.293223
2019-03-23 21:17:55,765 - root - INFO - Epoch[33] Time cost=21.247
2019-03-23 21:17:57,207 - root - INFO - Epoch[33] Validation-accuracy=0.424880
2019-03-23 21:17:57,207 - root - INFO - Epoch[33] Validation-cross-entropy=2.327063
2019-03-23 21:18:10,650 - root - INFO - Update[16501]: Change learning rate to 3.13811e-03
2019-03-23 21:18:18,504 - root - INFO - Epoch[34] Train-accuracy=0.434814
2019-03-23 21:18:18,504 - root - INFO - Epoch[34] Train-cross-entropy=2.293571
2019-03-23 21:18:18,505 - root - INFO - Epoch[34] Time cost=21.297
2019-03-23 21:18:19,962 - root - INFO - Epoch[34] Validation-accuracy=0.424233
2019-03-23 21:18:19,962 - root - INFO - Epoch[34] Validation-cross-entropy=2.326559
2019-03-23 21:18:41,311 - root - INFO - Epoch[35] Train-accuracy=0.434611
2019-03-23 21:18:41,311 - root - INFO - Epoch[35] Train-cross-entropy=2.293974
2019-03-23 21:18:41,311 - root - INFO - Epoch[35] Time cost=21.349
2019-03-23 21:18:42,870 - root - INFO - Epoch[35] Validation-accuracy=0.425180
2019-03-23 21:18:42,871 - root - INFO - Epoch[35] Validation-cross-entropy=2.326542
2019-03-23 21:19:04,230 - root - INFO - Epoch[36] Train-accuracy=0.435207
2019-03-23 21:19:04,231 - root - INFO - Epoch[36] Train-cross-entropy=2.292622
2019-03-23 21:19:04,231 - root - INFO - Epoch[36] Time cost=21.360
2019-03-23 21:19:05,699 - root - INFO - Epoch[36] Validation-accuracy=0.424823
2019-03-23 21:19:05,700 - root - INFO - Epoch[36] Validation-cross-entropy=2.325465
2019-03-23 21:19:22,280 - root - INFO - Update[18001]: Change learning rate to 2.82430e-03
2019-03-23 21:19:26,987 - root - INFO - Epoch[37] Train-accuracy=0.434513
2019-03-23 21:19:26,988 - root - INFO - Epoch[37] Train-cross-entropy=2.294128
2019-03-23 21:19:26,988 - root - INFO - Epoch[37] Time cost=21.288
2019-03-23 21:19:28,442 - root - INFO - Epoch[37] Validation-accuracy=0.423978
2019-03-23 21:19:28,442 - root - INFO - Epoch[37] Validation-cross-entropy=2.329437
2019-03-23 21:19:49,872 - root - INFO - Epoch[38] Train-accuracy=0.434978
2019-03-23 21:19:49,873 - root - INFO - Epoch[38] Train-cross-entropy=2.293030
2019-03-23 21:19:49,873 - root - INFO - Epoch[38] Time cost=21.431
2019-03-23 21:19:51,336 - root - INFO - Epoch[38] Validation-accuracy=0.424579
2019-03-23 21:19:51,336 - root - INFO - Epoch[38] Validation-cross-entropy=2.327936
2019-03-23 21:20:12,688 - root - INFO - Epoch[39] Train-accuracy=0.434644
2019-03-23 21:20:12,689 - root - INFO - Epoch[39] Train-cross-entropy=2.294047
2019-03-23 21:20:12,689 - root - INFO - Epoch[39] Time cost=21.352
2019-03-23 21:20:14,180 - root - INFO - Epoch[39] Validation-accuracy=0.424233
2019-03-23 21:20:14,180 - root - INFO - Epoch[39] Validation-cross-entropy=2.326498
2019-03-23 21:20:34,012 - root - INFO - Update[19501]: Change learning rate to 2.54187e-03
2019-03-23 21:20:35,523 - root - INFO - Epoch[40] Train-accuracy=0.434874
2019-03-23 21:20:35,523 - root - INFO - Epoch[40] Train-cross-entropy=2.293353
2019-03-23 21:20:35,523 - root - INFO - Epoch[40] Time cost=21.343
2019-03-23 21:20:36,960 - root - INFO - Epoch[40] Validation-accuracy=0.424880
2019-03-23 21:20:36,960 - root - INFO - Epoch[40] Validation-cross-entropy=2.327271
2019-03-23 21:20:58,295 - root - INFO - Epoch[41] Train-accuracy=0.434748
2019-03-23 21:20:58,296 - root - INFO - Epoch[41] Train-cross-entropy=2.293571
2019-03-23 21:20:58,296 - root - INFO - Epoch[41] Time cost=21.336
2019-03-23 21:20:59,847 - root - INFO - Epoch[41] Validation-accuracy=0.424823
2019-03-23 21:20:59,847 - root - INFO - Epoch[41] Validation-cross-entropy=2.325447
2019-03-23 21:21:21,041 - root - INFO - Epoch[42] Train-accuracy=0.434808
2019-03-23 21:21:21,042 - root - INFO - Epoch[42] Train-cross-entropy=2.293581
2019-03-23 21:21:21,042 - root - INFO - Epoch[42] Time cost=21.195
2019-03-23 21:21:22,663 - root - INFO - Epoch[42] Validation-accuracy=0.424279
2019-03-23 21:21:22,663 - root - INFO - Epoch[42] Validation-cross-entropy=2.328946
2019-03-23 21:21:43,967 - root - INFO - Epoch[43] Train-accuracy=0.434781
2019-03-23 21:21:43,967 - root - INFO - Epoch[43] Train-cross-entropy=2.293712
2019-03-23 21:21:43,967 - root - INFO - Epoch[43] Time cost=21.304
2019-03-23 21:21:45,445 - root - INFO - Epoch[43] Validation-accuracy=0.424579
2019-03-23 21:21:45,445 - root - INFO - Epoch[43] Validation-cross-entropy=2.327937
2019-03-23 21:21:47,102 - root - INFO - Update[21001]: Change learning rate to 2.28768e-03
2019-03-23 21:22:06,652 - root - INFO - Epoch[44] Train-accuracy=0.434808
2019-03-23 21:22:06,653 - root - INFO - Epoch[44] Train-cross-entropy=2.293341
2019-03-23 21:22:06,653 - root - INFO - Epoch[44] Time cost=21.207
2019-03-23 21:22:08,116 - root - INFO - Epoch[44] Validation-accuracy=0.424233
2019-03-23 21:22:08,116 - root - INFO - Epoch[44] Validation-cross-entropy=2.326453
2019-03-23 21:22:29,376 - root - INFO - Epoch[45] Train-accuracy=0.434978
2019-03-23 21:22:29,377 - root - INFO - Epoch[45] Train-cross-entropy=2.293083
2019-03-23 21:22:29,377 - root - INFO - Epoch[45] Time cost=21.260
2019-03-23 21:22:30,809 - root - INFO - Epoch[45] Validation-accuracy=0.424880
2019-03-23 21:22:30,810 - root - INFO - Epoch[45] Validation-cross-entropy=2.326854
2019-03-23 21:22:52,140 - root - INFO - Epoch[46] Train-accuracy=0.434546
2019-03-23 21:22:52,141 - root - INFO - Epoch[46] Train-cross-entropy=2.294120
2019-03-23 21:22:52,141 - root - INFO - Epoch[46] Time cost=21.329
2019-03-23 21:22:53,651 - root - INFO - Epoch[46] Validation-accuracy=0.424823
2019-03-23 21:22:53,651 - root - INFO - Epoch[46] Validation-cross-entropy=2.325457
2019-03-23 21:22:58,351 - root - INFO - Update[22501]: Change learning rate to 2.05891e-03
2019-03-23 21:23:14,854 - root - INFO - Epoch[47] Train-accuracy=0.434907
2019-03-23 21:23:14,854 - root - INFO - Epoch[47] Train-cross-entropy=2.293227
2019-03-23 21:23:14,855 - root - INFO - Epoch[47] Time cost=21.203
2019-03-23 21:23:16,547 - root - INFO - Epoch[47] Validation-accuracy=0.424579
2019-03-23 21:23:16,547 - root - INFO - Epoch[47] Validation-cross-entropy=2.327946
2019-03-23 21:23:38,025 - root - INFO - Epoch[48] Train-accuracy=0.434781
2019-03-23 21:23:38,025 - root - INFO - Epoch[48] Train-cross-entropy=2.293452
2019-03-23 21:23:38,025 - root - INFO - Epoch[48] Time cost=21.478
2019-03-23 21:23:39,468 - root - INFO - Epoch[48] Validation-accuracy=0.424579
2019-03-23 21:23:39,469 - root - INFO - Epoch[48] Validation-cross-entropy=2.328400
2019-03-23 21:24:00,721 - root - INFO - Epoch[49] Train-accuracy=0.434808
2019-03-23 21:24:00,721 - root - INFO - Epoch[49] Train-cross-entropy=2.293589
2019-03-23 21:24:00,721 - root - INFO - Epoch[49] Time cost=21.251
2019-03-23 21:24:02,141 - root - INFO - Epoch[49] Validation-accuracy=0.424233
2019-03-23 21:24:02,141 - root - INFO - Epoch[49] Validation-cross-entropy=2.326530
2019-03-23 21:24:10,075 - root - INFO - Update[24001]: Change learning rate to 1.85302e-03
2019-03-23 21:24:23,491 - root - INFO - Epoch[50] Train-accuracy=0.435043
2019-03-23 21:24:23,492 - root - INFO - Epoch[50] Train-cross-entropy=2.292694
2019-03-23 21:24:23,492 - root - INFO - Epoch[50] Time cost=21.350
2019-03-23 21:24:24,924 - root - INFO - Epoch[50] Validation-accuracy=0.424579
2019-03-23 21:24:24,924 - root - INFO - Epoch[50] Validation-cross-entropy=2.327400
2019-03-23 21:24:46,238 - root - INFO - Epoch[51] Train-accuracy=0.434579
2019-03-23 21:24:46,238 - root - INFO - Epoch[51] Train-cross-entropy=2.294119
2019-03-23 21:24:46,238 - root - INFO - Epoch[51] Time cost=21.314
2019-03-23 21:24:47,695 - root - INFO - Epoch[51] Validation-accuracy=0.424528
2019-03-23 21:24:47,696 - root - INFO - Epoch[51] Validation-cross-entropy=2.326211
2019-03-23 21:25:09,104 - root - INFO - Epoch[52] Train-accuracy=0.434716
2019-03-23 21:25:09,104 - root - INFO - Epoch[52] Train-cross-entropy=2.293596
2019-03-23 21:25:09,106 - root - INFO - Epoch[52] Time cost=21.410
2019-03-23 21:25:10,551 - root - INFO - Epoch[52] Validation-accuracy=0.425180
2019-03-23 21:25:10,551 - root - INFO - Epoch[52] Validation-cross-entropy=2.326525
2019-03-23 21:25:21,654 - root - INFO - Update[25501]: Change learning rate to 1.66772e-03
2019-03-23 21:25:31,905 - root - INFO - Epoch[53] Train-accuracy=0.434874
2019-03-23 21:25:31,905 - root - INFO - Epoch[53] Train-cross-entropy=2.293392
2019-03-23 21:25:31,906 - root - INFO - Epoch[53] Time cost=21.354
2019-03-23 21:25:33,458 - root - INFO - Epoch[53] Validation-accuracy=0.423978
2019-03-23 21:25:33,459 - root - INFO - Epoch[53] Validation-cross-entropy=2.329804
2019-03-23 21:25:54,809 - root - INFO - Epoch[54] Train-accuracy=0.434748
2019-03-23 21:25:54,810 - root - INFO - Epoch[54] Train-cross-entropy=2.293543
2019-03-23 21:25:54,810 - root - INFO - Epoch[54] Time cost=21.351
2019-03-23 21:25:56,244 - root - INFO - Epoch[54] Validation-accuracy=0.424823
2019-03-23 21:25:56,245 - root - INFO - Epoch[54] Validation-cross-entropy=2.325323
2019-03-23 21:26:17,622 - root - INFO - Epoch[55] Train-accuracy=0.434874
2019-03-23 21:26:17,622 - root - INFO - Epoch[55] Train-cross-entropy=2.293192
2019-03-23 21:26:17,622 - root - INFO - Epoch[55] Time cost=21.378
2019-03-23 21:26:19,008 - root - INFO - Epoch[55] Validation-accuracy=0.424279
2019-03-23 21:26:19,008 - root - INFO - Epoch[55] Validation-cross-entropy=2.328154
2019-03-23 21:26:33,307 - root - INFO - Update[27001]: Change learning rate to 1.50095e-03
2019-03-23 21:26:40,361 - root - INFO - Epoch[56] Train-accuracy=0.434874
2019-03-23 21:26:40,361 - root - INFO - Epoch[56] Train-cross-entropy=2.293376
2019-03-23 21:26:40,361 - root - INFO - Epoch[56] Time cost=21.353
2019-03-23 21:26:41,815 - root - INFO - Epoch[56] Validation-accuracy=0.424528
2019-03-23 21:26:41,815 - root - INFO - Epoch[56] Validation-cross-entropy=2.326017
2019-03-23 21:27:03,213 - root - INFO - Epoch[57] Train-accuracy=0.434552
2019-03-23 21:27:03,214 - root - INFO - Epoch[57] Train-cross-entropy=2.294073
2019-03-23 21:27:03,214 - root - INFO - Epoch[57] Time cost=21.399
2019-03-23 21:27:04,628 - root - INFO - Epoch[57] Validation-accuracy=0.424880
2019-03-23 21:27:04,629 - root - INFO - Epoch[57] Validation-cross-entropy=2.327180
2019-03-23 21:27:25,898 - root - INFO - Epoch[58] Train-accuracy=0.434972
2019-03-23 21:27:25,899 - root - INFO - Epoch[58] Train-cross-entropy=2.292997
2019-03-23 21:27:25,899 - root - INFO - Epoch[58] Time cost=21.270
2019-03-23 21:27:27,332 - root - INFO - Epoch[58] Validation-accuracy=0.424579
2019-03-23 21:27:27,332 - root - INFO - Epoch[58] Validation-cross-entropy=2.327993
2019-03-23 21:27:44,658 - root - INFO - Update[28501]: Change learning rate to 1.35085e-03
2019-03-23 21:27:48,648 - root - INFO - Epoch[59] Train-accuracy=0.434912
2019-03-23 21:27:48,649 - root - INFO - Epoch[59] Train-cross-entropy=2.293198
2019-03-23 21:27:48,649 - root - INFO - Epoch[59] Time cost=21.317
2019-03-23 21:27:50,106 - root - INFO - Epoch[59] Validation-accuracy=0.424528
2019-03-23 21:27:50,106 - root - INFO - Epoch[59] Validation-cross-entropy=2.326206
2019-03-23 21:28:11,422 - root - INFO - Epoch[60] Train-accuracy=0.434743
2019-03-23 21:28:11,422 - root - INFO - Epoch[60] Train-cross-entropy=2.293554
2019-03-23 21:28:11,423 - root - INFO - Epoch[60] Time cost=21.316
2019-03-23 21:28:13,274 - root - INFO - Epoch[60] Validation-accuracy=0.424579
2019-03-23 21:28:13,274 - root - INFO - Epoch[60] Validation-cross-entropy=2.327495
2019-03-23 21:28:34,547 - root - INFO - Epoch[61] Train-accuracy=0.434650
2019-03-23 21:28:34,548 - root - INFO - Epoch[61] Train-cross-entropy=2.293990
2019-03-23 21:28:34,548 - root - INFO - Epoch[61] Time cost=21.274
2019-03-23 21:28:36,112 - root - INFO - Epoch[61] Validation-accuracy=0.423939
2019-03-23 21:28:36,112 - root - INFO - Epoch[61] Validation-cross-entropy=2.327520
2019-03-23 21:28:56,625 - root - INFO - Update[30001]: Change learning rate to 1.21577e-03
2019-03-23 21:28:57,326 - root - INFO - Epoch[62] Train-accuracy=0.434940
2019-03-23 21:28:57,326 - root - INFO - Epoch[62] Train-cross-entropy=2.292893
2019-03-23 21:28:57,326 - root - INFO - Epoch[62] Time cost=21.214
2019-03-23 21:28:58,831 - root - INFO - Epoch[62] Validation-accuracy=0.425180
2019-03-23 21:28:58,832 - root - INFO - Epoch[62] Validation-cross-entropy=2.326514
2019-03-23 21:29:20,052 - root - INFO - Epoch[63] Train-accuracy=0.434775
2019-03-23 21:29:20,052 - root - INFO - Epoch[63] Train-cross-entropy=2.293491
2019-03-23 21:29:20,053 - root - INFO - Epoch[63] Time cost=21.220
2019-03-23 21:29:21,516 - root - INFO - Epoch[63] Validation-accuracy=0.424880
2019-03-23 21:29:21,517 - root - INFO - Epoch[63] Validation-cross-entropy=2.326862
2019-03-23 21:29:42,976 - root - INFO - Epoch[64] Train-accuracy=0.434617
2019-03-23 21:29:42,977 - root - INFO - Epoch[64] Train-cross-entropy=2.293943
2019-03-23 21:29:42,977 - root - INFO - Epoch[64] Time cost=21.460
2019-03-23 21:29:44,407 - root - INFO - Epoch[64] Validation-accuracy=0.423939
2019-03-23 21:29:44,408 - root - INFO - Epoch[64] Validation-cross-entropy=2.327946
2019-03-23 21:30:05,640 - root - INFO - Epoch[65] Train-accuracy=0.435005
2019-03-23 21:30:05,640 - root - INFO - Epoch[65] Train-cross-entropy=2.292868
2019-03-23 21:30:05,641 - root - INFO - Epoch[65] Time cost=21.232
2019-03-23 21:30:07,241 - root - INFO - Epoch[65] Validation-accuracy=0.424880
2019-03-23 21:30:07,241 - root - INFO - Epoch[65] Validation-cross-entropy=2.326990
2019-03-23 21:30:09,614 - root - INFO - Update[31501]: Change learning rate to 1.09419e-03
2019-03-23 21:30:28,472 - root - INFO - Epoch[66] Train-accuracy=0.434847
2019-03-23 21:30:28,473 - root - INFO - Epoch[66] Train-cross-entropy=2.293205
2019-03-23 21:30:28,473 - root - INFO - Epoch[66] Time cost=21.232
2019-03-23 21:30:29,966 - root - INFO - Epoch[66] Validation-accuracy=0.424233
2019-03-23 21:30:29,966 - root - INFO - Epoch[66] Validation-cross-entropy=2.326498
2019-03-23 21:30:51,289 - root - INFO - Epoch[67] Train-accuracy=0.434841
2019-03-23 21:30:51,289 - root - INFO - Epoch[67] Train-cross-entropy=2.293392
2019-03-23 21:30:51,289 - root - INFO - Epoch[67] Time cost=21.323
2019-03-23 21:30:52,736 - root - INFO - Epoch[67] Validation-accuracy=0.425180
2019-03-23 21:30:52,736 - root - INFO - Epoch[67] Validation-cross-entropy=2.326485
2019-03-23 21:31:14,023 - root - INFO - Epoch[68] Train-accuracy=0.434552
2019-03-23 21:31:14,024 - root - INFO - Epoch[68] Train-cross-entropy=2.293928
2019-03-23 21:31:14,024 - root - INFO - Epoch[68] Time cost=21.287
2019-03-23 21:31:15,460 - root - INFO - Epoch[68] Validation-accuracy=0.424823
2019-03-23 21:31:15,460 - root - INFO - Epoch[68] Validation-cross-entropy=2.325400
2019-03-23 21:31:21,016 - root - INFO - Update[33001]: Change learning rate to 9.84771e-04
2019-03-23 21:31:36,728 - root - INFO - Epoch[69] Train-accuracy=0.435005
2019-03-23 21:31:36,729 - root - INFO - Epoch[69] Train-cross-entropy=2.292998
2019-03-23 21:31:36,729 - root - INFO - Epoch[69] Time cost=21.269
2019-03-23 21:31:38,149 - root - INFO - Epoch[69] Validation-accuracy=0.423978
2019-03-23 21:31:38,150 - root - INFO - Epoch[69] Validation-cross-entropy=2.329375
2019-03-23 21:31:59,485 - root - INFO - Epoch[70] Train-accuracy=0.434814
2019-03-23 21:31:59,486 - root - INFO - Epoch[70] Train-cross-entropy=2.293298
2019-03-23 21:31:59,486 - root - INFO - Epoch[70] Time cost=21.336
2019-03-23 21:32:00,975 - root - INFO - Epoch[70] Validation-accuracy=0.424579
2019-03-23 21:32:00,976 - root - INFO - Epoch[70] Validation-cross-entropy=2.327902
2019-03-23 21:32:22,241 - root - INFO - Epoch[71] Train-accuracy=0.434775
2019-03-23 21:32:22,242 - root - INFO - Epoch[71] Train-cross-entropy=2.293440
2019-03-23 21:32:22,242 - root - INFO - Epoch[71] Time cost=21.266
2019-03-23 21:32:23,691 - root - INFO - Epoch[71] Validation-accuracy=0.424233
2019-03-23 21:32:23,691 - root - INFO - Epoch[71] Validation-cross-entropy=2.326431
2019-03-23 21:32:32,386 - root - INFO - Update[34501]: Change learning rate to 8.86294e-04
2019-03-23 21:32:44,915 - root - INFO - Epoch[72] Train-accuracy=0.434808
2019-03-23 21:32:44,916 - root - INFO - Epoch[72] Train-cross-entropy=2.293473
2019-03-23 21:32:44,916 - root - INFO - Epoch[72] Time cost=21.225
2019-03-23 21:32:46,478 - root - INFO - Epoch[72] Validation-accuracy=0.424880
2019-03-23 21:32:46,478 - root - INFO - Epoch[72] Validation-cross-entropy=2.327206
2019-03-23 21:33:07,866 - root - INFO - Epoch[73] Train-accuracy=0.434847
2019-03-23 21:33:07,866 - root - INFO - Epoch[73] Train-cross-entropy=2.293196
2019-03-23 21:33:07,866 - root - INFO - Epoch[73] Time cost=21.388
2019-03-23 21:33:09,377 - root - INFO - Epoch[73] Validation-accuracy=0.424823
2019-03-23 21:33:09,377 - root - INFO - Epoch[73] Validation-cross-entropy=2.325375
2019-03-23 21:33:30,619 - root - INFO - Epoch[74] Train-accuracy=0.434775
2019-03-23 21:33:30,620 - root - INFO - Epoch[74] Train-cross-entropy=2.293499
2019-03-23 21:33:30,620 - root - INFO - Epoch[74] Time cost=21.243
2019-03-23 21:33:32,083 - root - INFO - Epoch[74] Validation-accuracy=0.424279
2019-03-23 21:33:32,083 - root - INFO - Epoch[74] Validation-cross-entropy=2.328868
2019-03-23 21:33:44,011 - root - INFO - Update[36001]: Change learning rate to 7.97664e-04
2019-03-23 21:33:53,354 - root - INFO - Epoch[75] Train-accuracy=0.434781
2019-03-23 21:33:53,354 - root - INFO - Epoch[75] Train-cross-entropy=2.293510
2019-03-23 21:33:53,354 - root - INFO - Epoch[75] Time cost=21.269
2019-03-23 21:33:54,839 - root - INFO - Epoch[75] Validation-accuracy=0.424579
2019-03-23 21:33:54,839 - root - INFO - Epoch[75] Validation-cross-entropy=2.327885
2019-03-23 21:34:16,053 - root - INFO - Epoch[76] Train-accuracy=0.434808
2019-03-23 21:34:16,054 - root - INFO - Epoch[76] Train-cross-entropy=2.293252
2019-03-23 21:34:16,054 - root - INFO - Epoch[76] Time cost=21.215
2019-03-23 21:34:17,678 - root - INFO - Epoch[76] Validation-accuracy=0.424233
2019-03-23 21:34:17,679 - root - INFO - Epoch[76] Validation-cross-entropy=2.326411
2019-03-23 21:34:38,844 - root - INFO - Epoch[77] Train-accuracy=0.434421
2019-03-23 21:34:38,845 - root - INFO - Epoch[77] Train-cross-entropy=2.294412
2019-03-23 21:34:38,845 - root - INFO - Epoch[77] Time cost=21.166
2019-03-23 21:34:40,266 - root - INFO - Epoch[77] Validation-accuracy=0.424880
2019-03-23 21:34:40,267 - root - INFO - Epoch[77] Validation-cross-entropy=2.326775
2019-03-23 21:34:55,372 - root - INFO - Update[37501]: Change learning rate to 7.17898e-04
2019-03-23 21:35:01,548 - root - INFO - Epoch[78] Train-accuracy=0.435137
2019-03-23 21:35:01,548 - root - INFO - Epoch[78] Train-cross-entropy=2.292446
2019-03-23 21:35:01,548 - root - INFO - Epoch[78] Time cost=21.281
2019-03-23 21:35:03,223 - root - INFO - Epoch[78] Validation-accuracy=0.424823
2019-03-23 21:35:03,224 - root - INFO - Epoch[78] Validation-cross-entropy=2.325417
2019-03-23 21:35:24,327 - root - INFO - Epoch[79] Train-accuracy=0.434808
2019-03-23 21:35:24,328 - root - INFO - Epoch[79] Train-cross-entropy=2.293452
2019-03-23 21:35:24,328 - root - INFO - Epoch[79] Time cost=21.104
2019-03-23 21:35:25,765 - root - INFO - Epoch[79] Validation-accuracy=0.424579
2019-03-23 21:35:25,766 - root - INFO - Epoch[79] Validation-cross-entropy=2.327895
2019-03-23 21:35:47,192 - root - INFO - Epoch[80] Train-accuracy=0.434683
2019-03-23 21:35:47,193 - root - INFO - Epoch[80] Train-cross-entropy=2.293671
2019-03-23 21:35:47,193 - root - INFO - Epoch[80] Time cost=21.427
2019-03-23 21:35:48,631 - root - INFO - Epoch[80] Validation-accuracy=0.424579
2019-03-23 21:35:48,631 - root - INFO - Epoch[80] Validation-cross-entropy=2.328332
2019-03-23 21:36:06,826 - root - INFO - Update[39001]: Change learning rate to 6.46108e-04
2019-03-23 21:36:09,845 - root - INFO - Epoch[81] Train-accuracy=0.434907
2019-03-23 21:36:09,845 - root - INFO - Epoch[81] Train-cross-entropy=2.293106
2019-03-23 21:36:09,847 - root - INFO - Epoch[81] Time cost=21.216
2019-03-23 21:36:11,269 - root - INFO - Epoch[81] Validation-accuracy=0.424233
2019-03-23 21:36:11,269 - root - INFO - Epoch[81] Validation-cross-entropy=2.326467
2019-03-23 21:36:32,503 - root - INFO - Epoch[82] Train-accuracy=0.434945
2019-03-23 21:36:32,504 - root - INFO - Epoch[82] Train-cross-entropy=2.293032
2019-03-23 21:36:32,505 - root - INFO - Epoch[82] Time cost=21.236
2019-03-23 21:36:33,983 - root - INFO - Epoch[82] Validation-accuracy=0.424579
2019-03-23 21:36:33,984 - root - INFO - Epoch[82] Validation-cross-entropy=2.327352
2019-03-23 21:36:55,069 - root - INFO - Epoch[83] Train-accuracy=0.434611
2019-03-23 21:36:55,070 - root - INFO - Epoch[83] Train-cross-entropy=2.293788
2019-03-23 21:36:55,070 - root - INFO - Epoch[83] Time cost=21.086
2019-03-23 21:36:56,569 - root - INFO - Epoch[83] Validation-accuracy=0.424528
2019-03-23 21:36:56,569 - root - INFO - Epoch[83] Validation-cross-entropy=2.326135
2019-03-23 21:37:17,833 - root - INFO - Epoch[84] Train-accuracy=0.434814
2019-03-23 21:37:17,833 - root - INFO - Epoch[84] Train-cross-entropy=2.293353
2019-03-23 21:37:17,834 - root - INFO - Epoch[84] Time cost=21.264
2019-03-23 21:37:19,880 - root - INFO - Epoch[84] Validation-accuracy=0.425180
2019-03-23 21:37:19,880 - root - INFO - Epoch[84] Validation-cross-entropy=2.326472
2019-03-23 21:37:19,949 - root - INFO - Update[40501]: Change learning rate to 5.81497e-04
2019-03-23 21:37:41,222 - root - INFO - Epoch[85] Train-accuracy=0.434808
2019-03-23 21:37:41,222 - root - INFO - Epoch[85] Train-cross-entropy=2.293401
2019-03-23 21:37:41,222 - root - INFO - Epoch[85] Time cost=21.342
2019-03-23 21:37:42,983 - root - INFO - Epoch[85] Validation-accuracy=0.423978
2019-03-23 21:37:42,983 - root - INFO - Epoch[85] Validation-cross-entropy=2.329742
2019-03-23 21:38:04,322 - root - INFO - Epoch[86] Train-accuracy=0.434748
2019-03-23 21:38:04,322 - root - INFO - Epoch[86] Train-cross-entropy=2.293554
2019-03-23 21:38:04,323 - root - INFO - Epoch[86] Time cost=21.339
2019-03-23 21:38:06,515 - root - INFO - Epoch[86] Validation-accuracy=0.424823
2019-03-23 21:38:06,516 - root - INFO - Epoch[86] Validation-cross-entropy=2.325241
2019-03-23 21:38:27,808 - root - INFO - Epoch[87] Train-accuracy=0.434808
2019-03-23 21:38:27,809 - root - INFO - Epoch[87] Train-cross-entropy=2.293258
2019-03-23 21:38:27,809 - root - INFO - Epoch[87] Time cost=21.293
2019-03-23 21:38:30,098 - root - INFO - Epoch[87] Validation-accuracy=0.424279
2019-03-23 21:38:30,098 - root - INFO - Epoch[87] Validation-cross-entropy=2.328095
2019-03-23 21:38:33,312 - root - INFO - Update[42001]: Change learning rate to 5.23348e-04
2019-03-23 21:38:51,332 - root - INFO - Epoch[88] Train-accuracy=0.434874
2019-03-23 21:38:51,332 - root - INFO - Epoch[88] Train-cross-entropy=2.293208
2019-03-23 21:38:51,333 - root - INFO - Epoch[88] Time cost=21.234
2019-03-23 21:38:53,656 - root - INFO - Epoch[88] Validation-accuracy=0.424528
2019-03-23 21:38:53,656 - root - INFO - Epoch[88] Validation-cross-entropy=2.325955
2019-03-23 21:39:14,963 - root - INFO - Epoch[89] Train-accuracy=0.434945
2019-03-23 21:39:14,963 - root - INFO - Epoch[89] Train-cross-entropy=2.292993
2019-03-23 21:39:14,964 - root - INFO - Epoch[89] Time cost=21.307
2019-03-23 21:39:17,256 - root - INFO - Epoch[89] Validation-accuracy=0.424880
2019-03-23 21:39:17,257 - root - INFO - Epoch[89] Validation-cross-entropy=2.327139
2019-03-23 21:39:38,578 - root - INFO - Epoch[90] Train-accuracy=0.434710
2019-03-23 21:39:38,579 - root - INFO - Epoch[90] Train-cross-entropy=2.293497
2019-03-23 21:39:38,579 - root - INFO - Epoch[90] Time cost=21.322
2019-03-23 21:39:40,828 - root - INFO - Epoch[90] Validation-accuracy=0.424579
2019-03-23 21:39:40,829 - root - INFO - Epoch[90] Validation-cross-entropy=2.327929
2019-03-23 21:39:47,245 - root - INFO - Update[43501]: Change learning rate to 4.71013e-04
2019-03-23 21:40:02,149 - root - INFO - Epoch[91] Train-accuracy=0.434879
2019-03-23 21:40:02,149 - root - INFO - Epoch[91] Train-cross-entropy=2.293199
2019-03-23 21:40:02,149 - root - INFO - Epoch[91] Time cost=21.320
2019-03-23 21:40:04,510 - root - INFO - Epoch[91] Validation-accuracy=0.424528
2019-03-23 21:40:04,510 - root - INFO - Epoch[91] Validation-cross-entropy=2.326131
2019-03-23 21:40:25,709 - root - INFO - Epoch[92] Train-accuracy=0.434611
2019-03-23 21:40:25,709 - root - INFO - Epoch[92] Train-cross-entropy=2.293913
2019-03-23 21:40:25,709 - root - INFO - Epoch[92] Time cost=21.199
2019-03-23 21:40:28,024 - root - INFO - Epoch[92] Validation-accuracy=0.424579
2019-03-23 21:40:28,025 - root - INFO - Epoch[92] Validation-cross-entropy=2.327437
2019-03-23 21:40:49,259 - root - INFO - Epoch[93] Train-accuracy=0.435010
2019-03-23 21:40:49,260 - root - INFO - Epoch[93] Train-cross-entropy=2.292835
2019-03-23 21:40:49,260 - root - INFO - Epoch[93] Time cost=21.235
2019-03-23 21:40:51,592 - root - INFO - Epoch[93] Validation-accuracy=0.423939
2019-03-23 21:40:51,592 - root - INFO - Epoch[93] Validation-cross-entropy=2.327455
2019-03-23 21:41:01,100 - root - INFO - Update[45001]: Change learning rate to 4.23912e-04
2019-03-23 21:41:12,835 - root - INFO - Epoch[94] Train-accuracy=0.434775
2019-03-23 21:41:12,835 - root - INFO - Epoch[94] Train-cross-entropy=2.293439
2019-03-23 21:41:12,835 - root - INFO - Epoch[94] Time cost=21.243
2019-03-23 21:41:15,119 - root - INFO - Epoch[94] Validation-accuracy=0.425180
2019-03-23 21:41:15,120 - root - INFO - Epoch[94] Validation-cross-entropy=2.326455
2019-03-23 21:41:36,330 - root - INFO - Epoch[95] Train-accuracy=0.434710
2019-03-23 21:41:36,330 - root - INFO - Epoch[95] Train-cross-entropy=2.293560
2019-03-23 21:41:36,330 - root - INFO - Epoch[95] Time cost=21.211
2019-03-23 21:41:38,580 - root - INFO - Epoch[95] Validation-accuracy=0.424880
2019-03-23 21:41:38,580 - root - INFO - Epoch[95] Validation-cross-entropy=2.326808
2019-03-23 21:42:00,123 - root - INFO - Epoch[96] Train-accuracy=0.434847
2019-03-23 21:42:00,123 - root - INFO - Epoch[96] Train-cross-entropy=2.293254
2019-03-23 21:42:00,123 - root - INFO - Epoch[96] Time cost=21.543
2019-03-23 21:42:02,499 - root - INFO - Epoch[96] Validation-accuracy=0.423939
2019-03-23 21:42:02,499 - root - INFO - Epoch[96] Validation-cross-entropy=2.327884
2019-03-23 21:42:15,059 - root - INFO - Update[46501]: Change learning rate to 3.81520e-04
2019-03-23 21:42:23,651 - root - INFO - Epoch[97] Train-accuracy=0.434775
2019-03-23 21:42:23,651 - root - INFO - Epoch[97] Train-cross-entropy=2.293377
2019-03-23 21:42:23,651 - root - INFO - Epoch[97] Time cost=21.152
2019-03-23 21:42:25,801 - root - INFO - Epoch[97] Validation-accuracy=0.424880
2019-03-23 21:42:25,801 - root - INFO - Epoch[97] Validation-cross-entropy=2.326928
2019-03-23 21:42:47,060 - root - INFO - Epoch[98] Train-accuracy=0.434585
2019-03-23 21:42:47,061 - root - INFO - Epoch[98] Train-cross-entropy=2.293822
2019-03-23 21:42:47,061 - root - INFO - Epoch[98] Time cost=21.260
2019-03-23 21:42:49,378 - root - INFO - Epoch[98] Validation-accuracy=0.424233
2019-03-23 21:42:49,378 - root - INFO - Epoch[98] Validation-cross-entropy=2.326445
2019-03-23 21:43:10,544 - root - INFO - Epoch[99] Train-accuracy=0.435038
2019-03-23 21:43:10,544 - root - INFO - Epoch[99] Train-cross-entropy=2.292877
2019-03-23 21:43:10,545 - root - INFO - Epoch[99] Time cost=21.166
2019-03-23 21:43:12,852 - root - INFO - Epoch[99] Validation-accuracy=0.425180
2019-03-23 21:43:12,853 - root - INFO - Epoch[99] Validation-cross-entropy=2.326433
2019-03-23 21:43:28,648 - root - INFO - Update[48001]: Change learning rate to 3.43368e-04
2019-03-23 21:43:34,065 - root - INFO - Epoch[100] Train-accuracy=0.434650
2019-03-23 21:43:34,066 - root - INFO - Epoch[100] Train-cross-entropy=2.293675
2019-03-23 21:43:34,066 - root - INFO - Epoch[100] Time cost=21.213
2019-03-23 21:43:36,501 - root - INFO - Epoch[100] Validation-accuracy=0.424823
2019-03-23 21:43:36,501 - root - INFO - Epoch[100] Validation-cross-entropy=2.325339
2019-03-23 21:43:57,645 - root - INFO - Epoch[101] Train-accuracy=0.434808
2019-03-23 21:43:57,645 - root - INFO - Epoch[101] Train-cross-entropy=2.293293
2019-03-23 21:43:57,645 - root - INFO - Epoch[101] Time cost=21.144
2019-03-23 21:43:59,987 - root - INFO - Epoch[101] Validation-accuracy=0.423978
2019-03-23 21:43:59,987 - root - INFO - Epoch[101] Validation-cross-entropy=2.329334
2019-03-23 21:44:21,292 - root - INFO - Epoch[102] Train-accuracy=0.434912
2019-03-23 21:44:21,293 - root - INFO - Epoch[102] Train-cross-entropy=2.293083
2019-03-23 21:44:21,293 - root - INFO - Epoch[102] Time cost=21.306
2019-03-23 21:44:26,037 - root - INFO - Epoch[102] Validation-accuracy=0.424579
2019-03-23 21:44:26,037 - root - INFO - Epoch[102] Validation-cross-entropy=2.327851
2019-03-23 21:44:44,879 - root - INFO - Update[49501]: Change learning rate to 3.09032e-04
2019-03-23 21:44:47,096 - root - INFO - Epoch[103] Train-accuracy=0.434841
2019-03-23 21:44:47,096 - root - INFO - Epoch[103] Train-cross-entropy=2.293211
2019-03-23 21:44:47,096 - root - INFO - Epoch[103] Time cost=21.059
2019-03-23 21:44:50,115 - root - INFO - Epoch[103] Validation-accuracy=0.424233
2019-03-23 21:44:50,115 - root - INFO - Epoch[103] Validation-cross-entropy=2.326381
2019-03-23 21:45:11,288 - root - INFO - Epoch[104] Train-accuracy=0.434808
2019-03-23 21:45:11,289 - root - INFO - Epoch[104] Train-cross-entropy=2.293409
2019-03-23 21:45:11,289 - root - INFO - Epoch[104] Time cost=21.172
2019-03-23 21:45:14,955 - root - INFO - Epoch[104] Validation-accuracy=0.424880
2019-03-23 21:45:14,955 - root - INFO - Epoch[104] Validation-cross-entropy=2.327169
2019-03-23 21:45:36,147 - root - INFO - Epoch[105] Train-accuracy=0.434748
2019-03-23 21:45:36,148 - root - INFO - Epoch[105] Train-cross-entropy=2.293423
2019-03-23 21:45:36,148 - root - INFO - Epoch[105] Time cost=21.192
2019-03-23 21:45:38,488 - root - INFO - Epoch[105] Validation-accuracy=0.424823
2019-03-23 21:45:38,488 - root - INFO - Epoch[105] Validation-cross-entropy=2.325338
2019-03-23 21:45:59,789 - root - INFO - Epoch[106] Train-accuracy=0.434874
2019-03-23 21:45:59,790 - root - INFO - Epoch[106] Train-cross-entropy=2.293204
2019-03-23 21:45:59,790 - root - INFO - Epoch[106] Time cost=21.302
2019-03-23 21:46:03,560 - root - INFO - Epoch[106] Validation-accuracy=0.424279
2019-03-23 21:46:03,560 - root - INFO - Epoch[106] Validation-cross-entropy=2.328824
2019-03-23 21:46:04,465 - root - INFO - Update[51001]: Change learning rate to 2.78128e-04
2019-03-23 21:46:24,740 - root - INFO - Epoch[107] Train-accuracy=0.434716
2019-03-23 21:46:24,740 - root - INFO - Epoch[107] Train-cross-entropy=2.293539
2019-03-23 21:46:24,741 - root - INFO - Epoch[107] Time cost=21.180
2019-03-23 21:46:28,417 - root - INFO - Epoch[107] Validation-accuracy=0.424579
2019-03-23 21:46:28,418 - root - INFO - Epoch[107] Validation-cross-entropy=2.327847
2019-03-23 21:46:49,539 - root - INFO - Epoch[108] Train-accuracy=0.434775
2019-03-23 21:46:49,540 - root - INFO - Epoch[108] Train-cross-entropy=2.293412
2019-03-23 21:46:49,540 - root - INFO - Epoch[108] Time cost=21.122
2019-03-23 21:46:51,817 - root - INFO - Epoch[108] Validation-accuracy=0.424233
2019-03-23 21:46:51,818 - root - INFO - Epoch[108] Validation-cross-entropy=2.326374
2019-03-23 21:47:13,170 - root - INFO - Epoch[109] Train-accuracy=0.434912
2019-03-23 21:47:13,170 - root - INFO - Epoch[109] Train-cross-entropy=2.292952
2019-03-23 21:47:13,172 - root - INFO - Epoch[109] Time cost=21.354
2019-03-23 21:47:15,695 - root - INFO - Epoch[109] Validation-accuracy=0.424880
2019-03-23 21:47:15,696 - root - INFO - Epoch[109] Validation-cross-entropy=2.326737
2019-03-23 21:47:19,606 - root - INFO - Update[52501]: Change learning rate to 2.50316e-04
2019-03-23 21:47:36,891 - root - INFO - Epoch[110] Train-accuracy=0.434677
2019-03-23 21:47:36,892 - root - INFO - Epoch[110] Train-cross-entropy=2.293763
2019-03-23 21:47:36,892 - root - INFO - Epoch[110] Time cost=21.196
2019-03-23 21:47:39,041 - root - INFO - Epoch[110] Validation-accuracy=0.424823
2019-03-23 21:47:39,041 - root - INFO - Epoch[110] Validation-cross-entropy=2.325376
2019-03-23 21:48:00,392 - root - INFO - Epoch[111] Train-accuracy=0.434874
2019-03-23 21:48:00,393 - root - INFO - Epoch[111] Train-cross-entropy=2.293175
2019-03-23 21:48:00,393 - root - INFO - Epoch[111] Time cost=21.352
2019-03-23 21:48:02,581 - root - INFO - Epoch[111] Validation-accuracy=0.424579
2019-03-23 21:48:02,581 - root - INFO - Epoch[111] Validation-cross-entropy=2.327857
2019-03-23 21:48:24,061 - root - INFO - Epoch[112] Train-accuracy=0.434814
2019-03-23 21:48:24,061 - root - INFO - Epoch[112] Train-cross-entropy=2.293188
2019-03-23 21:48:24,062 - root - INFO - Epoch[112] Time cost=21.480
2019-03-23 21:48:28,133 - root - INFO - Epoch[112] Validation-accuracy=0.424579
2019-03-23 21:48:28,134 - root - INFO - Epoch[112] Validation-cross-entropy=2.328297
2019-03-23 21:48:35,301 - root - INFO - Update[54001]: Change learning rate to 2.25284e-04
2019-03-23 21:48:49,345 - root - INFO - Epoch[113] Train-accuracy=0.434808
2019-03-23 21:48:49,345 - root - INFO - Epoch[113] Train-cross-entropy=2.293446
2019-03-23 21:48:49,346 - root - INFO - Epoch[113] Time cost=21.212
2019-03-23 21:48:52,958 - root - INFO - Epoch[113] Validation-accuracy=0.424233
2019-03-23 21:48:52,958 - root - INFO - Epoch[113] Validation-cross-entropy=2.326429
2019-03-23 21:49:14,227 - root - INFO - Epoch[114] Train-accuracy=0.434847
2019-03-23 21:49:14,227 - root - INFO - Epoch[114] Train-cross-entropy=2.293184
2019-03-23 21:49:14,228 - root - INFO - Epoch[114] Time cost=21.269
2019-03-23 21:49:18,772 - root - INFO - Epoch[114] Validation-accuracy=0.424579
2019-03-23 21:49:18,772 - root - INFO - Epoch[114] Validation-cross-entropy=2.327321
2019-03-23 21:49:39,874 - root - INFO - Epoch[115] Train-accuracy=0.434775
2019-03-23 21:49:39,875 - root - INFO - Epoch[115] Train-cross-entropy=2.293459
2019-03-23 21:49:39,875 - root - INFO - Epoch[115] Time cost=21.103
2019-03-23 21:49:42,015 - root - INFO - Epoch[115] Validation-accuracy=0.424528
2019-03-23 21:49:42,015 - root - INFO - Epoch[115] Validation-cross-entropy=2.326099
2019-03-23 21:49:52,403 - root - INFO - Update[55501]: Change learning rate to 2.02756e-04
2019-03-23 21:50:03,396 - root - INFO - Epoch[116] Train-accuracy=0.434748
2019-03-23 21:50:03,396 - root - INFO - Epoch[116] Train-cross-entropy=2.293518
2019-03-23 21:50:03,396 - root - INFO - Epoch[116] Time cost=21.381
2019-03-23 21:50:05,708 - root - INFO - Epoch[116] Validation-accuracy=0.425180
2019-03-23 21:50:05,708 - root - INFO - Epoch[116] Validation-cross-entropy=2.326439
2019-03-23 21:50:27,077 - root - INFO - Epoch[117] Train-accuracy=0.434775
2019-03-23 21:50:27,078 - root - INFO - Epoch[117] Train-cross-entropy=2.293326
2019-03-23 21:50:27,078 - root - INFO - Epoch[117] Time cost=21.370
2019-03-23 21:50:29,327 - root - INFO - Epoch[117] Validation-accuracy=0.423978
2019-03-23 21:50:29,327 - root - INFO - Epoch[117] Validation-cross-entropy=2.329705
2019-03-23 21:50:50,791 - root - INFO - Epoch[118] Train-accuracy=0.434945
2019-03-23 21:50:50,791 - root - INFO - Epoch[118] Train-cross-entropy=2.292993
2019-03-23 21:50:50,791 - root - INFO - Epoch[118] Time cost=21.464
2019-03-23 21:50:52,997 - root - INFO - Epoch[118] Validation-accuracy=0.424823
2019-03-23 21:50:52,997 - root - INFO - Epoch[118] Validation-cross-entropy=2.325208
2019-03-23 21:51:06,588 - root - INFO - Update[57001]: Change learning rate to 1.82480e-04
2019-03-23 21:51:14,345 - root - INFO - Epoch[119] Train-accuracy=0.434775
2019-03-23 21:51:14,345 - root - INFO - Epoch[119] Train-cross-entropy=2.293344
2019-03-23 21:51:14,345 - root - INFO - Epoch[119] Time cost=21.348
2019-03-23 21:51:17,003 - root - INFO - Epoch[119] Validation-accuracy=0.424279
2019-03-23 21:51:17,003 - root - INFO - Epoch[119] Validation-cross-entropy=2.328057
2019-03-23 21:51:38,334 - root - INFO - Epoch[120] Train-accuracy=0.434775
2019-03-23 21:51:38,335 - root - INFO - Epoch[120] Train-cross-entropy=2.293410
2019-03-23 21:51:38,335 - root - INFO - Epoch[120] Time cost=21.332
2019-03-23 21:51:40,670 - root - INFO - Epoch[120] Validation-accuracy=0.424528
2019-03-23 21:51:40,671 - root - INFO - Epoch[120] Validation-cross-entropy=2.325927
2019-03-23 21:52:02,043 - root - INFO - Epoch[121] Train-accuracy=0.434879
2019-03-23 21:52:02,044 - root - INFO - Epoch[121] Train-cross-entropy=2.293062
2019-03-23 21:52:02,044 - root - INFO - Epoch[121] Time cost=21.373
2019-03-23 21:52:07,064 - root - INFO - Epoch[121] Validation-accuracy=0.424880
2019-03-23 21:52:07,064 - root - INFO - Epoch[121] Validation-cross-entropy=2.327113
2019-03-23 21:52:23,597 - root - INFO - Update[58501]: Change learning rate to 1.64232e-04
2019-03-23 21:52:28,148 - root - INFO - Epoch[122] Train-accuracy=0.434775
2019-03-23 21:52:28,149 - root - INFO - Epoch[122] Train-cross-entropy=2.293480
2019-03-23 21:52:28,149 - root - INFO - Epoch[122] Time cost=21.084
2019-03-23 21:52:39,496 - root - INFO - Epoch[122] Validation-accuracy=0.424579
2019-03-23 21:52:39,497 - root - INFO - Epoch[122] Validation-cross-entropy=2.327898
2019-03-23 21:53:00,403 - root - INFO - Epoch[123] Train-accuracy=0.434716
2019-03-23 21:53:00,403 - root - INFO - Epoch[123] Train-cross-entropy=2.293251
2019-03-23 21:53:00,403 - root - INFO - Epoch[123] Time cost=20.905
2019-03-23 21:53:02,748 - root - INFO - Epoch[123] Validation-accuracy=0.424528
2019-03-23 21:53:02,748 - root - INFO - Epoch[123] Validation-cross-entropy=2.326105
2019-03-23 21:53:23,993 - root - INFO - Epoch[124] Train-accuracy=0.434644
2019-03-23 21:53:23,993 - root - INFO - Epoch[124] Train-cross-entropy=2.294101
2019-03-23 21:53:23,994 - root - INFO - Epoch[124] Time cost=21.245
2019-03-23 21:53:26,267 - root - INFO - Epoch[124] Validation-accuracy=0.424579
2019-03-23 21:53:26,267 - root - INFO - Epoch[124] Validation-cross-entropy=2.327415
2019-03-23 21:53:46,159 - root - INFO - Update[60001]: Change learning rate to 1.47809e-04
2019-03-23 21:53:47,578 - root - INFO - Epoch[125] Train-accuracy=0.435043
2019-03-23 21:53:47,579 - root - INFO - Epoch[125] Train-cross-entropy=2.292707
2019-03-23 21:53:47,579 - root - INFO - Epoch[125] Time cost=21.312
2019-03-23 21:53:49,930 - root - INFO - Epoch[125] Validation-accuracy=0.423939
2019-03-23 21:53:49,930 - root - INFO - Epoch[125] Validation-cross-entropy=2.327425
2019-03-23 21:54:11,207 - root - INFO - Epoch[126] Train-accuracy=0.434710
2019-03-23 21:54:11,207 - root - INFO - Epoch[126] Train-cross-entropy=2.293442
2019-03-23 21:54:11,208 - root - INFO - Epoch[126] Time cost=21.277
2019-03-23 21:54:13,468 - root - INFO - Epoch[126] Validation-accuracy=0.425180
2019-03-23 21:54:13,468 - root - INFO - Epoch[126] Validation-cross-entropy=2.326437
2019-03-23 21:54:34,749 - root - INFO - Epoch[127] Train-accuracy=0.434808
2019-03-23 21:54:34,750 - root - INFO - Epoch[127] Train-cross-entropy=2.293357
2019-03-23 21:54:34,750 - root - INFO - Epoch[127] Time cost=21.281
2019-03-23 21:54:36,986 - root - INFO - Epoch[127] Validation-accuracy=0.424880
2019-03-23 21:54:36,987 - root - INFO - Epoch[127] Validation-cross-entropy=2.326788
2019-03-23 21:54:58,546 - root - INFO - Epoch[128] Train-accuracy=0.434847
2019-03-23 21:54:58,546 - root - INFO - Epoch[128] Train-cross-entropy=2.293266
2019-03-23 21:54:58,546 - root - INFO - Epoch[128] Time cost=21.559
2019-03-23 21:55:00,779 - root - INFO - Epoch[128] Validation-accuracy=0.423939
2019-03-23 21:55:00,780 - root - INFO - Epoch[128] Validation-cross-entropy=2.327856
2019-03-23 21:55:02,462 - root - INFO - Update[61501]: Change learning rate to 1.33028e-04
2019-03-23 21:55:22,117 - root - INFO - Epoch[129] Train-accuracy=0.434710
2019-03-23 21:55:22,117 - root - INFO - Epoch[129] Train-cross-entropy=2.293523
2019-03-23 21:55:22,117 - root - INFO - Epoch[129] Time cost=21.338
2019-03-23 21:55:24,418 - root - INFO - Epoch[129] Validation-accuracy=0.424880
2019-03-23 21:55:24,418 - root - INFO - Epoch[129] Validation-cross-entropy=2.326908
2019-03-23 21:55:45,919 - root - INFO - Epoch[130] Train-accuracy=0.434716
2019-03-23 21:55:45,920 - root - INFO - Epoch[130] Train-cross-entropy=2.293564
2019-03-23 21:55:45,920 - root - INFO - Epoch[130] Time cost=21.502
2019-03-23 21:55:48,137 - root - INFO - Epoch[130] Validation-accuracy=0.424233
2019-03-23 21:55:48,137 - root - INFO - Epoch[130] Validation-cross-entropy=2.326421
2019-03-23 21:56:09,515 - root - INFO - Epoch[131] Train-accuracy=0.434808
2019-03-23 21:56:09,516 - root - INFO - Epoch[131] Train-cross-entropy=2.293214
2019-03-23 21:56:09,517 - root - INFO - Epoch[131] Time cost=21.380
2019-03-23 21:56:11,751 - root - INFO - Epoch[131] Validation-accuracy=0.425180
2019-03-23 21:56:11,751 - root - INFO - Epoch[131] Validation-cross-entropy=2.326413
2019-03-23 21:56:16,673 - root - INFO - Update[63001]: Change learning rate to 1.19725e-04
2019-03-23 21:56:33,195 - root - INFO - Epoch[132] Train-accuracy=0.434912
2019-03-23 21:56:33,196 - root - INFO - Epoch[132] Train-cross-entropy=2.293002
2019-03-23 21:56:33,196 - root - INFO - Epoch[132] Time cost=21.444
2019-03-23 21:56:35,512 - root - INFO - Epoch[132] Validation-accuracy=0.424823
2019-03-23 21:56:35,512 - root - INFO - Epoch[132] Validation-cross-entropy=2.325317
2019-03-23 21:56:56,831 - root - INFO - Epoch[133] Train-accuracy=0.434972
2019-03-23 21:56:56,832 - root - INFO - Epoch[133] Train-cross-entropy=2.292984
2019-03-23 21:56:56,832 - root - INFO - Epoch[133] Time cost=21.320
2019-03-23 21:56:59,028 - root - INFO - Epoch[133] Validation-accuracy=0.423978
2019-03-23 21:56:59,029 - root - INFO - Epoch[133] Validation-cross-entropy=2.329313
2019-03-23 21:57:20,392 - root - INFO - Epoch[134] Train-accuracy=0.434552
2019-03-23 21:57:20,392 - root - INFO - Epoch[134] Train-cross-entropy=2.294006
2019-03-23 21:57:20,393 - root - INFO - Epoch[134] Time cost=21.364
2019-03-23 21:57:22,590 - root - INFO - Epoch[134] Validation-accuracy=0.424579
2019-03-23 21:57:22,590 - root - INFO - Epoch[134] Validation-cross-entropy=2.327830
2019-03-23 21:57:30,661 - root - INFO - Update[64501]: Change learning rate to 1.07753e-04
2019-03-23 21:57:43,950 - root - INFO - Epoch[135] Train-accuracy=0.434743
2019-03-23 21:57:43,950 - root - INFO - Epoch[135] Train-cross-entropy=2.293468
2019-03-23 21:57:43,951 - root - INFO - Epoch[135] Time cost=21.360
2019-03-23 21:57:46,213 - root - INFO - Epoch[135] Validation-accuracy=0.424233
2019-03-23 21:57:46,213 - root - INFO - Epoch[135] Validation-cross-entropy=2.326356
2019-03-23 21:58:07,471 - root - INFO - Epoch[136] Train-accuracy=0.435005
2019-03-23 21:58:07,471 - root - INFO - Epoch[136] Train-cross-entropy=2.292756
2019-03-23 21:58:07,472 - root - INFO - Epoch[136] Time cost=21.258
2019-03-23 21:58:09,705 - root - INFO - Epoch[136] Validation-accuracy=0.424880
2019-03-23 21:58:09,705 - root - INFO - Epoch[136] Validation-cross-entropy=2.327145
2019-03-23 21:58:31,101 - root - INFO - Epoch[137] Train-accuracy=0.434814
2019-03-23 21:58:31,102 - root - INFO - Epoch[137] Train-cross-entropy=2.293221
2019-03-23 21:58:31,102 - root - INFO - Epoch[137] Time cost=21.397
2019-03-23 21:58:33,350 - root - INFO - Epoch[137] Validation-accuracy=0.424823
2019-03-23 21:58:33,351 - root - INFO - Epoch[137] Validation-cross-entropy=2.325315
2019-03-23 21:58:44,519 - root - INFO - Update[66001]: Change learning rate to 9.69774e-05
2019-03-23 21:58:54,576 - root - INFO - Epoch[138] Train-accuracy=0.434743
2019-03-23 21:58:54,577 - root - INFO - Epoch[138] Train-cross-entropy=2.293557
2019-03-23 21:58:54,577 - root - INFO - Epoch[138] Time cost=21.226
2019-03-23 21:58:56,788 - root - INFO - Epoch[138] Validation-accuracy=0.424279
2019-03-23 21:58:56,788 - root - INFO - Epoch[138] Validation-cross-entropy=2.328806
2019-03-23 21:59:18,158 - root - INFO - Epoch[139] Train-accuracy=0.434781
2019-03-23 21:59:18,159 - root - INFO - Epoch[139] Train-cross-entropy=2.293370
2019-03-23 21:59:18,159 - root - INFO - Epoch[139] Time cost=21.371
2019-03-23 21:59:20,412 - root - INFO - Epoch[139] Validation-accuracy=0.424579
2019-03-23 21:59:20,413 - root - INFO - Epoch[139] Validation-cross-entropy=2.327828
2019-03-23 21:59:41,594 - root - INFO - Epoch[140] Train-accuracy=0.434874
2019-03-23 21:59:41,594 - root - INFO - Epoch[140] Train-cross-entropy=2.293148
2019-03-23 21:59:41,596 - root - INFO - Epoch[140] Time cost=21.183
2019-03-23 21:59:43,975 - root - INFO - Epoch[140] Validation-accuracy=0.424233
2019-03-23 21:59:43,975 - root - INFO - Epoch[140] Validation-cross-entropy=2.326356
2019-03-23 21:59:58,217 - root - INFO - Update[67501]: Change learning rate to 8.72796e-05
2019-03-23 22:00:05,133 - root - INFO - Epoch[141] Train-accuracy=0.434879
2019-03-23 22:00:05,134 - root - INFO - Epoch[141] Train-cross-entropy=2.293206
2019-03-23 22:00:05,134 - root - INFO - Epoch[141] Time cost=21.158
2019-03-23 22:00:07,528 - root - INFO - Epoch[141] Validation-accuracy=0.424880
2019-03-23 22:00:07,529 - root - INFO - Epoch[141] Validation-cross-entropy=2.326722
2019-03-23 22:00:28,665 - root - INFO - Epoch[142] Train-accuracy=0.434808
2019-03-23 22:00:28,666 - root - INFO - Epoch[142] Train-cross-entropy=2.293230
2019-03-23 22:00:28,666 - root - INFO - Epoch[142] Time cost=21.137
2019-03-23 22:00:30,905 - root - INFO - Epoch[142] Validation-accuracy=0.424823
2019-03-23 22:00:30,906 - root - INFO - Epoch[142] Validation-cross-entropy=2.325361
2019-03-23 22:00:52,113 - root - INFO - Epoch[143] Train-accuracy=0.434677
2019-03-23 22:00:52,113 - root - INFO - Epoch[143] Train-cross-entropy=2.293629
2019-03-23 22:00:52,113 - root - INFO - Epoch[143] Time cost=21.208
2019-03-23 22:00:54,369 - root - INFO - Epoch[143] Validation-accuracy=0.424579
2019-03-23 22:00:54,369 - root - INFO - Epoch[143] Validation-cross-entropy=2.327843
2019-03-23 22:01:12,030 - root - INFO - Update[69001]: Change learning rate to 7.85517e-05
2019-03-23 22:01:15,759 - root - INFO - Epoch[144] Train-accuracy=0.434814
2019-03-23 22:01:15,760 - root - INFO - Epoch[144] Train-cross-entropy=2.293203
2019-03-23 22:01:15,760 - root - INFO - Epoch[144] Time cost=21.390
2019-03-23 22:01:18,044 - root - INFO - Epoch[144] Validation-accuracy=0.424579
2019-03-23 22:01:18,045 - root - INFO - Epoch[144] Validation-cross-entropy=2.328280
2019-03-23 22:01:39,171 - root - INFO - Epoch[145] Train-accuracy=0.434743
2019-03-23 22:01:39,171 - root - INFO - Epoch[145] Train-cross-entropy=2.293566
2019-03-23 22:01:39,172 - root - INFO - Epoch[145] Time cost=21.127
2019-03-23 22:01:41,474 - root - INFO - Epoch[145] Validation-accuracy=0.424233
2019-03-23 22:01:41,474 - root - INFO - Epoch[145] Validation-cross-entropy=2.326415
2019-03-23 22:02:02,643 - root - INFO - Epoch[146] Train-accuracy=0.434912
2019-03-23 22:02:02,643 - root - INFO - Epoch[146] Train-cross-entropy=2.292961
2019-03-23 22:02:02,643 - root - INFO - Epoch[146] Time cost=21.168
2019-03-23 22:02:04,859 - root - INFO - Epoch[146] Validation-accuracy=0.424579
2019-03-23 22:02:04,859 - root - INFO - Epoch[146] Validation-cross-entropy=2.327309
2019-03-23 22:02:25,487 - root - INFO - Update[70501]: Change learning rate to 7.06965e-05
2019-03-23 22:02:26,064 - root - INFO - Epoch[147] Train-accuracy=0.434677
2019-03-23 22:02:26,065 - root - INFO - Epoch[147] Train-cross-entropy=2.293695
2019-03-23 22:02:26,065 - root - INFO - Epoch[147] Time cost=21.205
2019-03-23 22:02:28,302 - root - INFO - Epoch[147] Validation-accuracy=0.424528
2019-03-23 22:02:28,302 - root - INFO - Epoch[147] Validation-cross-entropy=2.326085
2019-03-23 22:02:49,530 - root - INFO - Epoch[148] Train-accuracy=0.434847
2019-03-23 22:02:49,530 - root - INFO - Epoch[148] Train-cross-entropy=2.293079
2019-03-23 22:02:49,530 - root - INFO - Epoch[148] Time cost=21.228
2019-03-23 22:02:51,797 - root - INFO - Epoch[148] Validation-accuracy=0.425180
2019-03-23 22:02:51,798 - root - INFO - Epoch[148] Validation-cross-entropy=2.326429
2019-03-23 22:03:12,932 - root - INFO - Epoch[149] Train-accuracy=0.434907
2019-03-23 22:03:12,932 - root - INFO - Epoch[149] Train-cross-entropy=2.293188
2019-03-23 22:03:12,932 - root - INFO - Epoch[149] Time cost=21.135
2019-03-23 22:03:15,113 - root - INFO - Epoch[149] Validation-accuracy=0.423978
2019-03-23 22:03:15,114 - root - INFO - Epoch[149] Validation-cross-entropy=2.329692
2019-03-23 22:03:36,370 - root - INFO - Epoch[150] Train-accuracy=0.434683
2019-03-23 22:03:36,370 - root - INFO - Epoch[150] Train-cross-entropy=2.293593
2019-03-23 22:03:36,370 - root - INFO - Epoch[150] Time cost=21.256
2019-03-23 22:03:38,853 - root - INFO - Epoch[150] Validation-accuracy=0.424823
2019-03-23 22:03:38,853 - root - INFO - Epoch[150] Validation-cross-entropy=2.325197
2019-03-23 22:03:41,361 - root - INFO - Update[72001]: Change learning rate to 6.36269e-05
2019-03-23 22:04:00,031 - root - INFO - Epoch[151] Train-accuracy=0.434972
2019-03-23 22:04:00,031 - root - INFO - Epoch[151] Train-cross-entropy=2.292955
2019-03-23 22:04:00,031 - root - INFO - Epoch[151] Time cost=21.178
2019-03-23 22:04:02,261 - root - INFO - Epoch[151] Validation-accuracy=0.424279
2019-03-23 22:04:02,261 - root - INFO - Epoch[151] Validation-cross-entropy=2.328046
2019-03-23 22:04:23,386 - root - INFO - Epoch[152] Train-accuracy=0.434677
2019-03-23 22:04:23,387 - root - INFO - Epoch[152] Train-cross-entropy=2.293582
2019-03-23 22:04:23,387 - root - INFO - Epoch[152] Time cost=21.126
2019-03-23 22:04:25,789 - root - INFO - Epoch[152] Validation-accuracy=0.424528
2019-03-23 22:04:25,789 - root - INFO - Epoch[152] Validation-cross-entropy=2.325915
2019-03-23 22:04:46,958 - root - INFO - Epoch[153] Train-accuracy=0.434879
2019-03-23 22:04:46,959 - root - INFO - Epoch[153] Train-cross-entropy=2.293165
2019-03-23 22:04:46,959 - root - INFO - Epoch[153] Time cost=21.170
2019-03-23 22:04:49,233 - root - INFO - Epoch[153] Validation-accuracy=0.424880
2019-03-23 22:04:49,233 - root - INFO - Epoch[153] Validation-cross-entropy=2.327104
2019-03-23 22:04:54,928 - root - INFO - Update[73501]: Change learning rate to 5.72642e-05
2019-03-23 22:05:10,465 - root - INFO - Epoch[154] Train-accuracy=0.434775
2019-03-23 22:05:10,465 - root - INFO - Epoch[154] Train-cross-entropy=2.293400
2019-03-23 22:05:10,466 - root - INFO - Epoch[154] Time cost=21.232
2019-03-23 22:05:12,749 - root - INFO - Epoch[154] Validation-accuracy=0.424579
2019-03-23 22:05:12,749 - root - INFO - Epoch[154] Validation-cross-entropy=2.327887
2019-03-23 22:05:34,003 - root - INFO - Epoch[155] Train-accuracy=0.434814
2019-03-23 22:05:34,004 - root - INFO - Epoch[155] Train-cross-entropy=2.293162
2019-03-23 22:05:34,004 - root - INFO - Epoch[155] Time cost=21.254
2019-03-23 22:05:36,273 - root - INFO - Epoch[155] Validation-accuracy=0.424528
2019-03-23 22:05:36,273 - root - INFO - Epoch[155] Validation-cross-entropy=2.326093
2019-03-23 22:05:57,646 - root - INFO - Epoch[156] Train-accuracy=0.434710
2019-03-23 22:05:57,646 - root - INFO - Epoch[156] Train-cross-entropy=2.293636
2019-03-23 22:05:57,647 - root - INFO - Epoch[156] Time cost=21.374
2019-03-23 22:05:59,959 - root - INFO - Epoch[156] Validation-accuracy=0.424579
2019-03-23 22:05:59,959 - root - INFO - Epoch[156] Validation-cross-entropy=2.327404
2019-03-23 22:06:08,661 - root - INFO - Update[75001]: Change learning rate to 5.15378e-05
2019-03-23 22:06:21,310 - root - INFO - Epoch[157] Train-accuracy=0.434716
2019-03-23 22:06:21,310 - root - INFO - Epoch[157] Train-cross-entropy=2.293594
2019-03-23 22:06:21,311 - root - INFO - Epoch[157] Time cost=21.351
2019-03-23 22:06:23,615 - root - INFO - Epoch[157] Validation-accuracy=0.423939
2019-03-23 22:06:23,615 - root - INFO - Epoch[157] Validation-cross-entropy=2.327410
2019-03-23 22:06:44,910 - root - INFO - Epoch[158] Train-accuracy=0.434940
2019-03-23 22:06:44,911 - root - INFO - Epoch[158] Train-cross-entropy=2.293019
2019-03-23 22:06:44,911 - root - INFO - Epoch[158] Time cost=21.296
2019-03-23 22:06:47,124 - root - INFO - Epoch[158] Validation-accuracy=0.425180
2019-03-23 22:06:47,125 - root - INFO - Epoch[158] Validation-cross-entropy=2.326426
2019-03-23 22:07:08,408 - root - INFO - Epoch[159] Train-accuracy=0.434775
2019-03-23 22:07:08,409 - root - INFO - Epoch[159] Train-cross-entropy=2.293282
2019-03-23 22:07:08,409 - root - INFO - Epoch[159] Time cost=21.284
2019-03-23 22:07:13,135 - root - INFO - Epoch[159] Validation-accuracy=0.424880
2019-03-23 22:07:13,135 - root - INFO - Epoch[159] Validation-cross-entropy=2.326776
2019-03-23 22:07:25,166 - root - INFO - Update[76501]: Change learning rate to 4.63840e-05
2019-03-23 22:07:34,441 - root - INFO - Epoch[160] Train-accuracy=0.434748
2019-03-23 22:07:34,441 - root - INFO - Epoch[160] Train-cross-entropy=2.293385
2019-03-23 22:07:34,441 - root - INFO - Epoch[160] Time cost=21.306
2019-03-23 22:07:36,850 - root - INFO - Epoch[160] Validation-accuracy=0.423939
2019-03-23 22:07:36,850 - root - INFO - Epoch[160] Validation-cross-entropy=2.327842
2019-03-23 22:07:58,133 - root - INFO - Epoch[161] Train-accuracy=0.434907
2019-03-23 22:07:58,134 - root - INFO - Epoch[161] Train-cross-entropy=2.293133
2019-03-23 22:07:58,134 - root - INFO - Epoch[161] Time cost=21.283
2019-03-23 22:08:00,349 - root - INFO - Epoch[161] Validation-accuracy=0.424880
2019-03-23 22:08:00,349 - root - INFO - Epoch[161] Validation-cross-entropy=2.326900
2019-03-23 22:08:21,656 - root - INFO - Epoch[162] Train-accuracy=0.434748
2019-03-23 22:08:21,656 - root - INFO - Epoch[162] Train-cross-entropy=2.293414
2019-03-23 22:08:21,656 - root - INFO - Epoch[162] Time cost=21.307
2019-03-23 22:08:24,008 - root - INFO - Epoch[162] Validation-accuracy=0.424233
2019-03-23 22:08:24,008 - root - INFO - Epoch[162] Validation-cross-entropy=2.326411
2019-03-23 22:08:39,153 - root - INFO - Update[78001]: Change learning rate to 4.17456e-05
2019-03-23 22:08:45,244 - root - INFO - Epoch[163] Train-accuracy=0.434808
2019-03-23 22:08:45,245 - root - INFO - Epoch[163] Train-cross-entropy=2.293320
2019-03-23 22:08:45,245 - root - INFO - Epoch[163] Time cost=21.236
2019-03-23 22:08:47,473 - root - INFO - Epoch[163] Validation-accuracy=0.425180
2019-03-23 22:08:47,473 - root - INFO - Epoch[163] Validation-cross-entropy=2.326403
2019-03-23 22:09:08,809 - root - INFO - Epoch[164] Train-accuracy=0.434748
2019-03-23 22:09:08,810 - root - INFO - Epoch[164] Train-cross-entropy=2.293465
2019-03-23 22:09:08,810 - root - INFO - Epoch[164] Time cost=21.337
2019-03-23 22:09:11,380 - root - INFO - Epoch[164] Validation-accuracy=0.424823
2019-03-23 22:09:11,380 - root - INFO - Epoch[164] Validation-cross-entropy=2.325308
2019-03-23 22:09:32,638 - root - INFO - Epoch[165] Train-accuracy=0.434940
2019-03-23 22:09:32,638 - root - INFO - Epoch[165] Train-cross-entropy=2.292972
2019-03-23 22:09:32,638 - root - INFO - Epoch[165] Time cost=21.258
2019-03-23 22:09:35,131 - root - INFO - Epoch[165] Validation-accuracy=0.423978
2019-03-23 22:09:35,131 - root - INFO - Epoch[165] Validation-cross-entropy=2.329304
2019-03-23 22:09:53,433 - root - INFO - Update[79501]: Change learning rate to 3.75710e-05
2019-03-23 22:09:56,358 - root - INFO - Epoch[166] Train-accuracy=0.434847
2019-03-23 22:09:56,359 - root - INFO - Epoch[166] Train-cross-entropy=2.293163
2019-03-23 22:09:56,359 - root - INFO - Epoch[166] Time cost=21.227
2019-03-23 22:09:58,741 - root - INFO - Epoch[166] Validation-accuracy=0.424579
2019-03-23 22:09:58,742 - root - INFO - Epoch[166] Validation-cross-entropy=2.327823
2019-03-23 22:10:19,950 - root - INFO - Epoch[167] Train-accuracy=0.434710
2019-03-23 22:10:19,950 - root - INFO - Epoch[167] Train-cross-entropy=2.293602
2019-03-23 22:10:19,950 - root - INFO - Epoch[167] Time cost=21.208
2019-03-23 22:10:22,214 - root - INFO - Epoch[167] Validation-accuracy=0.424233
2019-03-23 22:10:22,215 - root - INFO - Epoch[167] Validation-cross-entropy=2.326349
2019-03-23 22:10:43,455 - root - INFO - Epoch[168] Train-accuracy=0.434775
2019-03-23 22:10:43,455 - root - INFO - Epoch[168] Train-cross-entropy=2.293318
2019-03-23 22:10:43,456 - root - INFO - Epoch[168] Time cost=21.240
2019-03-23 22:10:45,677 - root - INFO - Epoch[168] Validation-accuracy=0.424880
2019-03-23 22:10:45,677 - root - INFO - Epoch[168] Validation-cross-entropy=2.327140
2019-03-23 22:11:06,863 - root - INFO - Epoch[169] Train-accuracy=0.434814
2019-03-23 22:11:06,864 - root - INFO - Epoch[169] Train-cross-entropy=2.293249
2019-03-23 22:11:06,864 - root - INFO - Epoch[169] Time cost=21.187
2019-03-23 22:11:09,109 - root - INFO - Epoch[169] Validation-accuracy=0.424823
2019-03-23 22:11:09,109 - root - INFO - Epoch[169] Validation-cross-entropy=2.325309
2019-03-23 22:11:09,317 - root - INFO - Update[81001]: Change learning rate to 3.38139e-05
2019-03-23 22:11:30,371 - root - INFO - Epoch[170] Train-accuracy=0.434907
2019-03-23 22:11:30,371 - root - INFO - Epoch[170] Train-cross-entropy=2.293124
2019-03-23 22:11:30,371 - root - INFO - Epoch[170] Time cost=21.261
2019-03-23 22:11:32,732 - root - INFO - Epoch[170] Validation-accuracy=0.424279
2019-03-23 22:11:32,732 - root - INFO - Epoch[170] Validation-cross-entropy=2.328800
2019-03-23 22:11:54,003 - root - INFO - Epoch[171] Train-accuracy=0.434683
2019-03-23 22:11:54,004 - root - INFO - Epoch[171] Train-cross-entropy=2.293679
2019-03-23 22:11:54,004 - root - INFO - Epoch[171] Time cost=21.272
2019-03-23 22:11:56,267 - root - INFO - Epoch[171] Validation-accuracy=0.424579
2019-03-23 22:11:56,268 - root - INFO - Epoch[171] Validation-cross-entropy=2.327823
2019-03-23 22:12:17,480 - root - INFO - Epoch[172] Train-accuracy=0.434743
2019-03-23 22:12:17,481 - root - INFO - Epoch[172] Train-cross-entropy=2.293333
2019-03-23 22:12:17,481 - root - INFO - Epoch[172] Time cost=21.213
2019-03-23 22:12:19,814 - root - INFO - Epoch[172] Validation-accuracy=0.424233
2019-03-23 22:12:19,814 - root - INFO - Epoch[172] Validation-cross-entropy=2.326349
2019-03-23 22:12:23,150 - root - INFO - Update[82501]: Change learning rate to 3.04325e-05
2019-03-23 22:12:41,124 - root - INFO - Epoch[173] Train-accuracy=0.434814
2019-03-23 22:12:41,125 - root - INFO - Epoch[173] Train-cross-entropy=2.293288
2019-03-23 22:12:41,125 - root - INFO - Epoch[173] Time cost=21.311
2019-03-23 22:12:43,351 - root - INFO - Epoch[173] Validation-accuracy=0.424880
2019-03-23 22:12:43,351 - root - INFO - Epoch[173] Validation-cross-entropy=2.326717
2019-03-23 22:13:04,623 - root - INFO - Epoch[174] Train-accuracy=0.434775
2019-03-23 22:13:04,624 - root - INFO - Epoch[174] Train-cross-entropy=2.293416
2019-03-23 22:13:04,624 - root - INFO - Epoch[174] Time cost=21.273
2019-03-23 22:13:06,860 - root - INFO - Epoch[174] Validation-accuracy=0.424823
2019-03-23 22:13:06,860 - root - INFO - Epoch[174] Validation-cross-entropy=2.325356
2019-03-23 22:13:28,188 - root - INFO - Epoch[175] Train-accuracy=0.434874
2019-03-23 22:13:28,188 - root - INFO - Epoch[175] Train-cross-entropy=2.293172
2019-03-23 22:13:28,188 - root - INFO - Epoch[175] Time cost=21.328
2019-03-23 22:13:30,441 - root - INFO - Epoch[175] Validation-accuracy=0.424579
2019-03-23 22:13:30,441 - root - INFO - Epoch[175] Validation-cross-entropy=2.327838
2019-03-23 22:13:37,075 - root - INFO - Update[84001]: Change learning rate to 2.73893e-05
2019-03-23 22:13:51,871 - root - INFO - Epoch[176] Train-accuracy=0.434912
2019-03-23 22:13:51,872 - root - INFO - Epoch[176] Train-cross-entropy=2.293129
2019-03-23 22:13:51,872 - root - INFO - Epoch[176] Time cost=21.431
2019-03-23 22:13:56,814 - root - INFO - Epoch[176] Validation-accuracy=0.424579
2019-03-23 22:13:56,814 - root - INFO - Epoch[176] Validation-cross-entropy=2.328275
2019-03-23 22:14:18,014 - root - INFO - Epoch[177] Train-accuracy=0.434710
2019-03-23 22:14:18,014 - root - INFO - Epoch[177] Train-cross-entropy=2.293497
2019-03-23 22:14:18,014 - root - INFO - Epoch[177] Time cost=21.200
2019-03-23 22:14:20,356 - root - INFO - Epoch[177] Validation-accuracy=0.424233
2019-03-23 22:14:20,356 - root - INFO - Epoch[177] Validation-cross-entropy=2.326409
2019-03-23 22:14:41,753 - root - INFO - Epoch[178] Train-accuracy=0.434716
2019-03-23 22:14:41,753 - root - INFO - Epoch[178] Train-cross-entropy=2.293508
2019-03-23 22:14:41,754 - root - INFO - Epoch[178] Time cost=21.398
2019-03-23 22:14:44,099 - root - INFO - Epoch[178] Validation-accuracy=0.424579
2019-03-23 22:14:44,099 - root - INFO - Epoch[178] Validation-cross-entropy=2.327304
2019-03-23 22:14:53,801 - root - INFO - Update[85501]: Change learning rate to 2.46503e-05
2019-03-23 22:15:05,438 - root - INFO - Epoch[179] Train-accuracy=0.434874
2019-03-23 22:15:05,438 - root - INFO - Epoch[179] Train-cross-entropy=2.293123
2019-03-23 22:15:05,438 - root - INFO - Epoch[179] Time cost=21.339
2019-03-23 22:15:07,699 - root - INFO - Epoch[179] Validation-accuracy=0.424528
2019-03-23 22:15:07,700 - root - INFO - Epoch[179] Validation-cross-entropy=2.326078
2019-03-23 22:15:29,009 - root - INFO - Epoch[180] Train-accuracy=0.434814
2019-03-23 22:15:29,009 - root - INFO - Epoch[180] Train-cross-entropy=2.293313
2019-03-23 22:15:29,009 - root - INFO - Epoch[180] Time cost=21.309
2019-03-23 22:15:31,356 - root - INFO - Epoch[180] Validation-accuracy=0.425180
2019-03-23 22:15:31,357 - root - INFO - Epoch[180] Validation-cross-entropy=2.326424
2019-03-23 22:15:52,583 - root - INFO - Epoch[181] Train-accuracy=0.434775
2019-03-23 22:15:52,584 - root - INFO - Epoch[181] Train-cross-entropy=2.293366
2019-03-23 22:15:52,584 - root - INFO - Epoch[181] Time cost=21.227
2019-03-23 22:15:54,825 - root - INFO - Epoch[181] Validation-accuracy=0.423978
2019-03-23 22:15:54,825 - root - INFO - Epoch[181] Validation-cross-entropy=2.329686
2019-03-23 22:16:07,681 - root - INFO - Update[87001]: Change learning rate to 2.21853e-05
2019-03-23 22:16:16,205 - root - INFO - Epoch[182] Train-accuracy=0.434945
2019-03-23 22:16:16,205 - root - INFO - Epoch[182] Train-cross-entropy=2.292781
2019-03-23 22:16:16,206 - root - INFO - Epoch[182] Time cost=21.380
2019-03-23 22:16:18,519 - root - INFO - Epoch[182] Validation-accuracy=0.424823
2019-03-23 22:16:18,519 - root - INFO - Epoch[182] Validation-cross-entropy=2.325191
2019-03-23 22:16:39,730 - root - INFO - Epoch[183] Train-accuracy=0.434710
2019-03-23 22:16:39,730 - root - INFO - Epoch[183] Train-cross-entropy=2.293792
2019-03-23 22:16:39,730 - root - INFO - Epoch[183] Time cost=21.211
2019-03-23 22:16:41,999 - root - INFO - Epoch[183] Validation-accuracy=0.424279
2019-03-23 22:16:42,000 - root - INFO - Epoch[183] Validation-cross-entropy=2.328041
2019-03-23 22:17:03,266 - root - INFO - Epoch[184] Train-accuracy=0.434743
2019-03-23 22:17:03,267 - root - INFO - Epoch[184] Train-cross-entropy=2.293409
2019-03-23 22:17:03,267 - root - INFO - Epoch[184] Time cost=21.267
2019-03-23 22:17:05,484 - root - INFO - Epoch[184] Validation-accuracy=0.424528
2019-03-23 22:17:05,484 - root - INFO - Epoch[184] Validation-cross-entropy=2.325909
2019-03-23 22:17:21,481 - root - INFO - Update[88501]: Change learning rate to 1.99668e-05
2019-03-23 22:17:26,738 - root - INFO - Epoch[185] Train-accuracy=0.434781
2019-03-23 22:17:26,738 - root - INFO - Epoch[185] Train-cross-entropy=2.293316
2019-03-23 22:17:26,740 - root - INFO - Epoch[185] Time cost=21.256
2019-03-23 22:17:32,459 - root - INFO - Epoch[185] Validation-accuracy=0.424880
2019-03-23 22:17:32,459 - root - INFO - Epoch[185] Validation-cross-entropy=2.327099
2019-03-23 22:17:53,434 - root - INFO - Epoch[186] Train-accuracy=0.434743
2019-03-23 22:17:53,435 - root - INFO - Epoch[186] Train-cross-entropy=2.293518
2019-03-23 22:17:53,435 - root - INFO - Epoch[186] Time cost=20.975
2019-03-23 22:17:56,284 - root - INFO - Epoch[186] Validation-accuracy=0.424579
2019-03-23 22:17:56,285 - root - INFO - Epoch[186] Validation-cross-entropy=2.327883
2019-03-23 22:18:17,592 - root - INFO - Epoch[187] Train-accuracy=0.434814
2019-03-23 22:18:17,593 - root - INFO - Epoch[187] Train-cross-entropy=2.293174
2019-03-23 22:18:17,593 - root - INFO - Epoch[187] Time cost=21.308
2019-03-23 22:18:19,834 - root - INFO - Epoch[187] Validation-accuracy=0.424528
2019-03-23 22:18:19,834 - root - INFO - Epoch[187] Validation-cross-entropy=2.326090
2019-03-23 22:18:38,940 - root - INFO - Update[90001]: Change learning rate to 1.79701e-05
2019-03-23 22:18:41,069 - root - INFO - Epoch[188] Train-accuracy=0.434808
2019-03-23 22:18:41,069 - root - INFO - Epoch[188] Train-cross-entropy=2.293339
2019-03-23 22:18:41,069 - root - INFO - Epoch[188] Time cost=21.235
2019-03-23 22:18:43,438 - root - INFO - Epoch[188] Validation-accuracy=0.424579
2019-03-23 22:18:43,438 - root - INFO - Epoch[188] Validation-cross-entropy=2.327401
2019-03-23 22:19:04,699 - root - INFO - Epoch[189] Train-accuracy=0.434912
2019-03-23 22:19:04,700 - root - INFO - Epoch[189] Train-cross-entropy=2.292977
2019-03-23 22:19:04,700 - root - INFO - Epoch[189] Time cost=21.261
2019-03-23 22:19:06,972 - root - INFO - Epoch[189] Validation-accuracy=0.423939
2019-03-23 22:19:06,973 - root - INFO - Epoch[189] Validation-cross-entropy=2.327408
2019-03-23 22:19:28,165 - root - INFO - Epoch[190] Train-accuracy=0.434677
2019-03-23 22:19:28,165 - root - INFO - Epoch[190] Train-cross-entropy=2.293799
2019-03-23 22:19:28,165 - root - INFO - Epoch[190] Time cost=21.193
2019-03-23 22:19:30,351 - root - INFO - Epoch[190] Validation-accuracy=0.425180
2019-03-23 22:19:30,351 - root - INFO - Epoch[190] Validation-cross-entropy=2.326424
2019-03-23 22:19:51,617 - root - INFO - Epoch[191] Train-accuracy=0.434907
2019-03-23 22:19:51,618 - root - INFO - Epoch[191] Train-cross-entropy=2.292971
2019-03-23 22:19:51,618 - root - INFO - Epoch[191] Time cost=21.267
2019-03-23 22:19:53,936 - root - INFO - Epoch[191] Validation-accuracy=0.424880
2019-03-23 22:19:53,936 - root - INFO - Epoch[191] Validation-cross-entropy=2.326774
2019-03-23 22:19:55,140 - root - INFO - Update[91501]: Change learning rate to 1.61731e-05
2019-03-23 22:20:15,335 - root - INFO - Epoch[192] Train-accuracy=0.434683
2019-03-23 22:20:15,336 - root - INFO - Epoch[192] Train-cross-entropy=2.293565
2019-03-23 22:20:15,336 - root - INFO - Epoch[192] Time cost=21.400
2019-03-23 22:20:22,236 - root - INFO - Epoch[192] Validation-accuracy=0.423939
2019-03-23 22:20:22,236 - root - INFO - Epoch[192] Validation-cross-entropy=2.327840
2019-03-23 22:20:43,268 - root - INFO - Epoch[193] Train-accuracy=0.435005
2019-03-23 22:20:43,268 - root - INFO - Epoch[193] Train-cross-entropy=2.292868
2019-03-23 22:20:43,268 - root - INFO - Epoch[193] Time cost=21.032
2019-03-23 22:20:48,902 - root - INFO - Epoch[193] Validation-accuracy=0.424880
2019-03-23 22:20:48,902 - root - INFO - Epoch[193] Validation-cross-entropy=2.326897
2019-03-23 22:21:09,974 - root - INFO - Epoch[194] Train-accuracy=0.434716
2019-03-23 22:21:09,975 - root - INFO - Epoch[194] Train-cross-entropy=2.293445
2019-03-23 22:21:09,975 - root - INFO - Epoch[194] Time cost=21.073
2019-03-23 22:21:12,314 - root - INFO - Epoch[194] Validation-accuracy=0.424233
2019-03-23 22:21:12,315 - root - INFO - Epoch[194] Validation-cross-entropy=2.326408
2019-03-23 22:21:16,484 - root - INFO - Update[93001]: Change learning rate to 1.45558e-05
2019-03-23 22:21:33,594 - root - INFO - Epoch[195] Train-accuracy=0.434874
2019-03-23 22:21:33,594 - root - INFO - Epoch[195] Train-cross-entropy=2.293186
2019-03-23 22:21:33,595 - root - INFO - Epoch[195] Time cost=21.280
2019-03-23 22:21:36,061 - root - INFO - Epoch[195] Validation-accuracy=0.425180
2019-03-23 22:21:36,062 - root - INFO - Epoch[195] Validation-cross-entropy=2.326401
2019-03-23 22:21:57,266 - root - INFO - Epoch[196] Train-accuracy=0.434781
2019-03-23 22:21:57,266 - root - INFO - Epoch[196] Train-cross-entropy=2.293314
2019-03-23 22:21:57,268 - root - INFO - Epoch[196] Time cost=21.206
2019-03-23 22:22:01,804 - root - INFO - Epoch[196] Validation-accuracy=0.424823
2019-03-23 22:22:01,804 - root - INFO - Epoch[196] Validation-cross-entropy=2.325306
2019-03-23 22:22:22,895 - root - INFO - Epoch[197] Train-accuracy=0.434775
2019-03-23 22:22:22,896 - root - INFO - Epoch[197] Train-cross-entropy=2.293485
2019-03-23 22:22:22,896 - root - INFO - Epoch[197] Time cost=21.092
2019-03-23 22:22:25,214 - root - INFO - Epoch[197] Validation-accuracy=0.423978
2019-03-23 22:22:25,214 - root - INFO - Epoch[197] Validation-cross-entropy=2.329302
2019-03-23 22:22:32,568 - root - INFO - Update[94501]: Change learning rate to 1.31002e-05
2019-03-23 22:22:46,527 - root - INFO - Epoch[198] Train-accuracy=0.434519
2019-03-23 22:22:46,528 - root - INFO - Epoch[198] Train-cross-entropy=2.293981
2019-03-23 22:22:46,528 - root - INFO - Epoch[198] Time cost=21.313
2019-03-23 22:22:48,776 - root - INFO - Epoch[198] Validation-accuracy=0.424579
2019-03-23 22:22:48,776 - root - INFO - Epoch[198] Validation-cross-entropy=2.327820
2019-03-23 22:23:10,027 - root - INFO - Epoch[199] Train-accuracy=0.434972
2019-03-23 22:23:10,028 - root - INFO - Epoch[199] Train-cross-entropy=2.292938
2019-03-23 22:23:10,028 - root - INFO - Epoch[199] Time cost=21.251
2019-03-23 22:23:11,487 - root - INFO - Saved checkpoint to "../params/PascalVOC_AlexNet-0200.params"
2019-03-23 22:23:12,553 - root - INFO - Epoch[199] Validation-accuracy=0.424233
2019-03-23 22:23:12,553 - root - INFO - Epoch[199] Validation-cross-entropy=2.326347
